==========================================================================================
  2012 AL MVP: THE MOST CONTROVERSIAL AWARD RACE IN MODERN BASEBALL
==========================================================================================

Rank  Player                BRAVS  ErStd  WAReq            90% CI   fWAR
------------------------------------------------------------------------------------------
  1.  Trout                  13.9   13.2    8.6  [ 11.4,  16.5]     10.8
  2.  Cabrera                13.5   12.9    8.4  [ 10.9,  16.1]      7.1
  3.  Beltre                 11.2   11.1    7.0  [  8.8,  13.7]      8.4
  4.  Cano                    9.2    9.1    5.7  [  6.7,  11.6]      8.0
  5.  Hamilton                5.4    5.3    3.3  [  2.8,   8.1]      4.3

==========================================================================================
  CABRERA vs TROUT: COMPONENT-BY-COMPONENT
==========================================================================================

Component                CABRERA     TROUT       GAP    WINNER
--------------------------------------------------------------
  approach_quality          -0.8      -1.2      +0.3      PUSH
  baserunning               -5.7      +7.5     -13.2       TRO
  durability                +1.9      -5.0      +6.9       CAB
  fielding                  -5.1      +2.4      -7.5       TRO
  hitting                  +80.0     +68.7     +11.3       CAB
  leverage                  +2.1      +2.4      -0.3      PUSH
  positional                +2.7      +2.3      +0.4      PUSH
                        --------  --------  --------
  TOTAL RUNS               +76.0     +78.0      -2.1
  BRAVS (wins)              13.5      13.9      -0.5

==========================================================================================
  POSTERIOR PROBABILITY ANALYSIS
==========================================================================================

  P(Cabrera > Trout) = 0.0%
  P(Trout > Cabrera) = 100.0%

  Cabrera: 13.5 BRAVS [10.9, 16.1]
  Trout:   13.9 BRAVS [11.4, 16.5]
  CI overlap: [11.4, 16.1] = 4.7 wins of shared range

==========================================================================================
  WHY BRAVS AND fWAR DISAGREE
==========================================================================================

  fWAR says:  Trout 10.8, Cabrera 7.1  (Trout by 3.7 wins)
  BRAVS says: Cabrera 13.5, Trout 13.9  (Cabrera by -0.5 wins)

  The ~5 win swing between BRAVS and fWAR comes from:

  1. DEFENSE (the big one)
     fWAR: Trout +8.3 fielding runs, Cabrera -8.0 = 16.3-run gap for Trout
     BRAVS: Trout +2.4, Cabrera -5.1 = 7.5-run gap

     BRAVS heavily regresses defensive metrics through Bayesian shrinkage.
     With UZR and DRS available but no OAA (Statcast didn't exist in 2012),
     and knowing these metrics have ~0.4 year-over-year correlation, BRAVS
     refuses to give Trout full credit for one good defensive season or
     penalize Cabrera fully for one bad one. This alone accounts for ~16
     runs of the disagreement.

     WHO'S RIGHT? fWAR takes the defensive numbers at face value. BRAVS
     says "these numbers are probably directionally correct but overstated."
     The truth is probably in between. Trout WAS a better defender, but
     maybe +5 runs better, not +16.

  2. HITTING (+11.3 runs for Cabrera)
     Cabrera: +80.0 runs (.330/.393/.606 in 697 PA)
     Trout:   +68.7 runs (.326/.399/.564 in 639 PA)

     Cabrera's Triple Crown was real. His .999 OPS in 58 more PA creates
     a genuine hitting advantage. Trout had a higher OBP (.399 vs .393)
     but Cabrera's slugging (.606 vs .564) more than compensates. This
     is a component where BRAVS and fWAR roughly agree.

  3. DURABILITY (+6.9 runs for Cabrera)
     Cabrera: +1.9 runs (161 games, basically full season)
     Trout:   -5.0 runs (139 games, called up April 28)

     Trout missed 23 games because the Angels started the year with him
     in the minors. BRAVS penalizes this — his team needed a FAT-level
     replacement for those games. This is philosophically defensible
     (availability has value) but feels punitive for a 20-year-old who
     wasn't given the job from day one.

  4. BASERUNNING (+13.2 runs for Trout)
     Trout:   +7.5 runs (49 SB, 5 CS, 7 GIDP)
     Cabrera: -5.7 runs (4 SB, 1 CS, 28 GIDP)

     This is Trout's clearest edge. 49 stolen bases at an 91% success
     rate is elite. Cabrera's 28 GIDP is brutal. Both metrics agree
     this is a ~13-run swing for Trout.

  5. POSITIONAL VALUE (push: +2.7 vs +2.3)
     Both 3B and CF get +2.5 runs per 162 games in the Tango scale.
     Essentially a wash. fWAR has CF slightly higher, giving Trout
     a small edge there.

==========================================================================================
  THE VERDICT
==========================================================================================

  BRAVS: Cabrera 13.5 > Trout 13.9 by -0.5 wins
  fWAR:  Trout 10.8 > Cabrera 7.1 by 3.7 wins
  bWAR:  Trout 10.9 > Cabrera 6.9 by 4.0 wins

  But P(Cabrera > Trout) = 0% — this is NOT a slam dunk.

  The 2012 AL MVP was genuinely one of the closest and most interesting
  value debates in baseball history. It comes down to a single question:

    HOW MUCH DO YOU TRUST SINGLE-SEASON DEFENSIVE METRICS?

  If you trust UZR/DRS at face value: Trout wins easily (fWAR's answer).
  If you're skeptical of defensive metrics: Cabrera wins (BRAVS's answer).
  If you think the truth is in between: it's a coin flip.

  What BRAVS adds to this debate is HONESTY ABOUT UNCERTAINTY. The 90%
  credible intervals overlap by 4.7 wins. Neither answer is
  confident. The voters picked Cabrera. WAR says Trout. BRAVS says
  "these are really close and anyone who tells you it's obvious is
  overstating their confidence in defensive measurement."

  That's the whole point of building a probabilistic metric.

