===============================================================================================
  ACTIVE PLAYERS: WHO'S ALREADY A HALL OF FAMER?
  Career BRAVS analysis using Rust engine
===============================================================================================

  Computed: Aaron Judge (11 seasons, 48.2 WAR-eq)
  Computed: Mookie Betts (13 seasons, 48.5 WAR-eq)
  Computed: Shohei Ohtani (9 seasons, 55.0 WAR-eq)
  Computed: Mike Trout (16 seasons, 67.6 WAR-eq)
  Computed: Freddie Freeman (14 seasons, 46.5 WAR-eq)
  Computed: Jose Ramirez (8 seasons, 21.6 WAR-eq)
  Computed: Bryce Harper (15 seasons, 50.6 WAR-eq)
  Computed: Jose Altuve (13 seasons, 29.6 WAR-eq)
  Computed: Francisco Lindor (12 seasons, 48.6 WAR-eq)
  Computed: Manny Machado (12 seasons, 47.8 WAR-eq)
  Computed: Juan Soto (9 seasons, 43.4 WAR-eq)
  Computed: Giancarlo Stanton (17 seasons, 25.3 WAR-eq)
  Computed: Nolan Arenado (11 seasons, -4.3 WAR-eq)
  Computed: Corey Seager (10 seasons, -1.1 WAR-eq)
  Computed: Trea Turner (12 seasons, 27.0 WAR-eq)
  Computed: Paul Goldschmidt (12 seasons, 17.3 WAR-eq)
  Computed: Xander Bogaerts (12 seasons, 26.7 WAR-eq)
  Computed: Ronald Acuna Jr. (8 seasons, 4.2 WAR-eq)
  Computed: J.T. Realmuto (14 seasons, 24.5 WAR-eq)
  Computed: Bobby Witt Jr. (7 seasons, 18.8 WAR-eq)
  Computed: Max Scherzer (11 seasons, 18.4 WAR-eq)
  Computed: Clayton Kershaw (18 seasons, 76.5 WAR-eq)
  Computed: Justin Verlander (19 seasons, 74.6 WAR-eq)
  Computed: Zack Greinke (19 seasons, 69.5 WAR-eq)
  Computed: Chris Sale (15 seasons, 57.2 WAR-eq)
  Computed: Corbin Burnes (10 seasons, 20.9 WAR-eq)
  Computed: Jacob deGrom (12 seasons, 38.2 WAR-eq)
  Computed: Gerrit Cole (10 seasons, 12.2 WAR-eq)

===============================================================================================
  Rank Player                 AgePos   Yrs Games   HR   BRAVS  WAR-eq   Peak    Pk5  Verdict
-----------------------------------------------------------------------------------------------
  1    Clayton Kershaw         38P      18   464    1   134.0    76.5   15.9   70.1  LOCK
  2    Justin Verlander        43P      19   554    0   130.9    74.6   12.4   58.7  LOCK
  3    Zack Greinke            43P      19   591    8   122.0    69.5   13.2   55.5  LOCK
  4    Mike Trout              35RF     16  1660  406   118.6    67.6   18.0   79.5  LOCK
  5    Chris Sale              37P      15   394    0   100.3    57.2   12.0   56.8  LOCK
  6    Shohei Ohtani           32TWP     9  1045  283    96.4    55.0   19.7   86.4  LOCK
  7    Bryce Harper            341B     15  1797  365    88.8    50.6   16.8   53.3  STRONG
  8    Francisco Lindor        33SS     12  1547  279    85.0    48.6   12.2   51.6  STRONG
  9    Mookie Betts            34SS     13  1539  293    85.5    48.5   13.9   54.8  STRONG
  10   Aaron Judge             34RF     11  1156  371    84.4    48.2   19.8   77.9  STRONG
  11   Manny Machado           36P      12   320    3    83.9    47.8   11.2   51.7  STRONG
  12   Freddie Freeman         353B     14  1798  353    81.2    46.5   11.5   54.3  STRONG
  13   Juan Soto               28RF      9  1104  245    76.2    43.4   13.6   57.7  BORDERLINE
  14   Jacob deGrom            38P      12   260    3    66.7    38.2   14.0   48.8  BORDERLINE
  15   Jose Altuve             413B     13  1384  279    51.7    29.6   13.9   57.3  NEEDS MORE
  16   Trea Turner             32SS     12  1264  201    47.5    27.0    9.7   35.7  NEEDS MORE
  17   Xander Bogaerts         32SS     12  1143  224    47.3    26.7   10.9   41.0  NEEDS MORE
  18   Giancarlo Stanton       37DH     17  1736  454    44.3    25.3   11.7   43.4  NEEDS MORE
  19   J.T. Realmuto           39DH     14  1642  331    43.4    24.5   12.2   41.8  NOT YET
  20   Jose Ramirez            321B      8  1020  265    38.0    21.6    8.5   32.5  NOT YET
  21   Corbin Burnes           31LF     10  1168  226    36.8    20.9   11.5   34.6  NOT YET
  22   Bobby Witt Jr.          30P       7   140    0    33.3    18.8   11.5   33.1  NOT YET
  23   Max Scherzer            34DH     11  1054  184    32.3    18.4   13.0   51.2  NOT YET
  24   Paul Goldschmidt        363B     12  1173  158    30.7    17.3   11.8   48.2  NOT YET
  25   Gerrit Cole             32P      10   200    0    21.4    12.2    9.5   29.0  NOT YET
  26   Ronald Acuna Jr.        33LF      8   875  129     7.1     4.2    2.8    9.5  NOT YET
  27   Corey Seager            33LF     10   939  208    -2.0    -1.1    6.7   19.0  NOT YET
  28   Nolan Arenado           382B     11  1025   18    -7.5    -4.3    6.8   16.7  NOT YET

===============================================================================================
  HOF TIERS (by career WAR-equivalent)
===============================================================================================

  LOCK (55+ WAR-eq): Clayton Kershaw, Justin Verlander, Zack Greinke, Mike Trout, Chris Sale, Shohei Ohtani
    First-ballot certainties. Already accumulated enough value
    that the remaining career is just padding the margin.

  STRONG CASE (45-55 WAR-eq): Bryce Harper, Francisco Lindor, Mookie Betts, Aaron Judge, Manny Machado, Freddie Freeman
    Very likely HOFers. A few more good seasons seals it.
    Even if they retired today, the case is compelling.

  BORDERLINE (35-45 WAR-eq): Juan Soto, Jacob deGrom
    Could go either way. Need either a strong finish or
    memorable narrative moments (championships, milestones).

  NEEDS MORE (25-35 WAR-eq): Jose Altuve, Trea Turner, Xander Bogaerts, Giancarlo Stanton
    On the trajectory but not there yet. Need 3-5 more
    productive seasons to build a real case.

  NOT YET (<25 WAR-eq): J.T. Realmuto, Jose Ramirez, Corbin Burnes, Bobby Witt Jr., Max Scherzer, Paul Goldschmidt, Gerrit Cole, Ronald Acuna Jr., Corey Seager, Nolan Arenado
    Too early in career or insufficient peak. Could still
    get there with sustained excellence.

  THRESHOLDS (approximate, from HOF classifier):
    55+ WAR-eq = clear first-ballot
    45-55 = strong case, likely in
    35-45 = borderline, needs narrative
    25-35 = Hall of Very Good
    <25 = not enough yet

