

##########################################################################################
  1. 2017 AL MVP RACE: JUDGE vs ALTUVE
##########################################################################################

  2017 AL MVP
  Rank Player                  Pos   WAR-eq  BRAVS   HR   SB
  ------------------------------------------------------------
  1    Charlie Blackmon        CF      11.5   17.7   37   14
  2    Aaron Judge             RF       8.1   12.4   52    9
  3    Nolan Arenado           3B       8.0   12.3   37    3
  4    Jose Ramirez            3B       7.7   11.8   29   17
  5    Joey Votto              1B       7.6   11.7   36    5
  6    Jose Altuve             2B       7.5   11.6   24   32
  7    Kris Bryant             3B       7.5   11.5   29    7
  8    Giancarlo Stanton       RF       6.7   10.3   59    2
  9    Mike Trout              CF       6.7   10.3   33   22
  10   Zack Cozart             SS       6.3    9.7   24    3

  Judge:  8.1 WAR-eq  (hitting: +80.1, BR: -1.0, pos: -4.7)
  Altuve: 7.5 WAR-eq  (hitting: +67.7, BR: +2.0, pos: +2.8)


##########################################################################################
  2. 2016 AL CY YOUNG: PORCELLO vs VERLANDER vs KLUBER vs SALE
##########################################################################################

  2016 AL Cy Young
  Rank Player                  Pos   WAR-eq  BRAVS   HR   SB
  ------------------------------------------------------------
  1    Noah Syndergaard        P        7.2   11.1    3    0
  2    Jose Fernandez          P        7.0   10.8    0    0
  3    Clayton Kershaw         P        6.4    9.9    0    0
  4    Madison Bumgarner       P        6.3    9.7    3    0
  5    Johnny Cueto            P        6.1    9.4    0    0
  6    Max Scherzer            P        5.9    9.1    0    0
  7    Corey Kluber            P        5.8    8.9    0    0
  8    Rick Porcello           P        5.7    8.7    0    0
  9    Chris Sale              P        5.5    8.5    0    0
  10   Justin Verlander        P        5.5    8.5    0    0


##########################################################################################
  3. 2012 AL MVP: CABRERA (TRIPLE CROWN) vs TROUT
##########################################################################################

  2012 AL MVP
  Rank Player                  Pos   WAR-eq  BRAVS   HR   SB
  ------------------------------------------------------------
  1    Mike Trout              CF      10.0   15.4   30   49
  2    Andrew McCutchen        CF       8.7   13.4   31   20
  3    Angel Pagan             CF       7.6   11.6    8   29
  4    Miguel Cabrera          3B       7.5   11.5   44    4
  5    Buster Posey            C        7.5   11.5   24    1
  6    Ryan Braun              LF       7.5   11.5   41   30
  7    Aaron Hill              2B       7.4   11.4   26   14
  8    Austin Jackson          CF       7.4   11.3   16   12
  9    Chase Headley           3B       7.3   11.2   31   17
  10   Dexter Fowler           CF       7.2   11.1   13   12

  Cabrera: 7.5 WAR-eq  (hit: +72.7, BR: -12.3, fld: +1.1, pos: +2.0)
  Trout:   10.0 WAR-eq  (hit: +66.1, BR: +18.5, fld: +2.5, pos: +2.6)


##########################################################################################
  4. 1941 AL MVP: TED WILLIAMS (.406) vs JOE DiMAGGIO (56-GAME STREAK)
##########################################################################################

  1941 AL MVP
  Rank Player                  Pos   WAR-eq  BRAVS   HR   SB
  ------------------------------------------------------------
  1    Ted Williams            LF      12.9   19.9   37    2
  2    Joe DiMaggio            CF      11.8   18.2   30    4
  3    Cecil Travis            SS      11.4   17.6    7    2
  4    Jeff Heath              RF      11.1   17.1   24   18
  5    Pete Reiser             CF      10.5   16.1   14    4
  6    Charlie Keller          LF       9.1   13.9   33    6
  7    Roy Cullenbine          LF       8.4   12.9    9    6
  8    Elbie Fletcher          1B       8.0   12.3   11    5
  9    Joe Cronin              SS       7.7   11.8   16    1
  10   Dolph Camilli           1B       7.6   11.7   34    3


##########################################################################################
  5. 2001 NL MVP: BONDS (73 HR) vs SOSA vs PUJOLS vs HELTON
##########################################################################################

  2001 NL MVP
  Rank Player                  Pos   WAR-eq  BRAVS   HR   SB
  ------------------------------------------------------------
  1    Barry Bonds             LF      12.4   19.0   73   13
  2    Luis Gonzalez           LF      10.2   15.6   57    1
  3    Sammy Sosa              RF       9.9   15.3   64    0
  4    Roberto Alomar          2B       9.7   15.0   20   30
  5    Alex Rodriguez          SS       9.6   14.8   52   18
  6    Lance Berkman           LF       8.9   13.6   34    7
  7    Todd Helton             1B       8.8   13.5   49    7
  8    Carlos Beltran          CF       8.7   13.4   24   31
  9    Jason Giambi            1B       8.5   13.0   38    2
  10   Larry Walker            RF       8.3   12.7   38   14


##########################################################################################
  6. 2011 NL MVP: BRAUN vs KEMP vs VOTTO
##########################################################################################

  2011 NL MVP
  Rank Player                  Pos   WAR-eq  BRAVS   HR   SB
  ------------------------------------------------------------
  1    Jacoby Ellsbury         CF       9.6   14.8   32   39
  2    Curtis Granderson       CF       9.6   14.7   41   25
  3    Jose Reyes              SS       9.0   13.8    7   39
  4    Ryan Braun              LF       8.9   13.7   33   33
  5    Shane Victorino         CF       8.6   13.2   17   19
  6    Matt Kemp               CF       8.5   13.1   39   40
  7    Jose Bautista           RF       8.3   12.8   43    9
  8    Robinson Cano           2B       7.3   11.2   28    8
  9    Dustin Pedroia          2B       7.1   10.9   21   26
  10   Miguel Cabrera          1B       7.0   10.7   30    2


##########################################################################################
  7. BEST PITCHING SEASON EVER
##########################################################################################

  Rank Player                   Year    IP  WAR-eq   BRAVS
  ----------------------------------------------------------
  1    Bob Gibson               1968   305    14.8    22.7
  2    Sandy Koufax             1965   336    14.1    21.7
  3    Steve Carlton            1972   346    12.6    19.4
  4    Sandy Koufax             1966   323    12.5    19.3
  5    Bob Feller               1946   371    12.2    18.7
  6    Pete Alexander           1920   363    11.9    18.3
  7    Juan Marichal            1968   326    11.9    18.3
  8    Denny McLain             1968   336    11.7    18.0
  9    Bullet Rogan             1922   187    11.6    17.8
  10   Sandy Koufax             1963   311    11.5    17.7
  11   Shohei Ohtani            2022   166    11.5    17.7
  12   Bert Blyleven            1973   325    11.5    17.7
  13   Fergie Jenkins           1968   308    11.3    17.4
  14   Tom Seaver               1968   278    11.2    17.2
  15   Dean Chance              1968   292    11.1    17.1


##########################################################################################
  8. ALL-TIME CAREER LEADERBOARD (TOP 25)
##########################################################################################

  Top 25 Careers
  Rank Player                          Years  WAR-eq   Peak  HOF
  -----------------------------------------------------------------
  1    Willie Mays              1951-1973   166.3   20.2    Y
  2    Stan Musial              1942-1963   162.1   23.3    Y
  3    Babe Ruth                1920-1935   159.3   29.3    Y
  4    Ted Williams             1939-1960   149.8   21.9    Y
  5    Lou Gehrig               1925-1938   141.8   22.2    Y
  6    Nolan Ryan               1968-1993   135.7   16.6    Y
  7    Barry Bonds              1986-2007   134.8   19.0     
  8    Hank Aaron               1954-1976   133.6   15.5    Y
  9    Mickey Mantle            1951-1968   132.1   20.8    Y
  10   Roger Clemens            1984-2007   128.2   15.5     
  11   Gaylord Perry            1962-1983   126.7   16.8    Y
  12   Steve Carlton            1965-1987   120.6   19.4    Y
  13   Joe Morgan               1965-1984   120.5   18.8    Y
  14   Jimmie Foxx              1927-1945   119.5   18.8    Y
  15   Tom Seaver               1967-1986   118.0   17.2    Y
  16   Mel Ott                  1926-1946   115.0   14.8    Y
  17   Greg Maddux              1986-2008   114.9   12.2    Y
  18   Rogers Hornsby           1920-1937   113.6   24.3    Y
  19   Don Sutton               1966-1988   112.9   13.8    Y
  20   Bert Blyleven            1970-1992   112.1   17.7    Y
  21   Joe DiMaggio             1936-1951   109.7   19.9    Y
  22   Charlie Gehringer        1926-1942   109.6   17.0    Y
  23   Alex Rodriguez           1994-2016   109.3   14.9     
  24   Pete Rose                1963-1986   108.5   14.8     
  25   Frank Robinson           1956-1976   105.8   14.8    Y


##########################################################################################
  9. BEST SINGLE SEASON EVER (TOP 25)
##########################################################################################

  Rank Player                   YearPos    WAR-eq   BRAVS
  ---------------------------------------------------------
  1    Babe Ruth                1921 LF      19.0    29.3
  2    Babe Ruth                1923 RF      16.4    25.2
  3    Babe Ruth                1920 RF      16.2    25.0
  4    Rogers Hornsby           1922 2B      15.8    24.3
  5    Stan Musial              1948 RF      15.1    23.3
  6    Rogers Hornsby           1921 2B      14.9    22.9
  7    Bob Gibson               1968 P       14.8    22.7
  8    Lou Gehrig               1927 1B      14.4    22.2
  9    George Sisler            1920 1B      14.4    22.1
  10   Ted Williams             1946 LF      14.2    21.9
  11   Sandy Koufax             1965 P       14.1    21.7
  12   Stan Musial              1946 1B      14.0    21.6
  13   Ted Williams             1947 LF      13.9    21.4
  14   Rogers Hornsby           1924 2B      13.9    21.3
  15   Mickey Mantle            1961 CF      13.5    20.8
  16   Mickey Mantle            1956 CF      13.5    20.8
  17   Babe Ruth                1924 RF      13.4    20.6
  18   Stan Musial              1943 RF      13.1    20.2
  19   Willie Mays              1957 CF      13.1    20.2
  20   Shoeless Joe Jackson     1920 LF      13.1    20.2
  21   Rogers Hornsby           1920 2B      13.0    20.1
  22   Tris Speaker             1920 CF      13.0    20.0
  23   Kiki Cuyler              1925 RF      13.0    20.0
  24   Joe DiMaggio             1937 CF      12.9    19.9
  25   Ted Williams             1941 LF      12.9    19.9


##########################################################################################
  10. HALL OF FAME CLASSIFIER
##########################################################################################

  HOF:     n= 229  mean=  64.3  median=  62.5
  Non-HOF: n= 200  mean=  15.5  median=  11.9
  AUC: 0.9193  Cohen's d: 1.95  p: 4.16e-51
  Optimal threshold: 32.0 WAR-eq (87.4% accuracy)


##########################################################################################
  11. ACTIVE PLAYER HOF CHECK
##########################################################################################

  Rank Player                    WAR-eq   Peak  Yrs     Verdict
  ---------------------------------------------------------------
  1    Clayton Kershaw             89.3   15.6   18        LOCK
  2    Justin Verlander            88.3   11.8   18        LOCK
  3    Mike Trout                  86.6   18.9   15        LOCK
  4    Max Scherzer                79.1   12.2   18        LOCK
  5    Freddie Freeman             68.2   11.3   15        LOCK
  6    Andrew McCutchen            65.6   14.3   17        LOCK
  7    Chris Sale                  65.2   11.8   14        LOCK
  8    Mookie Betts                61.3   14.6   12        LOCK
  9    Paul Goldschmidt            60.0   11.3   15        LOCK
  10   Shohei Ohtani               57.5   17.7    8      STRONG
  11   Jose Altuve                 55.7   11.6   15      STRONG
  12   Nolan Arenado               55.6   12.4   13      STRONG
  13   Gerrit Cole                 54.6   11.3   12      STRONG
  14   Bryce Harper                54.5   14.5   14      STRONG
  15   Jose Ramirez                54.3   12.2   12      STRONG
  16   Francisco Lindor            52.7   10.8   11      STRONG
  17   Aaron Judge                 51.0   17.5   10      STRONG
  18   Jacob deGrom                49.8   14.1   11      STRONG
  19   Trea Turner                 48.9   11.1   10      STRONG
  20   Manny Machado               48.8   10.5   14      STRONG
  21   Charlie Blackmon            46.7   17.7   14      STRONG
  22   Juan Soto                   45.6   13.6    8      STRONG
  23   Sonny Gray                  45.2    9.2   13      STRONG
  24   Zack Wheeler                45.0   11.8   11      STRONG
  25   Christian Yelich            44.1   13.4   13      BORDER


##########################################################################################
  12. STANTON HOF ANALYSIS
##########################################################################################

  Career: -1.9 WAR-eq, -2.9 BRAVS
  Peak: 4.3, Seasons: 7, HR: 77
  Verdict: NO


##########################################################################################
  13. STEROID ERA: PED USERS vs CLEAN COMPARABLES
##########################################################################################

  SUSPECTED PED USERS:
    Barry Bonds                134.8 WAR-eq  peak=19.0
    Mark McGwire                50.9 WAR-eq  peak=14.1
    Sammy Sosa                  52.6 WAR-eq  peak=15.3
    Alex Rodriguez             109.3 WAR-eq  peak=14.9
    Roger Clemens              128.2 WAR-eq  peak=15.5

  CLEAN COMPARABLES:
    Ken Griffey                 82.5 WAR-eq  peak=12.7
    Frank Thomas                69.3 WAR-eq  peak=11.2
    Mike Trout                  86.6 WAR-eq  peak=18.9
    Albert Pujols               74.7 WAR-eq  peak=13.7
    Greg Maddux                114.9 WAR-eq  peak=12.2
    Pedro Martinez              75.1 WAR-eq  peak=14.1


##########################################################################################
  14. DYNASTY RANKINGS: BEST 5-YEAR WINDOWS
##########################################################################################

  Rank Player                        Window  5yr WAR-eq  Career
  ---------------------------------------------------------------
  1    Babe Ruth               1920-1924        72.8   159.3
  2    Stan Musial             1946-1950        58.2   162.1
  3    Willie Mays             1954-1958        57.9   166.3
  4    Mickey Mantle           1954-1958        57.1   132.1
  5    Lou Gehrig              1927-1931        56.8   141.8
  6    Ted Williams            1946-1950        54.8   149.8
  7    Jimmie Foxx             1932-1936        51.0   119.5
  8    Joe Morgan              1973-1977        50.2   120.5
  9    Hank Aaron              1959-1963        45.5   133.6
  10   Barry Bonds             2000-2004        44.3   134.8


##########################################################################################
  15. DREAM TEAM: BEST SEASON AT EACH POSITION
##########################################################################################
  C    Darrell Porter           1979    10.0 WAR-eq
  1B   Lou Gehrig               1927    14.4 WAR-eq
  2B   Rogers Hornsby           1922    15.8 WAR-eq
  3B   Ron Santo                1964    12.6 WAR-eq
  SS   Cecil Travis             1941    11.4 WAR-eq
  LF   Babe Ruth                1921    19.0 WAR-eq
  CF   Mickey Mantle            1961    13.5 WAR-eq
  RF   Babe Ruth                1923    16.4 WAR-eq
  DH   Shohei Ohtani            2022    11.5 WAR-eq
  P    Bob Gibson               1968    14.8 WAR-eq
       TOTAL                           139.5


##########################################################################################
  16. BEST SEASON BY POSITION (TOP 3 EACH)
##########################################################################################

  C:
    Darrell Porter           1979    10.0 WAR-eq    15.4 BRAVS
    Mike Piazza              1997     9.2 WAR-eq    14.2 BRAVS
    Joe Torre                1970     9.2 WAR-eq    14.1 BRAVS

  1B:
    Lou Gehrig               1927    14.4 WAR-eq    22.2 BRAVS
    George Sisler            1920    14.4 WAR-eq    22.1 BRAVS
    Stan Musial              1946    14.0 WAR-eq    21.6 BRAVS

  2B:
    Rogers Hornsby           1922    15.8 WAR-eq    24.3 BRAVS
    Rogers Hornsby           1921    14.9 WAR-eq    22.9 BRAVS
    Rogers Hornsby           1924    13.9 WAR-eq    21.3 BRAVS

  3B:
    Ron Santo                1964    12.6 WAR-eq    19.3 BRAVS
    George Brett             1979    11.9 WAR-eq    18.2 BRAVS
    Ron Santo                1966    11.4 WAR-eq    17.6 BRAVS

  SS:
    Cecil Travis             1941    11.4 WAR-eq    17.6 BRAVS
    Jimmy Rollins            2007    11.3 WAR-eq    17.4 BRAVS
    Robin Yount              1982    11.1 WAR-eq    17.1 BRAVS

  LF:
    Babe Ruth                1921    19.0 WAR-eq    29.3 BRAVS
    Ted Williams             1946    14.2 WAR-eq    21.9 BRAVS
    Ted Williams             1947    13.9 WAR-eq    21.4 BRAVS

  CF:
    Mickey Mantle            1961    13.5 WAR-eq    20.8 BRAVS
    Mickey Mantle            1956    13.5 WAR-eq    20.8 BRAVS
    Willie Mays              1957    13.1 WAR-eq    20.2 BRAVS

  RF:
    Babe Ruth                1923    16.4 WAR-eq    25.2 BRAVS
    Babe Ruth                1920    16.2 WAR-eq    25.0 BRAVS
    Stan Musial              1948    15.1 WAR-eq    23.3 BRAVS

  DH:
    Shohei Ohtani            2022    11.5 WAR-eq    17.7 BRAVS
    Shohei Ohtani            2025    10.8 WAR-eq    16.6 BRAVS
    Shohei Ohtani            2021    10.1 WAR-eq    15.5 BRAVS

  P:
    Bob Gibson               1968    14.8 WAR-eq    22.7 BRAVS
    Sandy Koufax             1965    14.1 WAR-eq    21.7 BRAVS
    Steve Carlton            1972    12.6 WAR-eq    19.4 BRAVS


##########################################################################################
  17. MOST UNDERVALUED: BIGGEST BASERUNNING CONTRIBUTORS
##########################################################################################

  Player                   Year   SB  BR Runs  WAR-eq
  -----------------------------------------------------
  Kiki Cuyler              1925   41     48.6    13.0
  Curtis Granderson        2007   26     46.3    12.2
  Adam Comorosky           1930   14     42.0     8.8
  Paul Waner               1926   11     41.4     9.6
  Willie Wilson            1985   43     41.1     7.5
  Earle Combs              1927   15     40.6    11.0
  Johnny Barrett           1944   28     40.4     8.8
  Dale Mitchell            1949   10     40.4     8.0
  Max Carey                1923   51     40.3    10.1
  Juan Samuel              1984   72     40.1     7.9
  Lance Johnson            1996   50     38.8     9.5
  Snuffy Stirnweiss        1945   33     38.8    12.1
  Hi Myers                 1920    9     38.5     9.1
  Stan Musial              1946    7     37.8    14.0
  Carl Crawford            2004   59     37.5     7.0


##########################################################################################
  18. BEST DEFENSIVE SEASONS (FIELDING RUNS)
##########################################################################################

  Player                   YearPos   Fld Runs  WAR-eq
  -----------------------------------------------------
  Glenn Hubbard            19852B        13.3     1.7
  Ozzie Smith              1982SS        11.8     2.5
  Dobie Moore              1923SS        11.6     6.9
  Ozzie Guillen            1988SS        11.4     2.6
  Troy Tulowitzki          2007SS        11.4     7.1
  Ozzie Smith              1980SS        11.2     3.3
  Bill Mazeroski           19662B        10.7     4.2
  Luis Aparicio            1960SS        10.4     5.0
  Tony Fernandez           1989SS        10.4     4.6
  Bill Mazeroski           19632B        10.1     1.2
  Bill Mazeroski           19622B         9.6     4.5
  Rey Sanchez              1999SS         9.6     3.0
  Hal Lanier               1968SS         9.5    -2.6
  Mike Bordick             1999SS         9.4     4.7
  Pedro Florimon           2013SS         9.2     1.0


##########################################################################################
  19. LEVERAGE KINGS: BEST CLOSER SEASONS
##########################################################################################

  Player                   Year    IP Lev Runs  WAR-eq
  -------------------------------------------------------
  Eric Gagne               2003    82     15.2     5.8
  Edwin Diaz               2018    73     12.0     4.8
  Craig Kimbrel            2011    77     11.9     5.2
  Eric Gagne               2002    82     11.8     4.5
  Dennis Eckersley         1990    73     11.6     4.8
  Dennis Eckersley         1992    80     11.4     4.5
  Greg Holland             2013    67     11.1     4.8
  Kenley Jansen            2016    69     11.1     4.6
  Bruce Sutter             1977   107     11.1     6.0
  Bruce Sutter             1979   101     10.9     5.3
  John Wetteland           1993    85     10.9     4.6
  Craig Kimbrel            2012    63     10.8     4.8
  Eric Gagne               2004    82     10.3     4.1
  Doug Jones               1992   112     10.2     5.0
  Mariano Rivera           2001    81     10.2     3.9


##########################################################################################
  20. 2025 SEASON LEADERBOARD
##########################################################################################

  HITTERS:
  Rank Player                  Pos   WAR-eq   HR   SB
  -----------------------------------------------------
  1    Shohei Ohtani           DH      10.8   55   20
  2    Aaron Judge             RF       8.9   53   12
  3    Corbin Carroll          RF       8.5   31   32
  4    Geraldo Perdomo         SS       8.1   20   27
  5    Cal Raleigh             C        8.0   60   14
  6    Bobby Witt              SS       7.2   23   38
  7    Juan Soto               RF       6.2   43   38
  8    Trea Turner             SS       6.2   15   36
  9    Byron Buxton            CF       6.0   35   24
  10   Gunnar Henderson        SS       6.0   17   30

  PITCHERS:
  1    Logan Webb              P        7.4       207 IP
  2    Cristopher Sanchez      P        7.3       202 IP
  3    Tarik Skubal            P        7.3       195 IP
  4    Paul Skenes             P        7.2       188 IP
  5    Garrett Crochet         P        6.5       205 IP
  6    Jesus Luzardo           P        5.8       184 IP
  7    Max Fried               P        5.8       195 IP
  8    Yoshinobu Yamamoto      P        5.4       174 IP
  9    Hunter Brown            P        5.3       185 IP
  10   Framber Valdez          P        4.9       192 IP


##########################################################################################
  ALL ANALYSES COMPLETE — BRAVS v2.0
  75,265 player-seasons, 14,092 careers, 1920-2025
##########################################################################################
