==========================================================================================
  BRAVS AWARD RACE ANALYSIS: EVERY MVP & CY YOUNG, 1956-2025
==========================================================================================

  OVERALL AGREEMENT: 113/265 (42.6%)
    MVP:      55/138 (39.9%)
    Cy Young: 58/127 (45.7%)

------------------------------------------------------------------------------------------
  AGREEMENT BY DECADE
------------------------------------------------------------------------------------------
    1950s      2/12   ( 16.7%)  ######
    1960s     14/33   ( 42.4%)  ################
    1970s     18/40   ( 45.0%)  ##################
    1980s     15/40   ( 37.5%)  ###############
    1990s     20/40   ( 50.0%)  ####################
    2000s     16/40   ( 40.0%)  ################
    2010s     15/40   ( 37.5%)  ###############
    2020s     13/20   ( 65.0%)  ##########################

  Best decade:  2020s (65.0% agreement)
  Worst decade: 1950s (16.7% agreement)

------------------------------------------------------------------------------------------
  ALL DISAGREEMENTS (BRAVS #1 != actual winner)
------------------------------------------------------------------------------------------
  Year  Lg  Award BRAVS Pick               WAReq  Actual Winner        WAReq    Gap  Rank
  --------------------------------------------------------------------------------------
  1990  AL  CY    Roger Clemens              8.4  welchbo01              2.2   +6.2   #41
  1979  NL  MVP   Mike Schmidt               8.4  stargwi01              2.7   +5.8   #41
  1967  NL  CY    Jim Bunning                8.0  mccormi03              2.8   +5.3   #33
  2021  AL  CY    Shohei Ohtani              9.2  rayro02                4.2   +5.0    #7
  1973  AL  CY    Bert Blyleven              9.1  palmeji01              4.3   +4.7   #10
  1974  NL  MVP   Joe Morgan                 9.2  garvest01              4.5   +4.7   #14
  2022  AL  CY    Shohei Ohtani             11.3  Justin Verlander       6.6   +4.7    #3
  1969  NL  CY    Bob Gibson                 9.2  seaveto01              4.6   +4.6   #13
  1998  NL  CY    Kevin Brown                9.5  glavito02              4.9   +4.6    #6
  1987  NL  CY    Nolan Ryan                 6.2  bedrost01              1.8   +4.5   N/A
  2001  AL  MVP   Alex Rodriguez            10.7  suzukic01              6.3   +4.4   #10
  1964  NL  MVP   Ron Santo                  9.7  boyerke01              5.5   +4.2    #9
  1979  AL  MVP   Fred Lynn                 10.9  baylodo01              6.7   +4.2    #8
  1996  AL  MVP   Alex Rodriguez            10.1  gonzaju03              5.9   +4.2   #18
  2002  AL  MVP   Alex Rodriguez            10.5  tejadmi01              6.5   +4.0    #7
  1977  AL  CY    Dennis Leonard             7.2  lylesp01               3.2   +4.0   #12
  1984  AL  MVP   Cal Ripken                 8.4  hernawi01              4.6   +3.9   N/A
  1979  NL  CY    J. R. Richard              8.1  Bruce Sutter           4.3   +3.8    #2
  1961  AL  MVP   Mickey Mantle             12.0  Roger Maris            8.2   +3.8    #4
  1973  NL  MVP   Joe Morgan                 9.7  rosepe01               6.0   +3.7    #7
  1989  NL  CY    Orel Hershiser             7.2  davisma01              3.5   +3.7   N/A
  1962  NL  MVP   Willie Mays               10.2  Maury Wills            6.6   +3.7    #4
  2002  AL  CY    Pedro Martinez             6.9  zitoba01               3.3   +3.6   #14
  1958  AL  CY    Billy O'Dell               4.2  turlebo01              0.6   +3.6   #36
  2006  AL  MVP   Derek Jeter                9.2  morneju01              5.6   +3.5   #20
  1981  AL  MVP   Dwight Evans               6.4  fingero01              2.9   +3.5   N/A
  1956  NL  MVP   Duke Snider                6.5  newcodo01              3.0   +3.5   N/A
  2023  AL  CY    Shohei Ohtani              9.3  Gerrit Cole            5.9   +3.4    #2
  2004  NL  CY    Randy Johnson              8.5  clemero02              5.1   +3.4    #5
  1960  NL  MVP   Eddie Mathews              7.5  groatdi01              4.2   +3.3    #9
  1987  AL  MVP   Wade Boggs                 9.7  bellge02               6.5   +3.2   #11
  1970  AL  MVP   Carl Yastrzemski           9.1  powelbo01              5.8   +3.2    #6
  1982  AL  CY    Don Sutton                 4.9  vuckope01              1.7   +3.2   #33
  1967  NL  MVP   Ron Santo                  8.8  cepedor01              5.6   +3.2    #7
  1992  AL  MVP   Frank Thomas               7.6  eckerde01              4.4   +3.1   N/A
  1966  NL  MVP   Ron Santo                  9.6  clemero01              6.5   +3.1    #6
  1999  AL  MVP   Derek Jeter                9.5  rodriiv01              6.4   +3.1   #12
  2005  AL  CY    Johan Santana              7.1  colonba01              4.1   +3.0    #4
  1995  AL  MVP   Albert Belle               8.2  vaughmo01              5.3   +2.9   #14
  1958  AL  MVP   Mickey Mantle              8.8  Jackie Jensen          5.8   +2.9    #4
  1992  AL  CY    Roger Clemens              7.3  eckerde01              4.4   +2.9   N/A
  1987  NL  MVP   Eric Davis                 8.8  dawsoan01              6.0   +2.9   #10
  1988  AL  CY    Roger Clemens              9.6  violafr01              6.7   +2.9    #4
  1959  AL  CY    Camilo Pascual             5.5  wynnea01               2.7   +2.8    #5
  1980  AL  CY    Mike Norris                5.2  stonest01              2.3   +2.8   #30
  1998  NL  MVP   Mark McGwire              10.5  sosasa01               7.7   +2.8    #6
  1985  AL  MVP   Rickey Henderson           9.7  Don Mattingly          6.9   +2.8    #4
  2011  AL  MVP   Jacoby Ellsbury           10.2  verlaju01              7.5   +2.6   N/A
  1976  AL  CY    Vida Blue                  7.7  palmeji01              5.2   +2.5    #5
  1978  NL  CY    Phil Niekro                8.0  perryga01              5.5   +2.4    #4
  1990  NL  CY    Dwight Gooden              7.5  drabedo01              5.1   +2.4    #8
  2023  NL  CY    Logan Webb                 6.2  snellbl01              3.8   +2.4    #7
  1998  AL  MVP   Ken Griffey                8.9  gonzaju03              6.5   +2.4   #10
  2003  NL  MVP   Albert Pujols             10.0  Barry Bonds            7.7   +2.4    #4
  1957  NL  MVP   Willie Mays                8.6  Hank Aaron             6.3   +2.3    #4
  1984  NL  CY    Dwight Gooden              7.6  Rick Sutcliffe         5.3   +2.3    #3
  1976  AL  MVP   George Brett               6.4  munsoth01              4.2   +2.2   #10
  1967  AL  CY    Jim Kaat                   7.6  lonboji01              5.5   +2.1    #5
  1959  AL  MVP   Eddie Yost                 7.0  foxne01                4.9   +2.1    #7
  1988  NL  MVP   Andy Van Slyke             6.8  gibsoki01              4.7   +2.1   #10
  2017  NL  MVP   Charlie Blackmon           9.8  Giancarlo Stanton      7.8   +2.0    #4
  1974  AL  MVP   Rod Carew                  7.2  Jeff Burroughs         5.4   +1.8    #3
  1960  NL  CY    Bob Friend                 5.6  lawve01                3.8   +1.8    #6
  1974  AL  CY    Fergie Jenkins             7.7  hunteca01              5.9   +1.8    #4
  2018  AL  CY    Justin Verlander           7.2  snellbl01              5.5   +1.7    #8
  1993  AL  CY    Kevin Appier               6.5  mcdowja01              4.8   +1.7    #5
  1969  AL  CY    Sam McDowell               7.4  Denny McLain           5.7   +1.7    #3
  1958  NL  MVP   Willie Mays                9.3  Ernie Banks            7.7   +1.7    #2
  1976  NL  CY    Tom Seaver                 6.7  jonesra01              5.1   +1.7    #6
  1993  AL  MVP   Ken Griffey                9.0  Frank Thomas           7.3   +1.6    #4
  1991  NL  MVP   Ryne Sandberg              7.4  Terry Pendleton        5.8   +1.6    #4
  1960  AL  MVP   Mickey Mantle              7.5  Roger Maris            6.0   +1.5    #2
  2016  NL  CY    Noah Syndergaard           7.5  scherma01              6.0   +1.5    #6
  1959  NL  MVP   Eddie Mathews              8.5  Ernie Banks            7.0   +1.5    #4
  1986  AL  MVP   Kirby Puckett              8.4  clemero02              7.0   +1.5   N/A
  1961  NL  MVP   Willie Mays                8.4  robinfr02              6.9   +1.5    #6
  1983  NL  CY    Steve Carlton              6.8  John Denny             5.4   +1.5    #2
  2001  AL  CY    Mike Mussina               6.5  clemero02              5.0   +1.5    #4
  2004  NL  MVP   Todd Helton                9.8  bondsba01              8.3   +1.4    #7
  2015  NL  CY    Clayton Kershaw           10.4  Jake Arrieta           9.0   +1.4    #2
  1988  NL  CY    Dwight Gooden              7.6  hershor01              6.2   +1.4    #5
  2012  NL  CY    Clayton Kershaw            7.2  dickera01              5.8   +1.4    #4
  2002  NL  CY    Curt Schilling             8.6  Randy Johnson          7.2   +1.3    #2
  2005  NL  MVP   Derrek Lee                 9.5  Albert Pujols          8.2   +1.3    #2
  2012  AL  CY    Felix Hernandez            7.5  David Price            6.2   +1.3    #3
  1988  AL  MVP   Wade Boggs                 8.9  Jose Canseco           7.6   +1.3    #3
  2019  AL  CY    Gerrit Cole                7.0  verlaju01              5.7   +1.3    #4
  2003  NL  CY    Mark Prior                 7.2  gagneer01              5.9   +1.3   N/A
  2007  NL  MVP   David Wright               9.9  Jimmy Rollins          8.6   +1.3    #3
  2000  NL  MVP   Todd Helton                9.8  Jeff Kent              8.5   +1.3    #4
  1994  AL  CY    Jack McDowell              4.2  coneda01               3.0   +1.2    #6
  1973  AL  MVP   Sal Bando                  6.9  jacksre01              5.7   +1.2    #7
  1963  AL  MVP   Carl Yastrzemski           7.0  Elston Howard          5.8   +1.2    #5
  1957  NL  CY    Curt Simmons               3.5  spahnwa01              2.4   +1.1    #7
  1977  NL  CY    Steve Rogers               6.0  carltst01              4.9   +1.1    #6
  1981  AL  CY    Len Barker                 3.9  fingero01              2.9   +1.0   N/A
  1977  NL  MVP   Mike Schmidt               9.5  George Foster          8.5   +1.0    #3
  1956  NL  CY    Bob Friend                 4.0  newcodo01              3.0   +1.0    #4
  1989  NL  MVP   Howard Johnson             7.6  Kevin Mitchell         6.6   +1.0    #4
  1996  AL  CY    Roger Clemens              5.2  hentgpa01              4.2   +1.0    #4
  2004  AL  MVP   Melvin Mora                8.0  Vladimir Guerrero      7.0   +1.0    #3
  1969  NL  MVP   Jim Wynn                   8.5  Willie McCovey         7.5   +1.0    #4
  2013  NL  MVP   Shin-Soo Choo              8.8  Andrew McCutchen       7.8   +0.9    #3
  1996  NL  MVP   Barry Bonds                9.1  Ken Caminiti           8.2   +0.9    #5
  2013  AL  MVP   Mike Trout                11.2  Miguel Cabrera        10.3   +0.9    #2
  2010  AL  MVP   Jose Bautista              8.8  Josh Hamilton          7.9   +0.9    #2
  1972  NL  MVP   Joe Morgan                 7.9  Johnny Bench           7.1   +0.8    #4
  2019  AL  MVP   Alex Bregman               9.7  Mike Trout             8.9   +0.8    #2
  2011  NL  MVP   Matt Kemp                  9.3  Ryan Braun             8.5   +0.8    #2
  1995  NL  MVP   Craig Biggio               7.8  Barry Larkin           7.1   +0.7    #2
  1983  AL  MVP   Wade Boggs                 8.5  Cal Ripken             7.8   +0.7    #2
  1979  AL  CY    Tommy John                 5.6  Mike Flanagan          4.9   +0.7    #3
  1991  NL  CY    Greg Maddux                7.0  Tom Glavine            6.4   +0.7    #3
  2008  NL  MVP   Hanley Ramirez             8.6  Albert Pujols          8.0   +0.6    #3
  2012  AL  MVP   Mike Trout                 9.3  Miguel Cabrera         8.7   +0.6    #2
  2012  NL  MVP   Andrew McCutchen           8.9  Buster Posey           8.3   +0.6    #2
  1997  NL  CY    Greg Maddux                8.6  Pedro Martinez         8.0   +0.6    #2
  1972  AL  MVP   Bobby Murcer               7.5  Dick Allen             7.0   +0.5    #2
  2022  NL  CY    Aaron Nola                 7.6  Sandy Alcantara        7.1   +0.5    #3
  2017  AL  MVP   Aaron Judge                8.7  Jose Altuve            8.2   +0.5    #2
  2017  AL  CY    Chris Sale                 7.7  Corey Kluber           7.2   +0.5    #2
  2008  AL  MVP   Grady Sizemore             8.2  Dustin Pedroia         7.7   +0.5    #2
  2009  NL  MVP   Chase Utley                8.7  Albert Pujols          8.2   +0.5    #3
  2010  AL  CY    Cliff Lee                  7.7  Felix Hernandez        7.2   +0.5    #2
  1974  NL  CY    Jon Matlack                6.6  Mike Marshall          6.1   +0.4    #3
  2005  NL  CY    Dontrelle Willis           6.8  Chris Carpenter        6.4   +0.4    #2
  2013  NL  CY    Adam Wainwright            9.8  Clayton Kershaw        9.4   +0.4    #2
  2006  NL  MVP   Carlos Beltran             8.7  Ryan Howard            8.3   +0.4    #3
  1981  NL  CY    Steve Carlton              5.5  Fernando Valenzuela    5.1   +0.4    #2
  2015  AL  MVP   Mike Trout                 9.5  Josh Donaldson         9.2   +0.3    #2
  1990  NL  MVP   Ryne Sandberg              8.1  Barry Bonds            7.8   +0.3    #2
  1985  AL  CY    Bert Blyleven              6.4  Bret Saberhagen        6.1   +0.3    #2
  2000  AL  MVP   Carlos Delgado             9.8  Jason Giambi           9.6   +0.2    #2
  1964  AL  MVP   Mickey Mantle              7.5  Brooks Robinson        7.3   +0.2    #2
  1983  AL  CY    Jack Morris                4.9  LaMarr Hoyt            4.8   +0.2    #3
  1963  NL  MVP   Willie Mays                9.2  koufasa01              9.0   +0.2   N/A
  2008  NL  CY    CC Sabathia                7.5  Tim Lincecum           7.4   +0.2    #2
  2003  AL  CY    Pedro Martinez             6.7  Roy Halladay           6.5   +0.1    #2
  1968  AL  MVP   Carl Yastrzemski           8.7  mclaide01              8.5   +0.1   N/A
  1984  AL  CY    Mike Witt                  4.7  Willie Hernandez       4.6   +0.1    #3
  2025  NL  CY    Logan Webb                 7.3  Paul Skenes            7.2   +0.1    #3
  2021  NL  MVP   Trea Turner                7.9  Bryce Harper           7.8   +0.1    #2
  1985  NL  MVP   Dale Murphy                8.3  Willie McGee           8.2   +0.1    #2
  2013  AL  CY    Felix Hernandez            7.4  Max Scherzer           7.3   +0.1    #2
  2019  NL  MVP   Anthony Rendon             8.1  Cody Bellinger         8.1   +0.1    #2
  2008  AL  CY    Roy Halladay               7.0  Cliff Lee              7.0   +0.1    #2
  1982  NL  MVP   Gary Carter                7.8  Dale Murphy            7.7   +0.1    #2
  1971  AL  MVP   Bobby Murcer               7.8  bluevi01               7.8   +0.0   N/A
  2016  AL  CY    Corey Kluber               5.6  Rick Porcello          5.6   +0.0    #2
  2015  AL  CY    David Price                7.6  Dallas Keuchel         7.6   +0.0    #2
  2014  NL  MVP   Andrew McCutchen           9.0  kershcl01             10.1   -1.1   N/A
  1968  NL  MVP   Willie Mays                6.7  gibsobo01             11.8   -5.0   N/A

==========================================================================================
  BIGGEST SNUB IN HISTORY
==========================================================================================
  1990 AL CY
    BRAVS says:  Roger Clemens (8.4 WAR-eq)
    Actual winner: welchbo01 (2.2 WAR-eq)
    Gap: +6.2 WAR-eq
    Actual winner ranked #41 by BRAVS

==========================================================================================
  FULL RACE LISTINGS
==========================================================================================

  1956 AL MVP  [AGREE]
    1. Mickey Mantle                  11.7 <-- ACTUAL WINNER <-- BRAVS #1
    2. Minnie Miñoso                   6.5
    3. Yogi Berra                      6.3
    4. Al Kaline                       6.1
    5. Ted Williams                    6.1

  1956 NL Cy Young  [DISAGREE]
    1. Bob Friend                      4.0 <-- BRAVS #1
    2. Warren Spahn                    3.8
    3. Johnny Antonelli                3.3
    Actual winner: newcodo01 (#4, 3.0 WAR-eq)

  1956 NL MVP  [DISAGREE]
    1. Duke Snider                     6.5 <-- BRAVS #1
    2. Willie Mays                     5.8
    3. Frank Robinson                  5.8
    4. Eddie Mathews                   5.4
    5. Stan Lopata                     5.4

  1957 AL MVP  [AGREE]
    1. Mickey Mantle                  10.5 <-- ACTUAL WINNER <-- BRAVS #1
    2. Ted Williams                    8.3
    3. Nellie Fox                      6.5
    4. Roy Sievers                     6.3
    5. Minnie Miñoso                   5.0

  1957 NL Cy Young  [DISAGREE]
    1. Curt Simmons                    3.5 <-- BRAVS #1
    2. Don Drysdale                    3.0
    3. Johnny Podres                   2.9
    Actual winner: spahnwa01 (#7, 2.4 WAR-eq)

  1957 NL MVP  [DISAGREE]
    1. Willie Mays                     8.6 <-- BRAVS #1
    2. Eddie Mathews                   6.9
    3. Ernie Banks                     6.8
    4. Hank Aaron                      6.3 <-- ACTUAL WINNER
    5. Frank Robinson                  5.7

  1958 AL Cy Young  [DISAGREE]
    1. Billy O'Dell                    4.2 <-- BRAVS #1
    2. Whitey Ford                     3.8
    3. Jack Harshman                   3.6
    Actual winner: turlebo01 (#36, 0.6 WAR-eq)

  1958 AL MVP  [DISAGREE]
    1. Mickey Mantle                   8.8 <-- BRAVS #1
    2. Rocky Colavito                  6.0
    3. Pete Runnels                    5.9
    4. Jackie Jensen                   5.8 <-- ACTUAL WINNER
    5. Ted Williams                    5.3

  1958 NL MVP  [DISAGREE]
    1. Willie Mays                     9.3 <-- BRAVS #1
    2. Ernie Banks                     7.7 <-- ACTUAL WINNER
    3. Richie Ashburn                  7.6
    4. Hank Aaron                      5.6
    5. Ken Boyer                       5.1

  1959 AL Cy Young  [DISAGREE]
    1. Camilo Pascual                  5.5 <-- BRAVS #1
    2. Don Mossi                       3.1
    3. Milt Pappas                     3.0
    Actual winner: wynnea01 (#5, 2.7 WAR-eq)

  1959 AL MVP  [DISAGREE]
    1. Eddie Yost                      7.0 <-- BRAVS #1
    2. Mickey Mantle                   6.7
    3. Al Kaline                       6.7
    4. Pete Runnels                    5.8
    5. Harvey Kuenn                    5.6
    Actual winner: foxne01 (#7, 4.9 WAR-eq)

  1959 NL MVP  [DISAGREE]
    1. Eddie Mathews                   8.5 <-- BRAVS #1
    2. Hank Aaron                      8.2
    3. Willie Mays                     8.0
    4. Ernie Banks                     7.0 <-- ACTUAL WINNER
    5. Vada Pinson                     6.9

  1960 AL MVP  [DISAGREE]
    1. Mickey Mantle                   7.5 <-- BRAVS #1
    2. Roger Maris                     6.0 <-- ACTUAL WINNER
    3. Minnie Miñoso                   4.9
    4. Eddie Yost                      4.9
    5. Pete Runnels                    4.3

  1960 NL Cy Young  [DISAGREE]
    1. Bob Friend                      5.6 <-- BRAVS #1
    2. Don Drysdale                    4.7
    3. Mike McCormick                  4.6
    Actual winner: lawve01 (#6, 3.8 WAR-eq)

  1960 NL MVP  [DISAGREE]
    1. Eddie Mathews                   7.5 <-- BRAVS #1
    2. Willie Mays                     7.2
    3. Ken Boyer                       6.3
    4. Ernie Banks                     5.9
    5. Hank Aaron                      5.7
    Actual winner: groatdi01 (#9, 4.2 WAR-eq)

  1961 AL Cy Young  [AGREE]
    1. Whitey Ford                     4.7 <-- ACTUAL WINNER <-- BRAVS #1
    2. Frank Lary                      4.4
    3. Jim Bunning                     3.8

  1961 AL MVP  [DISAGREE]
    1. Mickey Mantle                  12.0 <-- BRAVS #1
    2. Norm Cash                      10.4
    3. Rocky Colavito                  8.4
    4. Roger Maris                     8.2 <-- ACTUAL WINNER
    5. Jim Gentile                     7.9

  1961 NL MVP  [DISAGREE]
    1. Willie Mays                     8.4 <-- BRAVS #1
    2. Eddie Mathews                   8.0
    3. Ken Boyer                       7.9
    4. Hank Aaron                      7.4
    5. Vada Pinson                     7.3
    Actual winner: robinfr02 (#6, 6.9 WAR-eq)

  1962 AL MVP  [AGREE]
    1. Mickey Mantle                   9.0 <-- ACTUAL WINNER <-- BRAVS #1
    2. Norm Siebern                    6.7
    3. Brooks Robinson                 6.0
    4. Rocky Colavito                  6.0
    5. Tom Tresh                       5.8

  1962 NL Cy Young  [AGREE]
    1. Don Drysdale                    6.5 <-- ACTUAL WINNER <-- BRAVS #1
    2. Billy O'Dell                    5.5
    3. Turk Farrell                    5.3

  1962 NL MVP  [DISAGREE]
    1. Willie Mays                    10.2 <-- BRAVS #1
    2. Frank Robinson                  9.3
    3. Hank Aaron                      8.7
    4. Maury Wills                     6.6 <-- ACTUAL WINNER
    5. Tommy Davis                     6.4

  1963 AL MVP  [DISAGREE]
    1. Carl Yastrzemski                7.0 <-- BRAVS #1
    2. Bob Allison                     6.3
    3. Albie Pearson                   6.0
    4. Tom Tresh                       5.9
    5. Elston Howard                   5.8 <-- ACTUAL WINNER

  1963 NL Cy Young  [AGREE]
    1. Sandy Koufax                    9.0 <-- ACTUAL WINNER <-- BRAVS #1
    2. Don Drysdale                    7.3
    3. Juan Marichal                   7.2

  1963 NL MVP  [DISAGREE]
    1. Willie Mays                     9.2 <-- BRAVS #1
    2. Hank Aaron                      8.2
    3. Dick Groat                      6.4
    4. Vada Pinson                     6.3
    5. Eddie Mathews                   6.0

  1964 AL Cy Young  [AGREE]
    1. Dean Chance                     7.1 <-- ACTUAL WINNER <-- BRAVS #1
    2. Whitey Ford                     6.5
    3. Jim Kaat                        4.6

  1964 AL MVP  [DISAGREE]
    1. Mickey Mantle                   7.5 <-- BRAVS #1
    2. Brooks Robinson                 7.3 <-- ACTUAL WINNER
    3. Tony Oliva                      7.1
    4. Harmon Killebrew                6.8
    5. Bob Allison                     6.7

  1964 NL MVP  [DISAGREE]
    1. Ron Santo                       9.7 <-- BRAVS #1
    2. Willie Mays                     9.7
    3. Dick Allen                      7.9
    4. Joe Torre                       6.4
    5. Billy Williams                  6.3
    Actual winner: boyerke01 (#9, 5.5 WAR-eq)

  1965 AL MVP  [AGREE]
    1. Zoilo Versalles                 6.2 <-- ACTUAL WINNER <-- BRAVS #1
    2. Tom Tresh                       6.2
    3. Carl Yastrzemski                5.8
    4. Rocky Colavito                  5.3
    5. Tony Oliva                      5.0

  1965 NL Cy Young  [AGREE]
    1. Sandy Koufax                   10.9 <-- ACTUAL WINNER <-- BRAVS #1
    2. Jim Bunning                     7.3
    3. Juan Marichal                   7.0

  1965 NL MVP  [AGREE]
    1. Willie Mays                    10.3 <-- ACTUAL WINNER <-- BRAVS #1
    2. Ron Santo                       8.3
    3. Billy Williams                  7.4
    4. Pete Rose                       7.1
    5. Dick Allen                      7.0

  1966 AL MVP  [AGREE]
    1. Frank Robinson                  9.3 <-- ACTUAL WINNER <-- BRAVS #1
    2. Al Kaline                       7.7
    3. Harmon Killebrew                7.6
    4. Tony Oliva                      5.5
    5. Dick McAuliffe                  5.4

  1966 NL Cy Young  [AGREE]
    1. Sandy Koufax                    9.6 <-- ACTUAL WINNER <-- BRAVS #1
    2. Gaylord Perry                   7.6
    3. Jim Bunning                     7.3

  1966 NL MVP  [DISAGREE]
    1. Ron Santo                       9.6 <-- BRAVS #1
    2. Dick Allen                      8.6
    3. Willie Mays                     8.1
    4. Joe Torre                       8.1
    5. Willie McCovey                  6.6
    Actual winner: clemero01 (#6, 6.5 WAR-eq)

  1967 AL Cy Young  [DISAGREE]
    1. Jim Kaat                        7.6 <-- BRAVS #1
    2. Dean Chance                     6.9
    3. Catfish Hunter                  6.0
    Actual winner: lonboji01 (#5, 5.5 WAR-eq)

  1967 AL MVP  [AGREE]
    1. Carl Yastrzemski               11.3 <-- ACTUAL WINNER <-- BRAVS #1
    2. Harmon Killebrew                7.8
    3. Bill Freehan                    7.5
    4. Al Kaline                       6.7
    5. Frank Robinson                  6.3

  1967 NL Cy Young  [DISAGREE]
    1. Jim Bunning                     8.0 <-- BRAVS #1
    2. Don Drysdale                    6.6
    3. Mike Cuellar                    6.5
    Actual winner: mccormi03 (#33, 2.8 WAR-eq)

  1967 NL MVP  [DISAGREE]
    1. Ron Santo                       8.8 <-- BRAVS #1
    2. Roberto Clemente                7.7
    3. Hank Aaron                      7.0
    4. Dick Allen                      6.5
    5. Jim Ray Hart                    6.5
    Actual winner: cepedor01 (#7, 5.6 WAR-eq)

  1968 AL Cy Young  [AGREE]
    1. Denny McLain                    8.5 <-- ACTUAL WINNER <-- BRAVS #1
    2. Dean Chance                     8.1
    3. Luis Tiant                      7.7

  1968 AL MVP  [DISAGREE]
    1. Carl Yastrzemski                8.7 <-- BRAVS #1
    2. Bill Freehan                    8.5
    3. Frank Howard                    5.8
    4. Willie Horton                   4.9
    5. Ken Harrelson                   4.8

  1968 NL Cy Young  [AGREE]
    1. Bob Gibson                     11.8 <-- ACTUAL WINNER <-- BRAVS #1
    2. Juan Marichal                   9.1
    3. Tom Seaver                      8.5

  1968 NL MVP  [DISAGREE]
    1. Willie Mays                     6.7 <-- BRAVS #1
    2. Jim Wynn                        6.2
    3. Felipe Alou                     5.7
    4. Pete Rose                       5.7
    5. Ron Santo                       5.7

  1969 AL Cy Young  [DISAGREE]
    1. Sam McDowell                    7.4 <-- BRAVS #1
    2. Fritz Peterson                  6.2
    3. Denny McLain                    5.7 <-- ACTUAL WINNER

  1969 AL MVP  [AGREE]
    1. Harmon Killebrew                9.8 <-- ACTUAL WINNER <-- BRAVS #1
    2. Rico Petrocelli                 9.1
    3. Reggie Jackson                  8.4
    4. Sal Bando                       8.2
    5. Frank Robinson                  7.2

  1969 NL Cy Young  [DISAGREE]
    1. Bob Gibson                      9.2 <-- BRAVS #1
    2. Juan Marichal                   7.6
    3. Larry Dierker                   7.2
    Actual winner: seaveto01 (#13, 4.6 WAR-eq)

  1969 NL MVP  [DISAGREE]
    1. Jim Wynn                        8.5 <-- BRAVS #1
    2. Pete Rose                       8.1
    3. Rusty Staub                     7.6
    4. Willie McCovey                  7.5 <-- ACTUAL WINNER
    5. Hank Aaron                      6.9

  1970 AL Cy Young  [AGREE]
    1. Jim Perry                       5.4 <-- ACTUAL WINNER <-- BRAVS #1
    2. Sam McDowell                    4.9
    3. Jim Palmer                      4.7

  1970 AL MVP  [DISAGREE]
    1. Carl Yastrzemski                9.1 <-- BRAVS #1
    2. Tommy Harper                    7.3
    3. Harmon Killebrew                6.2
    4. Frank Howard                    6.1
    5. Jim Fregosi                     5.9
    Actual winner: powelbo01 (#6, 5.8 WAR-eq)

  1970 NL Cy Young  [AGREE]
    1. Bob Gibson                      8.9 <-- ACTUAL WINNER <-- BRAVS #1
    2. Tom Seaver                      7.2
    3. Fergie Jenkins                  6.3

  1970 NL MVP  [AGREE]
    1. Johnny Bench                    8.4 <-- ACTUAL WINNER <-- BRAVS #1
    2. Tony Perez                      8.3
    3. Billy Williams                  8.0
    4. Joe Torre                       7.7
    5. Dick Dietz                      7.7

  1971 AL Cy Young  [AGREE]
    1. Vida Blue                       7.8 <-- ACTUAL WINNER <-- BRAVS #1
    2. Mickey Lolich                   7.0
    3. Wilbur Wood                     6.8

  1971 AL MVP  [DISAGREE]
    1. Bobby Murcer                    7.8 <-- BRAVS #1
    2. Reggie Smith                    5.8
    3. Bill Melton                     5.5
    4. Amos Otis                       5.2
    5. Merv Rettenmund                 5.0

  1971 NL Cy Young  [AGREE]
    1. Fergie Jenkins                  8.9 <-- ACTUAL WINNER <-- BRAVS #1
    2. Tom Seaver                      8.6
    3. Don Sutton                      7.2

  1971 NL MVP  [AGREE]
    1. Joe Torre                       8.3 <-- ACTUAL WINNER <-- BRAVS #1
    2. Hank Aaron                      6.9
    3. Willie Stargell                 6.8
    4. Bobby Bonds                     6.2
    5. Willie Mays                     6.0

  1972 AL Cy Young  [AGREE]
    1. Gaylord Perry                   7.6 <-- ACTUAL WINNER <-- BRAVS #1
    2. Mickey Lolich                   6.1
    3. Wilbur Wood                     6.0

  1972 AL MVP  [DISAGREE]
    1. Bobby Murcer                    7.5 <-- BRAVS #1
    2. Dick Allen                      7.0 <-- ACTUAL WINNER
    3. Carlton Fisk                    6.6
    4. John Mayberry                   4.3
    5. Reggie Jackson                  4.2

  1972 NL Cy Young  [AGREE]
    1. Steve Carlton                  10.0 <-- ACTUAL WINNER <-- BRAVS #1
    2. Bob Gibson                      6.9
    3. Don Sutton                      6.8

  1972 NL MVP  [DISAGREE]
    1. Joe Morgan                      7.9 <-- BRAVS #1
    2. Cesar Cedeno                    7.7
    3. Johnny Bench                    7.1 <-- ACTUAL WINNER
    4. Billy Williams                  7.1
    5. Jim Wynn                        5.2

  1973 AL Cy Young  [DISAGREE]
    1. Bert Blyleven                   9.1 <-- BRAVS #1
    2. Nolan Ryan                      7.7
    3. Wilbur Wood                     6.4
    Actual winner: palmeji01 (#10, 4.3 WAR-eq)

  1973 AL MVP  [DISAGREE]
    1. Sal Bando                       6.9 <-- BRAVS #1
    2. Rod Carew                       6.8
    3. Amos Otis                       6.6
    4. Thurman Munson                  6.3
    5. Bobby Grich                     6.0
    Actual winner: jacksre01 (#7, 5.7 WAR-eq)

  1973 NL Cy Young  [AGREE]
    1. Tom Seaver                      7.1 <-- ACTUAL WINNER <-- BRAVS #1
    2. Don Sutton                      5.7
    3. Rick Wise                       5.1

  1973 NL MVP  [DISAGREE]
    1. Joe Morgan                      9.7 <-- BRAVS #1
    2. Darrell Evans                   9.7
    3. Bobby Bonds                     7.7
    4. Willie Stargell                 7.3
    5. Davey Johnson                   7.3
    Actual winner: rosepe01 (#7, 6.0 WAR-eq)

  1974 AL Cy Young  [DISAGREE]
    1. Fergie Jenkins                  7.7 <-- BRAVS #1
    2. Bert Blyleven                   7.6
    3. Steve Busby                     6.1
    Actual winner: hunteca01 (#4, 5.9 WAR-eq)

  1974 AL MVP  [DISAGREE]
    1. Rod Carew                       7.2 <-- BRAVS #1
    2. Bobby Grich                     6.3
    3. Jeff Burroughs                  5.4 <-- ACTUAL WINNER
    4. Ken Henderson                   5.2
    5. Reggie Jackson                  5.2

  1974 NL Cy Young  [DISAGREE]
    1. Jon Matlack                     6.6 <-- BRAVS #1
    2. Andy Messersmith                6.2
    3. Mike Marshall                   6.1 <-- ACTUAL WINNER

  1974 NL MVP  [DISAGREE]
    1. Joe Morgan                      9.2 <-- BRAVS #1
    2. Mike Schmidt                    8.4
    3. Johnny Bench                    8.1
    4. Jim Wynn                        6.8
    5. Cesar Cedeno                    6.2
    Actual winner: garvest01 (#14, 4.5 WAR-eq)

  1975 AL Cy Young  [AGREE]
    1. Jim Palmer                      6.7 <-- ACTUAL WINNER <-- BRAVS #1
    2. Frank Tanana                    6.5
    3. Gaylord Perry                   6.2

  1975 AL MVP  [AGREE]
    1. Fred Lynn                       8.3 <-- ACTUAL WINNER <-- BRAVS #1
    2. Gene Tenace                     7.7
    3. Toby Harrah                     7.4
    4. John Mayberry                   7.1
    5. Rod Carew                       6.8

  1975 NL Cy Young  [AGREE]
    1. Tom Seaver                      7.5 <-- ACTUAL WINNER <-- BRAVS #1
    2. Ron Reed                        6.6
    3. Andy Messersmith                6.2

  1975 NL MVP  [AGREE]
    1. Joe Morgan                     11.6 <-- ACTUAL WINNER <-- BRAVS #1
    2. Pete Rose                       7.1
    3. Johnny Bench                    7.0
    4. Mike Schmidt                    6.9
    5. Ted Simmons                     6.7

  1976 AL Cy Young  [DISAGREE]
    1. Vida Blue                       7.7 <-- BRAVS #1
    2. Bert Blyleven                   6.9
    3. Frank Tanana                    6.6
    Actual winner: palmeji01 (#5, 5.2 WAR-eq)

  1976 AL MVP  [DISAGREE]
    1. George Brett                    6.4 <-- BRAVS #1
    2. Bobby Grich                     5.7
    3. Graig Nettles                   4.7
    4. Fred Lynn                       4.7
    5. Rod Carew                       4.6
    Actual winner: munsoth01 (#10, 4.2 WAR-eq)

  1976 NL Cy Young  [DISAGREE]
    1. Tom Seaver                      6.7 <-- BRAVS #1
    2. John Montefusco                 5.4
    3. Jerry Koosman                   5.3
    Actual winner: jonesra01 (#6, 5.1 WAR-eq)

  1976 NL MVP  [AGREE]
    1. Joe Morgan                     10.6 <-- ACTUAL WINNER <-- BRAVS #1
    2. Mike Schmidt                    8.3
    3. Pete Rose                       7.3
    4. Ken Griffey                     5.8
    5. George Foster                   5.7

  1977 AL Cy Young  [DISAGREE]
    1. Dennis Leonard                  7.2 <-- BRAVS #1
    2. Frank Tanana                    5.2
    3. Jim Palmer                      5.1
    Actual winner: lylesp01 (#12, 3.2 WAR-eq)

  1977 AL MVP  [AGREE]
    1. Rod Carew                       9.1 <-- ACTUAL WINNER <-- BRAVS #1
    2. Carlton Fisk                    8.5
    3. Ken Singleton                   7.0
    4. Lyman Bostock                   6.9
    5. Toby Harrah                     6.9

  1977 NL Cy Young  [DISAGREE]
    1. Steve Rogers                    6.0 <-- BRAVS #1
    2. Tom Seaver                      5.9
    3. Rick Reuschel                   5.5
    Actual winner: carltst01 (#6, 4.9 WAR-eq)

  1977 NL MVP  [DISAGREE]
    1. Mike Schmidt                    9.5 <-- BRAVS #1
    2. Joe Morgan                      9.1
    3. George Foster                   8.5 <-- ACTUAL WINNER
    4. Reggie Smith                    7.5
    5. Dave Parker                     7.3

  1978 AL Cy Young  [AGREE]
    1. Ron Guidry                      8.0 <-- ACTUAL WINNER <-- BRAVS #1
    2. Jon Matlack                     6.4
    3. Mike Caldwell                   6.1

  1978 AL MVP  [AGREE]
    1. Jim Rice                        8.4 <-- ACTUAL WINNER <-- BRAVS #1
    2. Carlton Fisk                    6.8
    3. Fred Lynn                       6.5
    4. Amos Otis                       6.1
    5. Roy Smalley                     5.4

  1978 NL Cy Young  [DISAGREE]
    1. Phil Niekro                     8.0 <-- BRAVS #1
    2. Vida Blue                       6.0
    3. J. R. Richard                   5.9
    Actual winner: perryga01 (#4, 5.5 WAR-eq)

  1978 NL MVP  [AGREE]
    1. Dave Parker                     7.1 <-- ACTUAL WINNER <-- BRAVS #1
    2. Jeff Burroughs                  6.4
    3. Ted Simmons                     6.2
    4. Davey Lopes                     6.1
    5. Greg Luzinski                   5.6

  1979 AL Cy Young  [DISAGREE]
    1. Tommy John                      5.6 <-- BRAVS #1
    2. Ron Guidry                      4.9
    3. Mike Flanagan                   4.9 <-- ACTUAL WINNER

  1979 AL MVP  [DISAGREE]
    1. Fred Lynn                      10.9 <-- BRAVS #1
    2. Darrell Porter                  8.5
    3. Jim Rice                        7.9
    4. George Brett                    7.9
    5. Brian Downing                   7.1
    Actual winner: baylodo01 (#8, 6.7 WAR-eq)

  1979 NL Cy Young  [DISAGREE]
    1. J. R. Richard                   8.1 <-- BRAVS #1
    2. Bruce Sutter                    4.3 <-- ACTUAL WINNER
    3. Steve Rogers                    4.2

  1979 NL MVP  [DISAGREE]
    1. Mike Schmidt                    8.4 <-- BRAVS #1
    2. Keith Hernandez                 8.0
    3. Dave Winfield                   7.2
    4. Dave Parker                     7.2
    5. Lee Mazzilli                    7.1
    Actual winner: stargwi01 (#41, 2.7 WAR-eq)

  1980 AL Cy Young  [DISAGREE]
    1. Mike Norris                     5.2 <-- BRAVS #1
    2. Jon Matlack                     4.9
    3. Scott McGregor                  4.4
    Actual winner: stonest01 (#30, 2.3 WAR-eq)

  1980 AL MVP  [AGREE]
    1. George Brett                    8.1 <-- ACTUAL WINNER <-- BRAVS #1
    2. Al Bumbry                       7.2
    3. Rickey Henderson                6.8
    4. Willie Randolph                 6.8
    5. Reggie Jackson                  6.6

  1980 NL Cy Young  [AGREE]
    1. Steve Carlton                   8.1 <-- ACTUAL WINNER <-- BRAVS #1
    2. Jerry Reuss                     5.0
    3. Nolan Ryan                      4.7

  1980 NL MVP  [AGREE]
    1. Mike Schmidt                    9.3 <-- ACTUAL WINNER <-- BRAVS #1
    2. Keith Hernandez                 7.0
    3. Andre Dawson                    6.3
    4. Gary Carter                     6.0
    5. Dale Murphy                     5.6

  1981 AL Cy Young  [DISAGREE]
    1. Len Barker                      3.9 <-- BRAVS #1
    2. Dennis Leonard                  3.6
    3. Bert Blyleven                   3.3

  1981 AL MVP  [DISAGREE]
    1. Dwight Evans                    6.4 <-- BRAVS #1
    2. Rickey Henderson                4.7
    3. Bobby Grich                     4.3
    4. Dwayne Murphy                   3.9
    5. Tom Paciorek                    3.6

  1981 NL Cy Young  [DISAGREE]
    1. Steve Carlton                   5.5 <-- BRAVS #1
    2. Fernando Valenzuela             5.1 <-- ACTUAL WINNER
    3. Bill Gullickson                 4.5

  1981 NL MVP  [AGREE]
    1. Mike Schmidt                    6.9 <-- ACTUAL WINNER <-- BRAVS #1
    2. Andre Dawson                    5.4
    3. George Foster                   4.0
    4. Keith Hernandez                 3.8
    5. Gary Matthews                   3.4

  1982 AL Cy Young  [DISAGREE]
    1. Don Sutton                      4.9 <-- BRAVS #1
    2. LaMarr Hoyt                     4.4
    3. Len Barker                      4.4
    Actual winner: vuckope01 (#33, 1.7 WAR-eq)

  1982 AL MVP  [AGREE]
    1. Robin Yount                     9.8 <-- ACTUAL WINNER <-- BRAVS #1
    2. Dwight Evans                    8.4
    3. Toby Harrah                     7.7
    4. Paul Molitor                    6.6
    5. Doug DeCinces                   6.6

  1982 NL Cy Young  [AGREE]
    1. Steve Carlton                   8.2 <-- ACTUAL WINNER <-- BRAVS #1
    2. Mario Soto                      7.0
    3. Steve Rogers                    6.4

  1982 NL MVP  [DISAGREE]
    1. Gary Carter                     7.8 <-- BRAVS #1
    2. Dale Murphy                     7.7 <-- ACTUAL WINNER
    3. Mike Schmidt                    7.5
    4. Andre Dawson                    6.6
    5. Jason Thompson                  5.8

  1983 AL Cy Young  [DISAGREE]
    1. Jack Morris                     4.9 <-- BRAVS #1
    2. Dave Righetti                   4.8
    3. LaMarr Hoyt                     4.8 <-- ACTUAL WINNER

  1983 AL MVP  [DISAGREE]
    1. Wade Boggs                      8.5 <-- BRAVS #1
    2. Cal Ripken                      7.8 <-- ACTUAL WINNER
    3. Robin Yount                     7.2
    4. Eddie Murray                    6.8
    5. Lou Whitaker                    6.6

  1983 NL Cy Young  [DISAGREE]
    1. Steve Carlton                   6.8 <-- BRAVS #1
    2. John Denny                      5.4 <-- ACTUAL WINNER
    3. Jerry Reuss                     5.2

  1983 NL MVP  [AGREE]
    1. Dale Murphy                     8.8 <-- ACTUAL WINNER <-- BRAVS #1
    2. Mike Schmidt                    7.5
    3. Pedro Guerrero                  6.7
    4. Andre Dawson                    6.5
    5. Tim Raines                      6.2

  1984 AL Cy Young  [DISAGREE]
    1. Mike Witt                       4.7 <-- BRAVS #1
    2. Dave Stieb                      4.6
    3. Willie Hernandez                4.6 <-- ACTUAL WINNER

  1984 AL MVP  [DISAGREE]
    1. Cal Ripken                      8.4 <-- BRAVS #1
    2. Dwight Evans                    7.8
    3. Eddie Murray                    6.7
    4. Alan Trammell                   6.5
    5. Wade Boggs                      6.4

  1984 NL Cy Young  [DISAGREE]
    1. Dwight Gooden                   7.6 <-- BRAVS #1
    2. Fernando Valenzuela             5.8
    3. Rick Sutcliffe                  5.3 <-- ACTUAL WINNER

  1984 NL MVP  [AGREE]
    1. Ryne Sandberg                   8.6 <-- ACTUAL WINNER <-- BRAVS #1
    2. Tim Raines                      7.7
    3. Dale Murphy                     7.5
    4. Gary Carter                     7.1
    5. Mike Schmidt                    6.7

  1985 AL Cy Young  [DISAGREE]
    1. Bert Blyleven                   6.4 <-- BRAVS #1
    2. Bret Saberhagen                 6.1 <-- ACTUAL WINNER
    3. Mike Moore                      4.9

  1985 AL MVP  [DISAGREE]
    1. Rickey Henderson                9.7 <-- BRAVS #1
    2. Wade Boggs                      9.6
    3. George Brett                    9.2
    4. Don Mattingly                   6.9 <-- ACTUAL WINNER
    5. Lou Whitaker                    6.1

  1985 NL Cy Young  [AGREE]
    1. Dwight Gooden                  10.0 <-- ACTUAL WINNER <-- BRAVS #1
    2. John Tudor                      7.3
    3. Orel Hershiser                  6.3

  1985 NL MVP  [DISAGREE]
    1. Dale Murphy                     8.3 <-- BRAVS #1
    2. Willie McGee                    8.2 <-- ACTUAL WINNER
    3. Ryne Sandberg                   7.7
    4. Tim Raines                      6.5
    5. Pedro Guerrero                  6.4

  1986 AL Cy Young  [AGREE]
    1. Roger Clemens                   7.0 <-- ACTUAL WINNER <-- BRAVS #1
    2. Mike Witt                       6.2
    3. Mark Eichhorn                   5.7

  1986 AL MVP  [DISAGREE]
    1. Kirby Puckett                   8.4 <-- BRAVS #1
    2. Don Mattingly                   8.4
    3. Wade Boggs                      8.3
    4. Jesse Barfield                  7.2
    5. Rickey Henderson                7.1

  1986 NL Cy Young  [AGREE]
    1. Mike Scott                      9.5 <-- ACTUAL WINNER <-- BRAVS #1
    2. Fernando Valenzuela             7.8
    3. Bob Welch                       6.2

  1986 NL MVP  [AGREE]
    1. Mike Schmidt                    7.3 <-- ACTUAL WINNER <-- BRAVS #1
    2. Tim Raines                      7.2
    3. Steve Sax                       6.2
    4. Dale Murphy                     5.9
    5. Tony Gwynn                      5.7

  1987 AL Cy Young  [AGREE]
    1. Roger Clemens                   7.7 <-- ACTUAL WINNER <-- BRAVS #1
    2. Teddy Higuera                   5.9
    3. Jimmy Key                       4.8

  1987 AL MVP  [DISAGREE]
    1. Wade Boggs                      9.7 <-- BRAVS #1
    2. Alan Trammell                   9.0
    3. Kevin Seitzer                   7.5
    4. Dwight Evans                    7.4
    5. Kirby Puckett                   7.3
    Actual winner: bellge02 (#11, 6.5 WAR-eq)

  1987 NL Cy Young  [DISAGREE]
    1. Nolan Ryan                      6.2 <-- BRAVS #1
    2. Orel Hershiser                  6.2
    3. Mike Scott                      5.7

  1987 NL MVP  [DISAGREE]
    1. Eric Davis                      8.8 <-- BRAVS #1
    2. Tony Gwynn                      8.0
    3. Darryl Strawberry               7.4
    4. Dale Murphy                     7.4
    5. Ozzie Smith                     7.3
    Actual winner: dawsoan01 (#10, 6.0 WAR-eq)

  1988 AL Cy Young  [DISAGREE]
    1. Roger Clemens                   9.6 <-- BRAVS #1
    2. Mark Gubicza                    6.9
    3. Greg Swindell                   6.8
    Actual winner: violafr01 (#4, 6.7 WAR-eq)

  1988 AL MVP  [DISAGREE]
    1. Wade Boggs                      8.9 <-- BRAVS #1
    2. Kirby Puckett                   8.3
    3. Jose Canseco                    7.6 <-- ACTUAL WINNER
    4. Mike Greenwell                  7.0
    5. Paul Molitor                    6.3

  1988 NL Cy Young  [DISAGREE]
    1. Dwight Gooden                   7.6 <-- BRAVS #1
    2. David Cone                      6.7
    3. Tim Leary                       6.6
    Actual winner: hershor01 (#5, 6.2 WAR-eq)

  1988 NL MVP  [DISAGREE]
    1. Andy Van Slyke                  6.8 <-- BRAVS #1
    2. Brett Butler                    5.7
    3. Barry Larkin                    5.5
    4. Eric Davis                      5.2
    5. Bobby Bonilla                   5.2
    Actual winner: gibsoki01 (#10, 4.7 WAR-eq)

  1989 AL Cy Young  [AGREE]
    1. Bret Saberhagen                 8.7 <-- ACTUAL WINNER <-- BRAVS #1
    2. Mark Gubicza                    7.4
    3. Nolan Ryan                      7.3

  1989 AL MVP  [AGREE]
    1. Robin Yount                     7.5 <-- ACTUAL WINNER <-- BRAVS #1
    2. Wade Boggs                      6.8
    3. Kirby Puckett                   6.4
    4. Ruben Sierra                    6.2
    5. Rickey Henderson                6.0

  1989 NL Cy Young  [DISAGREE]
    1. Orel Hershiser                  7.2 <-- BRAVS #1
    2. Frank Viola                     6.1
    3. Bruce Hurst                     5.8

  1989 NL MVP  [DISAGREE]
    1. Howard Johnson                  7.6 <-- BRAVS #1
    2. Will Clark                      7.0
    3. Ryne Sandberg                   6.8
    4. Kevin Mitchell                  6.6 <-- ACTUAL WINNER
    5. Lonnie Smith                    6.1

  1990 AL Cy Young  [DISAGREE]
    1. Roger Clemens                   8.4 <-- BRAVS #1
    2. Erik Hanson                     6.9
    3. Dave Stewart                    5.6
    Actual winner: welchbo01 (#41, 2.2 WAR-eq)

  1990 AL MVP  [AGREE]
    1. Rickey Henderson                8.9 <-- ACTUAL WINNER <-- BRAVS #1
    2. Cecil Fielder                   6.7
    3. Fred McGriff                    6.2
    4. Kelly Gruber                    6.1
    5. Ken Griffey                     5.9

  1990 NL Cy Young  [DISAGREE]
    1. Dwight Gooden                   7.5 <-- BRAVS #1
    2. Frank Viola                     6.5
    3. Greg Maddux                     5.8
    Actual winner: drabedo01 (#8, 5.1 WAR-eq)

  1990 NL MVP  [DISAGREE]
    1. Ryne Sandberg                   8.1 <-- BRAVS #1
    2. Barry Bonds                     7.8 <-- ACTUAL WINNER
    3. Lenny Dykstra                   7.5
    4. Ron Gant                        6.7
    5. Brett Butler                    6.3

  1991 AL Cy Young  [AGREE]
    1. Roger Clemens                   8.5 <-- ACTUAL WINNER <-- BRAVS #1
    2. Greg Swindell                   6.3
    3. Tom Candiotti                   5.7

  1991 AL MVP  [AGREE]
    1. Cal Ripken                      9.1 <-- ACTUAL WINNER <-- BRAVS #1
    2. Frank Thomas                    7.5
    3. Ken Griffey                     7.1
    4. Julio Franco                    6.6
    5. Roberto Alomar                  6.4

  1991 NL Cy Young  [DISAGREE]
    1. Greg Maddux                     7.0 <-- BRAVS #1
    2. David Cone                      6.8
    3. Tom Glavine                     6.4 <-- ACTUAL WINNER

  1991 NL MVP  [DISAGREE]
    1. Ryne Sandberg                   7.4 <-- BRAVS #1
    2. Barry Larkin                    6.0
    3. Barry Bonds                     5.9
    4. Terry Pendleton                 5.8 <-- ACTUAL WINNER
    5. Chris Sabo                      5.7

  1992 AL Cy Young  [DISAGREE]
    1. Roger Clemens                   7.3 <-- BRAVS #1
    2. Charles Nagy                    7.0
    3. Kevin Brown                     6.4

  1992 AL MVP  [DISAGREE]
    1. Frank Thomas                    7.6 <-- BRAVS #1
    2. Roberto Alomar                  7.0
    3. Edgar Martinez                  6.8
    4. Kirby Puckett                   6.4
    5. Ken Griffey                     5.8

  1992 NL Cy Young  [AGREE]
    1. Greg Maddux                     8.2 <-- ACTUAL WINNER <-- BRAVS #1
    2. Doug Drabek                     6.0
    3. John Smoltz                     5.9

  1992 NL MVP  [AGREE]
    1. Barry Bonds                     8.3 <-- ACTUAL WINNER <-- BRAVS #1
    2. Andy Van Slyke                  7.6
    3. Gary Sheffield                  6.9
    4. Darren Daulton                  6.9
    5. Ryne Sandberg                   6.8

  1993 AL Cy Young  [DISAGREE]
    1. Kevin Appier                    6.5 <-- BRAVS #1
    2. Randy Johnson                   6.4
    3. Jimmy Key                       4.9
    Actual winner: mcdowja01 (#5, 4.8 WAR-eq)

  1993 AL MVP  [DISAGREE]
    1. Ken Griffey                     9.0 <-- BRAVS #1
    2. John Olerud                     8.0
    3. Roberto Alomar                  7.9
    4. Frank Thomas                    7.3 <-- ACTUAL WINNER
    5. Travis Fryman                   7.0

  1993 NL Cy Young  [AGREE]
    1. Greg Maddux                     7.8 <-- ACTUAL WINNER <-- BRAVS #1
    2. Jose Rijo                       7.3
    3. Steve Avery                     5.2

  1993 NL MVP  [AGREE]
    1. Barry Bonds                     9.3 <-- ACTUAL WINNER <-- BRAVS #1
    2. Lenny Dykstra                   8.8
    3. Mike Piazza                     7.3
    4. Darren Daulton                  7.1
    5. Jeff Blauser                    6.8

  1994 AL Cy Young  [DISAGREE]
    1. Jack McDowell                   4.2 <-- BRAVS #1
    2. Randy Johnson                   4.2
    3. Roger Clemens                   3.2
    Actual winner: coneda01 (#6, 3.0 WAR-eq)

  1994 AL MVP  [AGREE]
    1. Frank Thomas                    8.2 <-- ACTUAL WINNER <-- BRAVS #1
    2. Kenny Lofton                    7.4
    3. Albert Belle                    7.3
    4. Ken Griffey                     7.2
    5. Wade Boggs                      5.2

  1994 NL Cy Young  [AGREE]
    1. Greg Maddux                     7.8 <-- ACTUAL WINNER <-- BRAVS #1
    2. Bret Saberhagen                 5.7
    3. Jose Rijo                       4.2

  1994 NL MVP  [AGREE]
    1. Jeff Bagwell                    7.8 <-- ACTUAL WINNER <-- BRAVS #1
    2. Craig Biggio                    6.7
    3. Barry Bonds                     6.5
    4. Fred McGriff                    5.1
    5. Brett Butler                    5.1

  1995 AL Cy Young  [AGREE]
    1. Randy Johnson                   8.0 <-- ACTUAL WINNER <-- BRAVS #1
    2. Kevin Appier                    4.0
    3. Mike Mussina                    3.9

  1995 AL MVP  [DISAGREE]
    1. Albert Belle                    8.2 <-- BRAVS #1
    2. Edgar Martinez                  8.2
    3. Tim Salmon                      7.9
    4. John Valentin                   7.4
    5. Jim Thome                       6.9
    Actual winner: vaughmo01 (#14, 5.3 WAR-eq)

  1995 NL Cy Young  [AGREE]
    1. Greg Maddux                     8.0 <-- ACTUAL WINNER <-- BRAVS #1
    2. Shane Reynolds                  4.9
    3. Hideo Nomo                      4.8

  1995 NL MVP  [DISAGREE]
    1. Craig Biggio                    7.8 <-- BRAVS #1
    2. Barry Larkin                    7.1 <-- ACTUAL WINNER
    3. Barry Bonds                     6.7
    4. Mike Piazza                     6.1
    5. Reggie Sanders                  6.0

  1996 AL Cy Young  [DISAGREE]
    1. Roger Clemens                   5.2 <-- BRAVS #1
    2. Kevin Appier                    4.7
    3. Mariano Rivera                  4.5
    Actual winner: hentgpa01 (#4, 4.2 WAR-eq)

  1996 AL MVP  [DISAGREE]
    1. Alex Rodriguez                 10.1 <-- BRAVS #1
    2. Brady Anderson                  9.7
    3. Chuck Knoblauch                 8.9
    4. Jim Thome                       8.9
    5. Ken Griffey                     8.8
    Actual winner: gonzaju03 (#18, 5.9 WAR-eq)

  1996 NL Cy Young  [AGREE]
    1. John Smoltz                     8.4 <-- ACTUAL WINNER <-- BRAVS #1
    2. Greg Maddux                     8.2
    3. Kevin Brown                     6.6

  1996 NL MVP  [DISAGREE]
    1. Barry Bonds                     9.1 <-- BRAVS #1
    2. Ellis Burks                     9.1
    3. Gary Sheffield                  8.7
    4. Barry Larkin                    8.6
    5. Ken Caminiti                    8.2 <-- ACTUAL WINNER

  1997 AL Cy Young  [AGREE]
    1. Roger Clemens                   9.5 <-- ACTUAL WINNER <-- BRAVS #1
    2. Andy Pettitte                   6.7
    3. Randy Johnson                   6.0

  1997 AL MVP  [AGREE]
    1. Ken Griffey                     9.1 <-- ACTUAL WINNER <-- BRAVS #1
    2. Frank Thomas                    8.2
    3. Nomar Garciaparra               7.0
    4. Edgar Martinez                  6.9
    5. Bernie Williams                 6.8

  1997 NL Cy Young  [DISAGREE]
    1. Greg Maddux                     8.6 <-- BRAVS #1
    2. Pedro Martinez                  8.0 <-- ACTUAL WINNER
    3. Curt Schilling                  7.8

  1997 NL MVP  [AGREE]
    1. Larry Walker                   11.3 <-- ACTUAL WINNER <-- BRAVS #1
    2. Mike Piazza                    10.0
    3. Craig Biggio                    9.8
    4. Barry Bonds                     8.1
    5. Jeff Bagwell                    7.5

  1998 AL Cy Young  [AGREE]
    1. Roger Clemens                   7.1 <-- ACTUAL WINNER <-- BRAVS #1
    2. Pedro Martinez                  5.1
    3. Mike Mussina                    4.4

  1998 AL MVP  [DISAGREE]
    1. Ken Griffey                     8.9 <-- BRAVS #1
    2. Alex Rodriguez                  8.6
    3. Albert Belle                    8.3
    4. Bernie Williams                 6.9
    5. Rafael Palmeiro                 6.9
    Actual winner: gonzaju03 (#10, 6.5 WAR-eq)

  1998 NL Cy Young  [DISAGREE]
    1. Kevin Brown                     9.5 <-- BRAVS #1
    2. Greg Maddux                     8.2
    3. Curt Schilling                  7.8
    Actual winner: glavito02 (#6, 4.9 WAR-eq)

  1998 NL MVP  [DISAGREE]
    1. Mark McGwire                   10.5 <-- BRAVS #1
    2. Craig Biggio                    8.2
    3. Chipper Jones                   8.1
    4. Barry Bonds                     8.1
    5. Scott Rolen                     7.9
    Actual winner: sosasa01 (#6, 7.7 WAR-eq)

  1999 AL Cy Young  [AGREE]
    1. Pedro Martinez                  9.6 <-- ACTUAL WINNER <-- BRAVS #1
    2. Mike Mussina                    4.7
    3. Jamie Moyer                     3.4

  1999 AL MVP  [DISAGREE]
    1. Derek Jeter                     9.5 <-- BRAVS #1
    2. Roberto Alomar                  8.9
    3. Manny Ramirez                   8.4
    4. Ken Griffey                     8.2
    5. Bernie Williams                 8.1
    Actual winner: rodriiv01 (#12, 6.4 WAR-eq)

  1999 NL Cy Young  [AGREE]
    1. Randy Johnson                   7.3 <-- ACTUAL WINNER <-- BRAVS #1
    2. Shane Reynolds                  5.5
    3. Kevin Brown                     5.4

  1999 NL MVP  [AGREE]
    1. Chipper Jones                   9.2 <-- ACTUAL WINNER <-- BRAVS #1
    2. Jeff Bagwell                    8.4
    3. Mark McGwire                    8.0
    4. Larry Walker                    7.9
    5. Brian Giles                     7.7

  2000 AL Cy Young  [AGREE]
    1. Pedro Martinez                  7.7 <-- ACTUAL WINNER <-- BRAVS #1
    2. Mike Mussina                    4.8
    3. David Wells                     4.8

  2000 AL MVP  [DISAGREE]
    1. Carlos Delgado                  9.8 <-- BRAVS #1
    2. Jason Giambi                    9.6 <-- ACTUAL WINNER
    3. Alex Rodriguez                  9.2
    4. Darin Erstad                    8.2
    5. Troy Glaus                      8.1

  2000 NL Cy Young  [AGREE]
    1. Randy Johnson                   7.5 <-- ACTUAL WINNER <-- BRAVS #1
    2. Greg Maddux                     6.4
    3. Kevin Brown                     5.2

  2000 NL MVP  [DISAGREE]
    1. Todd Helton                     9.8 <-- BRAVS #1
    2. Jim Edmonds                     8.7
    3. Brian Giles                     8.6
    4. Jeff Kent                       8.5 <-- ACTUAL WINNER
    5. Richard Hidalgo                 8.1

  2001 AL Cy Young  [DISAGREE]
    1. Mike Mussina                    6.5 <-- BRAVS #1
    2. Andy Pettitte                   5.3
    3. Mark Mulder                     5.2
    Actual winner: clemero02 (#4, 5.0 WAR-eq)

  2001 AL MVP  [DISAGREE]
    1. Alex Rodriguez                 10.7 <-- BRAVS #1
    2. Jason Giambi                    9.3
    3. Roberto Alomar                  9.0
    4. Bret Boone                      7.5
    5. Jim Thome                       7.2
    Actual winner: suzukic01 (#10, 6.3 WAR-eq)

  2001 NL Cy Young  [AGREE]
    1. Randy Johnson                   8.7 <-- ACTUAL WINNER <-- BRAVS #1
    2. Greg Maddux                     6.5
    3. Curt Schilling                  6.3

  2001 NL MVP  [AGREE]
    1. Barry Bonds                    13.5 <-- ACTUAL WINNER <-- BRAVS #1
    2. Todd Helton                    10.2
    3. Sammy Sosa                     10.2
    4. Luis Gonzalez                  10.1
    5. Larry Walker                    9.5

  2002 AL Cy Young  [DISAGREE]
    1. Pedro Martinez                  6.9 <-- BRAVS #1
    2. Roy Halladay                    6.2
    3. Derek Lowe                      4.7
    Actual winner: zitoba01 (#14, 3.3 WAR-eq)

  2002 AL MVP  [DISAGREE]
    1. Alex Rodriguez                 10.5 <-- BRAVS #1
    2. Jason Giambi                    8.5
    3. Jim Thome                       8.1
    4. Bernie Williams                 7.0
    5. Alfonso Soriano                 6.8
    Actual winner: tejadmi01 (#7, 6.5 WAR-eq)

  2002 NL Cy Young  [DISAGREE]
    1. Curt Schilling                  8.6 <-- BRAVS #1
    2. Randy Johnson                   7.2 <-- ACTUAL WINNER
    3. Roy Oswalt                      5.7

  2002 NL MVP  [AGREE]
    1. Barry Bonds                    10.7 <-- ACTUAL WINNER <-- BRAVS #1
    2. Lance Berkman                   7.9
    3. Brian Giles                     7.7
    4. Todd Helton                     7.5
    5. Jim Edmonds                     7.1

  2003 AL Cy Young  [DISAGREE]
    1. Pedro Martinez                  6.7 <-- BRAVS #1
    2. Roy Halladay                    6.5 <-- ACTUAL WINNER
    3. Esteban Loaiza                  5.8

  2003 AL MVP  [AGREE]
    1. Alex Rodriguez                 10.1 <-- ACTUAL WINNER <-- BRAVS #1
    2. Carlos Delgado                  7.6
    3. Bret Boone                      7.4
    4. Vernon Wells                    7.3
    5. Nomar Garciaparra               6.9

  2003 NL Cy Young  [DISAGREE]
    1. Mark Prior                      7.2 <-- BRAVS #1
    2. Jason Schmidt                   6.0
    3. Kevin Brown                     5.9

  2003 NL MVP  [DISAGREE]
    1. Albert Pujols                  10.0 <-- BRAVS #1
    2. Todd Helton                     8.8
    3. Gary Sheffield                  8.4
    4. Barry Bonds                     7.7 <-- ACTUAL WINNER
    5. Javy Lopez                      7.5

  2004 AL Cy Young  [AGREE]
    1. Johan Santana                   6.3 <-- ACTUAL WINNER <-- BRAVS #1
    2. Curt Schilling                  5.8
    3. Brad Radke                      4.6

  2004 AL MVP  [DISAGREE]
    1. Melvin Mora                     8.0 <-- BRAVS #1
    2. Miguel Tejada                   7.1
    3. Vladimir Guerrero               7.0 <-- ACTUAL WINNER
    4. Ichiro Suzuki                   6.7
    5. Manny Ramirez                   6.7

  2004 NL Cy Young  [DISAGREE]
    1. Randy Johnson                   8.5 <-- BRAVS #1
    2. Ben Sheets                      7.3
    3. Jason Schmidt                   6.0
    Actual winner: clemero02 (#5, 5.1 WAR-eq)

  2004 NL MVP  [DISAGREE]
    1. Todd Helton                     9.8 <-- BRAVS #1
    2. Jim Edmonds                     9.2
    3. Bobby Abreu                     8.6
    4. Adrian Beltre                   8.5
    5. Albert Pujols                   8.4
    Actual winner: bondsba01 (#7, 8.3 WAR-eq)

  2005 AL Cy Young  [DISAGREE]
    1. Johan Santana                   7.1 <-- BRAVS #1
    2. Mark Buehrle                    5.4
    3. John Lackey                     5.3
    Actual winner: colonba01 (#4, 4.1 WAR-eq)

  2005 AL MVP  [AGREE]
    1. Alex Rodriguez                 10.9 <-- ACTUAL WINNER <-- BRAVS #1
    2. Michael Young                   8.1
    3. Mark Teixeira                   8.1
    4. Derek Jeter                     7.8
    5. David Ortiz                     7.5

  2005 NL Cy Young  [DISAGREE]
    1. Dontrelle Willis                6.8 <-- BRAVS #1
    2. Chris Carpenter                 6.4 <-- ACTUAL WINNER
    3. Roger Clemens                   6.3

  2005 NL MVP  [DISAGREE]
    1. Derrek Lee                      9.5 <-- BRAVS #1
    2. Albert Pujols                   8.2 <-- ACTUAL WINNER
    3. Jason Bay                       8.0
    4. David Wright                    7.0
    5. Andruw Jones                    7.0

  2006 AL Cy Young  [AGREE]
    1. Johan Santana                   6.8 <-- ACTUAL WINNER <-- BRAVS #1
    2. Jeremy Bonderman                5.4
    3. John Lackey                     5.2

  2006 AL MVP  [DISAGREE]
    1. Derek Jeter                     9.2 <-- BRAVS #1
    2. Grady Sizemore                  8.6
    3. Vernon Wells                    7.7
    4. David Ortiz                     7.4
    5. Jermaine Dye                    7.0
    Actual winner: morneju01 (#20, 5.6 WAR-eq)

  2006 NL Cy Young  [AGREE]
    1. Brandon Webb                    6.1 <-- ACTUAL WINNER <-- BRAVS #1
    2. Roy Oswalt                      5.5
    3. John Smoltz                     5.0

  2006 NL MVP  [DISAGREE]
    1. Carlos Beltran                  8.7 <-- BRAVS #1
    2. Chase Utley                     8.4
    3. Ryan Howard                     8.3 <-- ACTUAL WINNER
    4. Albert Pujols                   8.3
    5. Garrett Atkins                  8.1

  2007 AL Cy Young  [AGREE]
    1. CC Sabathia                     6.9 <-- ACTUAL WINNER <-- BRAVS #1
    2. Josh Beckett                    5.8
    3. Joe Blanton                     5.6

  2007 AL MVP  [AGREE]
    1. Alex Rodriguez                 10.8 <-- ACTUAL WINNER <-- BRAVS #1
    2. Magglio Ordonez                 8.6
    3. David Ortiz                     8.3
    4. Grady Sizemore                  8.1
    5. Curtis Granderson               8.0

  2007 NL Cy Young  [AGREE]
    1. Jake Peavy                      7.3 <-- ACTUAL WINNER <-- BRAVS #1
    2. Brandon Webb                    5.8
    3. Tim Hudson                      5.6

  2007 NL MVP  [DISAGREE]
    1. David Wright                    9.9 <-- BRAVS #1
    2. Hanley Ramirez                  9.0
    3. Jimmy Rollins                   8.6 <-- ACTUAL WINNER
    4. Matt Holliday                   8.5
    5. Chase Utley                     8.2

  2008 AL Cy Young  [DISAGREE]
    1. Roy Halladay                    7.0 <-- BRAVS #1
    2. Cliff Lee                       7.0 <-- ACTUAL WINNER
    3. Ervin Santana                   5.5

  2008 AL MVP  [DISAGREE]
    1. Grady Sizemore                  8.2 <-- BRAVS #1
    2. Dustin Pedroia                  7.7 <-- ACTUAL WINNER
    3. Josh Hamilton                   7.3
    4. Joe Mauer                       6.7
    5. Alex Rodriguez                  6.7

  2008 NL Cy Young  [DISAGREE]
    1. CC Sabathia                     7.5 <-- BRAVS #1
    2. Tim Lincecum                    7.4 <-- ACTUAL WINNER
    3. Dan Haren                       6.4

  2008 NL MVP  [DISAGREE]
    1. Hanley Ramirez                  8.6 <-- BRAVS #1
    2. David Wright                    8.6
    3. Albert Pujols                   8.0 <-- ACTUAL WINNER
    4. Chase Utley                     7.5
    5. Carlos Beltran                  7.3

  2009 AL Cy Young  [AGREE]
    1. Zack Greinke                    8.7 <-- ACTUAL WINNER <-- BRAVS #1
    2. Justin Verlander                7.6
    3. Roy Halladay                    6.9

  2009 AL MVP  [AGREE]
    1. Joe Mauer                       9.9 <-- ACTUAL WINNER <-- BRAVS #1
    2. Derek Jeter                     8.4
    3. Mark Teixeira                   7.6
    4. Ben Zobrist                     7.5
    5. Victor Martinez                 7.1

  2009 NL Cy Young  [AGREE]
    1. Tim Lincecum                    8.3 <-- ACTUAL WINNER <-- BRAVS #1
    2. Javier Vazquez                  6.9
    3. Adam Wainwright                 6.9

  2009 NL MVP  [DISAGREE]
    1. Chase Utley                     8.7 <-- BRAVS #1
    2. Hanley Ramirez                  8.2
    3. Albert Pujols                   8.2 <-- ACTUAL WINNER
    4. Ryan Braun                      8.1
    5. Prince Fielder                  7.8

  2010 AL Cy Young  [DISAGREE]
    1. Cliff Lee                       7.7 <-- BRAVS #1
    2. Felix Hernandez                 7.2 <-- ACTUAL WINNER
    3. Justin Verlander                6.6

  2010 AL MVP  [DISAGREE]
    1. Jose Bautista                   8.8 <-- BRAVS #1
    2. Josh Hamilton                   7.9 <-- ACTUAL WINNER
    3. Robinson Cano                   7.9
    4. Paul Konerko                    7.0
    5. Miguel Cabrera                  6.7

  2010 NL Cy Young  [AGREE]
    1. Roy Halladay                    7.2 <-- ACTUAL WINNER <-- BRAVS #1
    2. Adam Wainwright                 7.2
    3. Josh Johnson                    6.5

  2010 NL MVP  [AGREE]
    1. Joey Votto                      8.4 <-- ACTUAL WINNER <-- BRAVS #1
    2. Carlos Gonzalez                 7.6
    3. Albert Pujols                   7.3
    4. Troy Tulowitzki                 7.2
    5. Rickie Weeks                    7.0

  2011 AL Cy Young  [AGREE]
    1. Justin Verlander                7.5 <-- ACTUAL WINNER <-- BRAVS #1
    2. CC Sabathia                     7.4
    3. Dan Haren                       7.3

  2011 AL MVP  [DISAGREE]
    1. Jacoby Ellsbury                10.2 <-- BRAVS #1
    2. Jose Bautista                   8.9
    3. Miguel Cabrera                  8.2
    4. Curtis Granderson               8.2
    5. Dustin Pedroia                  8.0

  2011 NL Cy Young  [AGREE]
    1. Clayton Kershaw                 9.4 <-- ACTUAL WINNER <-- BRAVS #1
    2. Roy Halladay                    9.3
    3. Cliff Lee                       8.3

  2011 NL MVP  [DISAGREE]
    1. Matt Kemp                       9.3 <-- BRAVS #1
    2. Ryan Braun                      8.5 <-- ACTUAL WINNER
    3. Joey Votto                      7.7
    4. Troy Tulowitzki                 7.6
    5. Jose Reyes                      6.4

  2012 AL Cy Young  [DISAGREE]
    1. Felix Hernandez                 7.5 <-- BRAVS #1
    2. Justin Verlander                7.4
    3. David Price                     6.2 <-- ACTUAL WINNER

  2012 AL MVP  [DISAGREE]
    1. Mike Trout                      9.3 <-- BRAVS #1
    2. Miguel Cabrera                  8.7 <-- ACTUAL WINNER
    3. Robinson Cano                   8.4
    4. Adrian Beltre                   8.0
    5. Adam Jones                      7.0

  2012 NL Cy Young  [DISAGREE]
    1. Clayton Kershaw                 7.2 <-- BRAVS #1
    2. Gio Gonzalez                    6.0
    3. Cliff Lee                       5.9
    Actual winner: dickera01 (#4, 5.8 WAR-eq)

  2012 NL MVP  [DISAGREE]
    1. Andrew McCutchen                8.9 <-- BRAVS #1
    2. Buster Posey                    8.3 <-- ACTUAL WINNER
    3. Chase Headley                   8.2
    4. Ryan Braun                      8.0
    5. Yadier Molina                   7.2

  2013 AL Cy Young  [DISAGREE]
    1. Felix Hernandez                 7.4 <-- BRAVS #1
    2. Max Scherzer                    7.3 <-- ACTUAL WINNER
    3. Anibal Sanchez                  7.0

  2013 AL MVP  [DISAGREE]
    1. Mike Trout                     11.2 <-- BRAVS #1
    2. Miguel Cabrera                 10.3 <-- ACTUAL WINNER
    3. Chris Davis                     8.3
    4. Josh Donaldson                  7.2
    5. Carlos Santana                  7.1

  2013 NL Cy Young  [DISAGREE]
    1. Adam Wainwright                 9.8 <-- BRAVS #1
    2. Clayton Kershaw                 9.4 <-- ACTUAL WINNER
    3. Matt Harvey                     7.7

  2013 NL MVP  [DISAGREE]
    1. Shin-Soo Choo                   8.8 <-- BRAVS #1
    2. Matt Carpenter                  8.3
    3. Andrew McCutchen                7.8 <-- ACTUAL WINNER
    4. Paul Goldschmidt                7.3
    5. Joey Votto                      7.1

  2014 AL Cy Young  [AGREE]
    1. Corey Kluber                   10.0 <-- ACTUAL WINNER <-- BRAVS #1
    2. Felix Hernandez                 9.3
    3. David Price                     9.1

  2014 AL MVP  [AGREE]
    1. Mike Trout                      9.7 <-- ACTUAL WINNER <-- BRAVS #1
    2. Jose Bautista                   7.1
    3. Michael Brantley                7.1
    4. Jose Altuve                     7.0
    5. Jose Abreu                      6.3

  2014 NL Cy Young  [AGREE]
    1. Clayton Kershaw                10.1 <-- ACTUAL WINNER <-- BRAVS #1
    2. Adam Wainwright                 7.9
    3. Zack Greinke                    7.8

  2014 NL MVP  [DISAGREE]
    1. Andrew McCutchen                9.0 <-- BRAVS #1
    2. Jonathan Lucroy                 7.3
    3. Carlos Gomez                    6.4
    4. Buster Posey                    6.3
    5. Giancarlo Stanton               6.3

  2015 AL Cy Young  [DISAGREE]
    1. David Price                     7.6 <-- BRAVS #1
    2. Dallas Keuchel                  7.6 <-- ACTUAL WINNER
    3. Chris Sale                      7.3

  2015 AL MVP  [DISAGREE]
    1. Mike Trout                      9.5 <-- BRAVS #1
    2. Josh Donaldson                  9.2 <-- ACTUAL WINNER
    3. Manny Machado                   7.9
    4. Nelson Cruz                     6.9
    5. Jose Bautista                   6.6

  2015 NL Cy Young  [DISAGREE]
    1. Clayton Kershaw                10.4 <-- BRAVS #1
    2. Jake Arrieta                    9.0 <-- ACTUAL WINNER
    3. Zack Greinke                    8.7

  2015 NL MVP  [AGREE]
    1. Bryce Harper                   10.4 <-- ACTUAL WINNER <-- BRAVS #1
    2. Joey Votto                      8.8
    3. Paul Goldschmidt                8.4
    4. AJ Pollock                      7.8
    5. Andrew McCutchen                7.4

  2016 AL Cy Young  [DISAGREE]
    1. Corey Kluber                    5.6 <-- BRAVS #1
    2. Rick Porcello                   5.6 <-- ACTUAL WINNER
    3. Chris Sale                      5.4

  2016 AL MVP  [AGREE]
    1. Mike Trout                     10.1 <-- ACTUAL WINNER <-- BRAVS #1
    2. Josh Donaldson                  8.7
    3. Mookie Betts                    7.9
    4. Jose Altuve                     7.9
    5. Adrian Beltre                   6.8

  2016 NL Cy Young  [DISAGREE]
    1. Noah Syndergaard                7.5 <-- BRAVS #1
    2. Jose Fernandez                  7.2
    3. Clayton Kershaw                 6.9
    Actual winner: scherma01 (#6, 6.0 WAR-eq)

  2016 NL MVP  [AGREE]
    1. Kris Bryant                     8.5 <-- ACTUAL WINNER <-- BRAVS #1
    2. Nolan Arenado                   8.1
    3. Charlie Blackmon                7.5
    4. Daniel Murphy                   7.2
    5. Joey Votto                      7.2

  2017 AL Cy Young  [DISAGREE]
    1. Chris Sale                      7.7 <-- BRAVS #1
    2. Corey Kluber                    7.2 <-- ACTUAL WINNER
    3. Carlos Carrasco                 5.5

  2017 AL MVP  [DISAGREE]
    1. Aaron Judge                     8.7 <-- BRAVS #1
    2. Jose Altuve                     8.2 <-- ACTUAL WINNER
    3. Jose Ramirez                    7.6
    4. Mike Trout                      7.1
    5. Brian Dozier                    6.7

  2017 NL Cy Young  [AGREE]
    1. Max Scherzer                    6.0 <-- ACTUAL WINNER <-- BRAVS #1
    2. Zack Greinke                    5.9
    3. Stephen Strasburg               5.7

  2017 NL MVP  [DISAGREE]
    1. Charlie Blackmon                9.8 <-- BRAVS #1
    2. Joey Votto                      8.5
    3. Nolan Arenado                   8.1
    4. Giancarlo Stanton               7.8 <-- ACTUAL WINNER
    5. Kris Bryant                     7.7

  2018 AL Cy Young  [DISAGREE]
    1. Justin Verlander                7.2 <-- BRAVS #1
    2. Chris Sale                      6.8
    3. Gerrit Cole                     6.7
    Actual winner: snellbl01 (#8, 5.5 WAR-eq)

  2018 AL MVP  [AGREE]
    1. Mookie Betts                   10.2 <-- ACTUAL WINNER <-- BRAVS #1
    2. Mike Trout                      9.8
    3. Jose Ramirez                    8.4
    4. Alex Bregman                    8.4
    5. Francisco Lindor                7.8

  2018 NL Cy Young  [AGREE]
    1. Jacob deGrom                    9.5 <-- ACTUAL WINNER <-- BRAVS #1
    2. Max Scherzer                    7.9
    3. Patrick Corbin                  7.4

  2018 NL MVP  [AGREE]
    1. Christian Yelich                8.4 <-- ACTUAL WINNER <-- BRAVS #1
    2. Trevor Story                    8.0
    3. Nolan Arenado                   8.0
    4. Manny Machado                   7.1
    5. Charlie Blackmon                6.7

  2019 AL Cy Young  [DISAGREE]
    1. Gerrit Cole                     7.0 <-- BRAVS #1
    2. Zack Greinke                    6.3
    3. Charlie Morton                  5.9
    Actual winner: verlaju01 (#4, 5.7 WAR-eq)

  2019 AL MVP  [DISAGREE]
    1. Alex Bregman                    9.7 <-- BRAVS #1
    2. Mike Trout                      8.9 <-- ACTUAL WINNER
    3. Xander Bogaerts                 8.1
    4. Marcus Semien                   7.7
    5. Mookie Betts                    7.2

  2019 NL Cy Young  [AGREE]
    1. Jacob deGrom                    6.9 <-- ACTUAL WINNER <-- BRAVS #1
    2. Max Scherzer                    6.0
    3. Hyun Jin Ryu                    5.2

  2019 NL MVP  [DISAGREE]
    1. Anthony Rendon                  8.1 <-- BRAVS #1
    2. Cody Bellinger                  8.1 <-- ACTUAL WINNER
    3. Ketel Marte                     8.0
    4. Christian Yelich                8.0
    5. Nolan Arenado                   7.9

  2021 AL Cy Young  [DISAGREE]
    1. Shohei Ohtani                   9.2 <-- BRAVS #1
    2. Nathan Eovaldi                  6.3
    3. Gerrit Cole                     6.0
    Actual winner: rayro02 (#7, 4.2 WAR-eq)

  2021 AL MVP  [AGREE]
    1. Shohei Ohtani                   9.2 <-- ACTUAL WINNER <-- BRAVS #1
    2. Vladimir Guerrero               8.6
    3. Marcus Semien                   8.4
    4. Cedric Mullins                  8.0
    5. Salvador Perez                  7.1

  2021 NL Cy Young  [AGREE]
    1. Corbin Burnes                   8.5 <-- ACTUAL WINNER <-- BRAVS #1
    2. Zack Wheeler                    7.9
    3. Kevin Gausman                   6.1

  2021 NL MVP  [DISAGREE]
    1. Trea Turner                     7.9 <-- BRAVS #1
    2. Bryce Harper                    7.8 <-- ACTUAL WINNER
    3. Bryan Reynolds                  7.6
    4. Fernando Tatis                  7.5
    5. Juan Soto                       7.4

  2022 AL Cy Young  [DISAGREE]
    1. Shohei Ohtani                  11.3 <-- BRAVS #1
    2. Kevin Gausman                   7.0
    3. Justin Verlander                6.6 <-- ACTUAL WINNER

  2022 AL MVP  [AGREE]
    1. Aaron Judge                    11.9 <-- ACTUAL WINNER <-- BRAVS #1
    2. Shohei Ohtani                  11.3
    3. Jose Altuve                     7.2
    4. Mike Trout                      6.4
    5. Xander Bogaerts                 6.3

  2022 NL Cy Young  [DISAGREE]
    1. Aaron Nola                      7.6 <-- BRAVS #1
    2. Carlos Rodon                    7.2
    3. Sandy Alcantara                 7.1 <-- ACTUAL WINNER

  2022 NL MVP  [AGREE]
    1. Paul Goldschmidt                8.4 <-- ACTUAL WINNER <-- BRAVS #1
    2. Freddie Freeman                 7.2
    3. Austin Riley                    7.0
    4. Nolan Arenado                   7.0
    5. Manny Machado                   6.6

  2023 AL Cy Young  [DISAGREE]
    1. Shohei Ohtani                   9.3 <-- BRAVS #1
    2. Gerrit Cole                     5.9 <-- ACTUAL WINNER
    3. Sonny Gray                      5.9

  2023 AL MVP  [AGREE]
    1. Shohei Ohtani                   9.3 <-- ACTUAL WINNER <-- BRAVS #1
    2. Corey Seager                    6.9
    3. Marcus Semien                   6.7
    4. Adley Rutschman                 6.0
    5. Yandy Diaz                      5.7

  2023 NL Cy Young  [DISAGREE]
    1. Logan Webb                      6.2 <-- BRAVS #1
    2. Spencer Strider                 5.9
    3. Zac Gallen                      5.7
    Actual winner: snellbl01 (#7, 3.8 WAR-eq)

  2023 NL MVP  [AGREE]
    1. Ronald Acuña                   10.3 <-- ACTUAL WINNER <-- BRAVS #1
    2. Mookie Betts                    8.8
    3. Freddie Freeman                 8.2
    4. Matt Olson                      8.0
    5. Juan Soto                       6.7

  2024 AL Cy Young  [AGREE]
    1. Tarik Skubal                    7.0 <-- ACTUAL WINNER <-- BRAVS #1
    2. Logan Gilbert                   5.6
    3. Seth Lugo                       5.5

  2024 AL MVP  [AGREE]
    1. Aaron Judge                    12.5 <-- ACTUAL WINNER <-- BRAVS #1
    2. Bobby Witt                     10.4
    3. Juan Soto                       9.1
    4. Gunnar Henderson                8.8
    5. Jarren Duran                    6.8

  2024 NL Cy Young  [AGREE]
    1. Chris Sale                      7.4 <-- ACTUAL WINNER <-- BRAVS #1
    2. Logan Webb                      6.3
    3. Zack Wheeler                    5.6

  2024 NL MVP  [AGREE]
    1. Shohei Ohtani                   9.8 <-- ACTUAL WINNER <-- BRAVS #1
    2. Francisco Lindor                6.9
    3. Ketel Marte                     6.5
    4. William Contreras               6.4
    5. Elly De La Cruz                 6.2

  2025 AL Cy Young  [AGREE]
    1. Tarik Skubal                    7.3 <-- ACTUAL WINNER <-- BRAVS #1
    2. Garrett Crochet                 6.5
    3. Max Fried                       5.6

  2025 AL MVP  [AGREE]
    1. Aaron Judge                     9.7 <-- ACTUAL WINNER <-- BRAVS #1
    2. Cal Raleigh                     9.1
    3. Bobby Witt                      7.5
    4. Jose Ramirez                    5.8
    5. Maikel Garcia                   5.8

  2025 NL Cy Young  [DISAGREE]
    1. Logan Webb                      7.3 <-- BRAVS #1
    2. Cristopher Sanchez              7.3
    3. Paul Skenes                     7.2 <-- ACTUAL WINNER

  2025 NL MVP  [AGREE]
    1. Shohei Ohtani                  10.3 <-- ACTUAL WINNER <-- BRAVS #1
    2. Geraldo Perdomo                 7.8
    3. Juan Soto                       7.0
    4. Francisco Lindor                6.8
    5. Kyle Schwarber                  6.8
