2026-04-09 21:36:13,568 INFO Creating Windows scheduled task...
2026-04-09 21:36:13,569 INFO Command: schtasks /create /tn "BRAVS_2026_Assembly" /tr "C:\Python314\python.exe C:\Users\logiu\Desktop\testing\baseball\scripts\assemble_2026.py" /sc daily /st 02:00 /f
2026-04-09 21:36:13,631 INFO Task created: BRAVS_2026_Assembly runs daily at 2:00 AM
2026-04-10 06:50:34,683 INFO === 2026 CSV Assembly started at 2026-04-10T06:50:34.683327 ===
2026-04-10 06:50:34,683 INFO Fetching 2026 batting stats...
2026-04-10 06:50:55,355 INFO   Team ATH: 13 batters, 14 pitchers fetched
2026-04-10 06:51:16,010 INFO   Team PIT: 13 batters, 13 pitchers fetched
2026-04-10 06:51:36,119 INFO   Team SD: 13 batters, 13 pitchers fetched
2026-04-10 06:51:57,662 INFO   Team SEA: 15 batters, 13 pitchers fetched
2026-04-10 06:52:18,256 INFO   Team SF: 13 batters, 15 pitchers fetched
2026-04-10 06:52:55,062 INFO === 2026 CSV Assembly started at 2026-04-10T06:52:55.062737 ===
2026-04-10 06:52:55,063 INFO Fetching 2026 batting stats...
2026-04-10 06:53:14,883 INFO   Team ATH: 13 batters, 14 pitchers fetched
2026-04-10 06:53:34,466 INFO   Team PIT: 13 batters, 13 pitchers fetched
2026-04-10 06:53:53,083 INFO   Team SD: 13 batters, 13 pitchers fetched
2026-04-10 06:54:13,065 INFO   Team SEA: 15 batters, 13 pitchers fetched
2026-04-10 06:54:32,161 INFO   Team SF: 13 batters, 15 pitchers fetched
2026-04-10 06:54:52,737 INFO   Team STL: 13 batters, 14 pitchers fetched
2026-04-10 06:55:14,795 INFO   Team TB: 14 batters, 15 pitchers fetched
2026-04-10 06:55:35,124 INFO   Team TEX: 13 batters, 14 pitchers fetched
2026-04-10 06:55:58,291 INFO   Team TOR: 14 batters, 18 pitchers fetched
2026-04-10 06:56:18,633 INFO   Team MIN: 13 batters, 14 pitchers fetched
2026-04-10 06:56:39,638 INFO   Team PHI: 13 batters, 14 pitchers fetched
2026-04-10 06:57:00,083 INFO   Team ATL: 13 batters, 14 pitchers fetched
2026-04-10 06:57:23,108 INFO   Team CWS: 15 batters, 16 pitchers fetched
2026-04-10 06:57:43,876 INFO   Team MIA: 14 batters, 14 pitchers fetched
2026-04-10 06:58:02,529 INFO   Team NYY: 13 batters, 12 pitchers fetched
2026-04-10 06:58:24,715 INFO   Team MIL: 15 batters, 15 pitchers fetched
2026-04-10 06:58:45,847 INFO   Team LAA: 13 batters, 16 pitchers fetched
2026-04-10 06:59:08,101 INFO   Team AZ: 16 batters, 15 pitchers fetched
2026-04-10 06:59:29,785 INFO   Team BAL: 13 batters, 16 pitchers fetched
2026-04-10 06:59:51,705 INFO   Team BOS: 13 batters, 16 pitchers fetched
2026-04-10 07:00:13,090 INFO   Team CHC: 12 batters, 15 pitchers fetched
2026-04-10 07:00:33,802 INFO   Team CIN: 14 batters, 13 pitchers fetched
2026-04-10 07:00:55,024 INFO   Team CLE: 14 batters, 14 pitchers fetched
2026-04-10 07:01:16,646 INFO   Team COL: 15 batters, 14 pitchers fetched
2026-04-10 07:01:37,157 INFO   Team DET: 13 batters, 14 pitchers fetched
2026-04-10 07:01:59,287 INFO   Team HOU: 14 batters, 15 pitchers fetched
2026-04-10 07:02:21,538 INFO   Team KC: 14 batters, 15 pitchers fetched
2026-04-10 07:02:42,671 INFO   Team LAD: 14 batters, 15 pitchers fetched
2026-04-10 07:03:03,981 INFO   Team WSH: 14 batters, 14 pitchers fetched
2026-04-10 07:03:24,457 INFO   Team NYM: 14 batters, 13 pitchers fetched
2026-04-10 07:03:24,957 INFO Fetched 410 batting rows, 433 pitching rows
2026-04-10 07:03:24,968 INFO Saved C:\Users\logiu\Desktop\testing\baseball\data\2026/batting_2026.csv (410 rows)
2026-04-10 07:03:24,972 INFO Saved C:\Users\logiu\Desktop\testing\baseball\data\2026/pitching_2026.csv (433 rows)
2026-04-10 07:03:25,220 INFO Built 838 player records for GPU computation
2026-04-10 07:03:31,854 INFO Using GPU engine on cuda
2026-04-10 07:03:32,150 INFO Computed BRAVS for 838 players
2026-04-10 07:03:32,161 INFO Saved C:\Users\logiu\Desktop\testing\baseball\data\2026/bravs_2026.csv (838 rows)
2026-04-10 07:03:32,667 INFO Saved C:\Users\logiu\Desktop\testing\baseball\data\2026/careers_2026.csv with 2026 updates
2026-04-10 07:03:32,668 INFO === Assembly complete in 638s (838 players) ===
2026-04-11 02:00:05,393 INFO === 2026 CSV Assembly started at 2026-04-11T02:00:05.393809 ===
2026-04-11 02:00:05,394 INFO Fetching 2026 batting stats...
2026-04-11 02:00:27,520 INFO   Team ATH: 13 batters, 15 pitchers fetched
2026-04-11 02:00:48,022 INFO   Team PIT: 14 batters, 13 pitchers fetched
2026-04-11 02:01:08,392 INFO   Team SD: 13 batters, 13 pitchers fetched
2026-04-11 02:01:29,465 INFO   Team SEA: 15 batters, 13 pitchers fetched
2026-04-11 02:01:49,730 INFO   Team SF: 13 batters, 15 pitchers fetched
2026-04-11 02:02:10,071 INFO   Team STL: 13 batters, 14 pitchers fetched
2026-04-11 02:02:32,036 INFO   Team TB: 14 batters, 15 pitchers fetched
2026-04-11 02:02:52,704 INFO   Team TEX: 13 batters, 14 pitchers fetched
2026-04-11 02:03:16,934 INFO   Team TOR: 14 batters, 19 pitchers fetched
2026-04-11 02:03:37,379 INFO   Team MIN: 13 batters, 14 pitchers fetched
2026-04-11 02:03:57,738 INFO   Team PHI: 13 batters, 14 pitchers fetched
2026-04-11 02:04:18,259 INFO   Team ATL: 13 batters, 14 pitchers fetched
2026-04-11 02:04:42,558 INFO   Team CWS: 15 batters, 17 pitchers fetched
2026-04-11 02:05:04,066 INFO   Team MIA: 14 batters, 14 pitchers fetched
2026-04-11 02:05:23,823 INFO   Team NYY: 13 batters, 13 pitchers fetched
2026-04-11 02:05:47,220 INFO   Team MIL: 15 batters, 16 pitchers fetched
2026-04-11 02:06:09,113 INFO   Team LAA: 13 batters, 16 pitchers fetched
2026-04-11 02:06:31,776 INFO   Team AZ: 16 batters, 15 pitchers fetched
2026-04-11 02:06:55,247 INFO   Team BAL: 13 batters, 17 pitchers fetched
2026-04-11 02:07:17,077 INFO   Team BOS: 13 batters, 16 pitchers fetched
2026-04-11 02:07:39,985 INFO   Team CHC: 13 batters, 16 pitchers fetched
2026-04-11 02:08:01,275 INFO   Team CIN: 14 batters, 14 pitchers fetched
2026-04-11 02:08:22,626 INFO   Team CLE: 14 batters, 14 pitchers fetched
2026-04-11 02:08:44,710 INFO   Team COL: 15 batters, 14 pitchers fetched
2026-04-11 02:09:06,038 INFO   Team DET: 14 batters, 14 pitchers fetched
2026-04-11 02:09:29,672 INFO   Team HOU: 15 batters, 16 pitchers fetched
2026-04-11 02:09:52,517 INFO   Team KC: 14 batters, 15 pitchers fetched
2026-04-11 02:10:13,040 INFO   Team LAD: 14 batters, 15 pitchers fetched
2026-04-11 02:10:34,357 INFO   Team WSH: 14 batters, 14 pitchers fetched
2026-04-11 02:10:54,730 INFO   Team NYM: 14 batters, 13 pitchers fetched
2026-04-11 02:10:55,230 INFO Fetched 414 batting rows, 442 pitching rows
2026-04-11 02:10:55,272 INFO Saved C:\Users\logiu\Desktop\testing\baseball\data\2026/batting_2026.csv (414 rows)
2026-04-11 02:10:55,276 INFO Saved C:\Users\logiu\Desktop\testing\baseball\data\2026/pitching_2026.csv (442 rows)
2026-04-11 02:10:55,542 INFO Built 850 player records for GPU computation
2026-04-11 02:11:05,470 INFO Using GPU engine on cuda
2026-04-11 02:11:06,055 INFO Computed BRAVS for 850 players
2026-04-11 02:11:06,065 INFO Saved C:\Users\logiu\Desktop\testing\baseball\data\2026/bravs_2026.csv (850 rows)
2026-04-11 02:11:06,623 INFO Saved C:\Users\logiu\Desktop\testing\baseball\data\2026/careers_2026.csv with 2026 updates
2026-04-11 02:11:06,624 INFO === Assembly complete in 661s (850 players) ===
2026-04-12 02:00:05,173 INFO === 2026 CSV Assembly started at 2026-04-12T02:00:05.173138 ===
2026-04-12 02:00:05,173 INFO Fetching 2026 batting stats...
2026-04-12 02:00:26,543 INFO   Team ATH: 13 batters, 15 pitchers fetched
2026-04-12 02:00:46,365 INFO   Team PIT: 14 batters, 13 pitchers fetched
2026-04-12 02:01:06,060 INFO   Team SD: 13 batters, 13 pitchers fetched
2026-04-12 02:01:26,526 INFO   Team SEA: 15 batters, 13 pitchers fetched
2026-04-12 02:01:46,235 INFO   Team SF: 13 batters, 15 pitchers fetched
2026-04-12 02:02:06,787 INFO   Team STL: 13 batters, 14 pitchers fetched
2026-04-12 02:02:28,065 INFO   Team TB: 14 batters, 15 pitchers fetched
2026-04-12 02:02:47,837 INFO   Team TEX: 13 batters, 14 pitchers fetched
2026-04-12 02:03:11,025 INFO   Team TOR: 14 batters, 19 pitchers fetched
2026-04-12 02:03:30,710 INFO   Team MIN: 13 batters, 14 pitchers fetched
2026-04-12 02:03:50,443 INFO   Team PHI: 13 batters, 14 pitchers fetched
2026-04-12 02:04:10,704 INFO   Team ATL: 13 batters, 14 pitchers fetched
2026-04-12 02:04:34,284 INFO   Team CWS: 15 batters, 17 pitchers fetched
2026-04-12 02:04:54,874 INFO   Team MIA: 14 batters, 14 pitchers fetched
2026-04-12 02:05:13,824 INFO   Team NYY: 13 batters, 13 pitchers fetched
2026-04-12 02:05:36,550 INFO   Team MIL: 15 batters, 16 pitchers fetched
2026-04-12 02:05:58,266 INFO   Team LAA: 14 batters, 16 pitchers fetched
2026-04-12 02:06:20,150 INFO   Team AZ: 16 batters, 15 pitchers fetched
2026-04-12 02:06:41,985 INFO   Team BAL: 13 batters, 17 pitchers fetched
2026-04-12 02:07:03,177 INFO   Team BOS: 13 batters, 16 pitchers fetched
2026-04-12 02:07:24,983 INFO   Team CHC: 13 batters, 16 pitchers fetched
2026-04-12 02:07:45,794 INFO   Team CIN: 14 batters, 14 pitchers fetched
2026-04-12 02:08:06,317 INFO   Team CLE: 14 batters, 14 pitchers fetched
2026-04-12 02:08:27,537 INFO   Team COL: 15 batters, 14 pitchers fetched
2026-04-12 02:08:48,947 INFO   Team DET: 14 batters, 14 pitchers fetched
2026-04-12 02:09:13,718 INFO   Team HOU: 15 batters, 16 pitchers fetched
2026-04-12 02:09:35,561 INFO   Team KC: 14 batters, 15 pitchers fetched
2026-04-12 02:09:56,838 INFO   Team LAD: 14 batters, 15 pitchers fetched
2026-04-12 02:10:17,207 INFO   Team WSH: 14 batters, 14 pitchers fetched
2026-04-12 02:10:37,611 INFO   Team NYM: 14 batters, 14 pitchers fetched
2026-04-12 02:10:38,111 INFO Fetched 415 batting rows, 443 pitching rows
2026-04-12 02:10:38,152 INFO Saved C:\Users\logiu\Desktop\testing\baseball\data\2026/batting_2026.csv (415 rows)
2026-04-12 02:10:38,155 INFO Saved C:\Users\logiu\Desktop\testing\baseball\data\2026/pitching_2026.csv (443 rows)
2026-04-12 02:10:38,431 INFO Built 852 player records for GPU computation
2026-04-12 02:10:47,837 INFO Using GPU engine on cuda
2026-04-12 02:10:48,692 INFO Computed BRAVS for 852 players
2026-04-12 02:10:48,703 INFO Saved C:\Users\logiu\Desktop\testing\baseball\data\2026/bravs_2026.csv (852 rows)
2026-04-12 02:10:49,253 INFO Saved C:\Users\logiu\Desktop\testing\baseball\data\2026/careers_2026.csv with 2026 updates
2026-04-12 02:10:49,253 INFO === Assembly complete in 644s (852 players) ===
2026-04-13 02:00:04,740 INFO === 2026 CSV Assembly started at 2026-04-13T02:00:04.740905 ===
2026-04-13 02:00:04,741 INFO Fetching 2026 batting stats...
2026-04-13 02:00:26,366 INFO   Team ATH: 13 batters, 15 pitchers fetched
2026-04-13 02:00:46,168 INFO   Team PIT: 14 batters, 13 pitchers fetched
2026-04-13 02:01:06,016 INFO   Team SD: 13 batters, 13 pitchers fetched
2026-04-13 02:01:26,492 INFO   Team SEA: 15 batters, 13 pitchers fetched
2026-04-13 02:01:46,462 INFO   Team SF: 13 batters, 15 pitchers fetched
2026-04-13 02:02:07,143 INFO   Team STL: 13 batters, 15 pitchers fetched
2026-04-13 02:02:28,354 INFO   Team TB: 14 batters, 15 pitchers fetched
2026-04-13 02:02:48,106 INFO   Team TEX: 13 batters, 14 pitchers fetched
2026-04-13 02:03:12,131 INFO   Team TOR: 15 batters, 19 pitchers fetched
2026-04-13 02:03:32,716 INFO   Team MIN: 13 batters, 15 pitchers fetched
2026-04-13 02:03:52,639 INFO   Team PHI: 13 batters, 14 pitchers fetched
2026-04-13 02:04:13,950 INFO   Team ATL: 14 batters, 15 pitchers fetched
2026-04-13 02:04:38,675 INFO   Team CWS: 15 batters, 18 pitchers fetched
2026-04-13 02:04:59,383 INFO   Team MIA: 14 batters, 14 pitchers fetched
2026-04-13 02:05:18,491 INFO   Team NYY: 13 batters, 13 pitchers fetched
2026-04-13 02:05:41,308 INFO   Team MIL: 15 batters, 16 pitchers fetched
2026-04-13 02:06:03,985 INFO   Team LAA: 14 batters, 16 pitchers fetched
2026-04-13 02:06:25,923 INFO   Team AZ: 16 batters, 15 pitchers fetched
2026-04-13 02:06:48,823 INFO   Team BAL: 14 batters, 17 pitchers fetched
2026-04-13 02:07:10,155 INFO   Team BOS: 13 batters, 16 pitchers fetched
2026-04-13 02:07:32,169 INFO   Team CHC: 13 batters, 16 pitchers fetched
2026-04-13 02:07:52,784 INFO   Team CIN: 14 batters, 15 pitchers fetched
2026-04-13 02:08:13,488 INFO   Team CLE: 14 batters, 14 pitchers fetched
2026-04-13 02:08:34,711 INFO   Team COL: 15 batters, 14 pitchers fetched
2026-04-13 02:08:55,068 INFO   Team DET: 14 batters, 14 pitchers fetched
2026-04-13 02:09:18,405 INFO   Team HOU: 15 batters, 17 pitchers fetched
2026-04-13 02:09:40,312 INFO   Team KC: 14 batters, 15 pitchers fetched
2026-04-13 02:10:00,170 INFO   Team LAD: 14 batters, 15 pitchers fetched
2026-04-13 02:10:20,679 INFO   Team WSH: 14 batters, 14 pitchers fetched
2026-04-13 02:10:41,103 INFO   Team NYM: 14 batters, 14 pitchers fetched
2026-04-13 02:10:41,603 INFO Fetched 418 batting rows, 449 pitching rows
2026-04-13 02:10:41,637 INFO Saved C:\Users\logiu\Desktop\testing\baseball\data\2026/batting_2026.csv (418 rows)
2026-04-13 02:10:41,641 INFO Saved C:\Users\logiu\Desktop\testing\baseball\data\2026/pitching_2026.csv (449 rows)
2026-04-13 02:10:41,897 INFO Built 861 player records for GPU computation
2026-04-13 02:10:48,786 INFO Using GPU engine on cuda
2026-04-13 02:10:49,164 INFO Computed BRAVS for 861 players
2026-04-13 02:10:49,175 INFO Saved C:\Users\logiu\Desktop\testing\baseball\data\2026/bravs_2026.csv (861 rows)
2026-04-13 02:10:49,724 INFO Saved C:\Users\logiu\Desktop\testing\baseball\data\2026/careers_2026.csv with 2026 updates
2026-04-13 02:10:49,724 INFO === Assembly complete in 645s (861 players) ===
2026-04-14 02:00:04,783 INFO === 2026 CSV Assembly started at 2026-04-14T02:00:04.783036 ===
2026-04-14 02:00:04,783 INFO Fetching 2026 batting stats...
2026-04-14 02:00:25,845 INFO   Team ATH: 14 batters, 15 pitchers fetched
2026-04-14 02:00:46,089 INFO   Team PIT: 14 batters, 14 pitchers fetched
2026-04-14 02:01:05,781 INFO   Team SD: 13 batters, 13 pitchers fetched
2026-04-14 02:01:25,994 INFO   Team SEA: 15 batters, 13 pitchers fetched
2026-04-14 02:01:45,286 INFO   Team SF: 13 batters, 15 pitchers fetched
2026-04-14 02:02:06,167 INFO   Team STL: 13 batters, 16 pitchers fetched
2026-04-14 02:02:27,296 INFO   Team TB: 14 batters, 15 pitchers fetched
2026-04-14 02:02:46,777 INFO   Team TEX: 13 batters, 14 pitchers fetched
2026-04-14 02:03:10,560 INFO   Team TOR: 15 batters, 19 pitchers fetched
2026-04-14 02:03:30,966 INFO   Team MIN: 13 batters, 15 pitchers fetched
2026-04-14 02:03:51,194 INFO   Team PHI: 13 batters, 15 pitchers fetched
2026-04-14 02:04:12,982 INFO   Team ATL: 14 batters, 16 pitchers fetched
2026-04-14 02:04:37,476 INFO   Team CWS: 15 batters, 18 pitchers fetched
2026-04-14 02:04:58,015 INFO   Team MIA: 14 batters, 14 pitchers fetched
2026-04-14 02:05:16,786 INFO   Team NYY: 13 batters, 13 pitchers fetched
2026-04-14 02:05:39,345 INFO   Team MIL: 15 batters, 16 pitchers fetched
2026-04-14 02:06:02,164 INFO   Team LAA: 14 batters, 16 pitchers fetched
2026-04-14 02:06:23,640 INFO   Team AZ: 16 batters, 15 pitchers fetched
2026-04-14 02:06:46,672 INFO   Team BAL: 14 batters, 18 pitchers fetched
2026-04-14 02:07:07,793 INFO   Team BOS: 13 batters, 16 pitchers fetched
2026-04-14 02:07:30,088 INFO   Team CHC: 14 batters, 17 pitchers fetched
2026-04-14 02:07:50,469 INFO   Team CIN: 14 batters, 15 pitchers fetched
2026-04-14 02:08:11,633 INFO   Team CLE: 14 batters, 15 pitchers fetched
2026-04-14 02:08:32,703 INFO   Team COL: 15 batters, 14 pitchers fetched
2026-04-14 02:08:53,315 INFO   Team DET: 14 batters, 14 pitchers fetched
2026-04-14 02:09:16,454 INFO   Team HOU: 15 batters, 17 pitchers fetched
2026-04-14 02:09:38,207 INFO   Team KC: 14 batters, 15 pitchers fetched
2026-04-14 02:09:57,871 INFO   Team LAD: 14 batters, 15 pitchers fetched
2026-04-14 02:10:19,519 INFO   Team WSH: 14 batters, 17 pitchers fetched
2026-04-14 02:10:41,158 INFO   Team NYM: 15 batters, 15 pitchers fetched
2026-04-14 02:10:41,659 INFO Fetched 421 batting rows, 460 pitching rows
2026-04-14 02:10:41,693 INFO Saved C:\Users\logiu\Desktop\testing\baseball\data\2026/batting_2026.csv (421 rows)
2026-04-14 02:10:41,697 INFO Saved C:\Users\logiu\Desktop\testing\baseball\data\2026/pitching_2026.csv (460 rows)
2026-04-14 02:10:41,962 INFO Built 874 player records for GPU computation
2026-04-14 02:10:49,085 INFO Using GPU engine on cuda
2026-04-14 02:10:49,514 INFO Computed BRAVS for 874 players
2026-04-14 02:10:49,525 INFO Saved C:\Users\logiu\Desktop\testing\baseball\data\2026/bravs_2026.csv (874 rows)
2026-04-14 02:10:50,071 INFO Saved C:\Users\logiu\Desktop\testing\baseball\data\2026/careers_2026.csv with 2026 updates
2026-04-14 02:10:50,071 INFO === Assembly complete in 645s (874 players) ===
2026-04-16 02:00:05,423 INFO === 2026 CSV Assembly started at 2026-04-16T02:00:05.423614 ===
2026-04-16 02:00:05,424 INFO Fetching 2026 batting stats...
2026-04-16 02:00:26,716 INFO   Team ATH: 14 batters, 15 pitchers fetched
2026-04-16 02:00:47,294 INFO   Team PIT: 14 batters, 14 pitchers fetched
2026-04-16 02:01:07,200 INFO   Team SD: 13 batters, 15 pitchers fetched
2026-04-16 02:01:27,675 INFO   Team SEA: 16 batters, 13 pitchers fetched
2026-04-16 02:01:48,410 INFO   Team SF: 15 batters, 15 pitchers fetched
2026-04-16 02:02:09,749 INFO   Team STL: 13 batters, 16 pitchers fetched
2026-04-16 02:02:31,000 INFO   Team TB: 14 batters, 15 pitchers fetched
2026-04-16 02:02:51,385 INFO   Team TEX: 13 batters, 14 pitchers fetched
2026-04-16 02:03:16,360 INFO   Team TOR: 16 batters, 19 pitchers fetched
2026-04-16 02:03:37,081 INFO   Team MIN: 13 batters, 15 pitchers fetched
2026-04-16 02:03:58,369 INFO   Team PHI: 13 batters, 17 pitchers fetched
2026-04-16 02:04:20,185 INFO   Team ATL: 14 batters, 16 pitchers fetched
2026-04-16 02:04:46,120 INFO   Team CWS: 16 batters, 20 pitchers fetched
2026-04-16 02:05:06,641 INFO   Team MIA: 14 batters, 14 pitchers fetched
2026-04-16 02:05:26,360 INFO   Team NYY: 13 batters, 14 pitchers fetched
2026-04-16 02:05:48,795 INFO   Team MIL: 15 batters, 16 pitchers fetched
2026-04-16 02:06:11,248 INFO   Team LAA: 14 batters, 16 pitchers fetched
2026-04-16 02:06:34,804 INFO   Team AZ: 16 batters, 16 pitchers fetched
2026-04-16 02:06:59,582 INFO   Team BAL: 16 batters, 18 pitchers fetched
2026-04-16 02:07:21,387 INFO   Team BOS: 13 batters, 17 pitchers fetched
2026-04-16 02:07:45,312 INFO   Team CHC: 14 batters, 19 pitchers fetched
2026-04-16 02:08:06,631 INFO   Team CIN: 15 batters, 15 pitchers fetched
2026-04-16 02:08:28,609 INFO   Team CLE: 15 batters, 15 pitchers fetched
2026-04-16 02:08:50,463 INFO   Team COL: 15 batters, 15 pitchers fetched
2026-04-16 02:09:10,914 INFO   Team DET: 14 batters, 14 pitchers fetched
2026-04-16 02:09:35,405 INFO   Team HOU: 15 batters, 19 pitchers fetched
2026-04-16 02:09:57,373 INFO   Team KC: 14 batters, 15 pitchers fetched
2026-04-16 02:10:17,652 INFO   Team LAD: 14 batters, 16 pitchers fetched
2026-04-16 02:10:40,381 INFO   Team WSH: 14 batters, 18 pitchers fetched
2026-04-16 02:11:03,534 INFO   Team NYM: 16 batters, 15 pitchers fetched
2026-04-16 02:11:04,034 INFO Fetched 431 batting rows, 476 pitching rows
2026-04-16 02:11:04,079 INFO Saved C:\Users\logiu\Desktop\testing\baseball\data\2026/batting_2026.csv (431 rows)
2026-04-16 02:11:04,083 INFO Saved C:\Users\logiu\Desktop\testing\baseball\data\2026/pitching_2026.csv (476 rows)
2026-04-16 02:11:04,360 INFO Built 897 player records for GPU computation
2026-04-16 02:11:13,709 INFO Using GPU engine on cuda
2026-04-16 02:11:14,416 INFO Computed BRAVS for 897 players
2026-04-16 02:11:14,427 INFO Saved C:\Users\logiu\Desktop\testing\baseball\data\2026/bravs_2026.csv (897 rows)
2026-04-16 02:11:14,988 INFO Saved C:\Users\logiu\Desktop\testing\baseball\data\2026/careers_2026.csv with 2026 updates
2026-04-16 02:11:14,989 INFO === Assembly complete in 670s (897 players) ===
2026-04-17 02:00:04,961 INFO === 2026 CSV Assembly started at 2026-04-17T02:00:04.961765 ===
2026-04-17 02:00:04,962 INFO Fetching 2026 batting stats...
2026-04-17 02:00:26,523 INFO   Team ATH: 14 batters, 15 pitchers fetched
2026-04-17 02:00:46,910 INFO   Team PIT: 14 batters, 14 pitchers fetched
2026-04-17 02:01:07,131 INFO   Team SD: 13 batters, 15 pitchers fetched
2026-04-17 02:01:28,478 INFO   Team SEA: 16 batters, 13 pitchers fetched
2026-04-17 02:01:49,501 INFO   Team SF: 15 batters, 15 pitchers fetched
2026-04-17 02:02:10,938 INFO   Team STL: 13 batters, 16 pitchers fetched
2026-04-17 02:02:31,963 INFO   Team TB: 14 batters, 15 pitchers fetched
2026-04-17 02:02:52,927 INFO   Team TEX: 13 batters, 15 pitchers fetched
2026-04-17 02:03:17,877 INFO   Team TOR: 16 batters, 19 pitchers fetched
2026-04-17 02:03:41,735 INFO   Team MIN: 13 batters, 15 pitchers fetched
2026-04-17 02:04:02,751 INFO   Team PHI: 13 batters, 17 pitchers fetched
2026-04-17 02:04:24,918 INFO   Team ATL: 14 batters, 16 pitchers fetched
2026-04-17 02:04:50,979 INFO   Team CWS: 16 batters, 20 pitchers fetched
2026-04-17 02:05:12,472 INFO   Team MIA: 14 batters, 14 pitchers fetched
2026-04-17 02:05:32,699 INFO   Team NYY: 13 batters, 14 pitchers fetched
2026-04-17 02:05:55,972 INFO   Team MIL: 16 batters, 16 pitchers fetched
2026-04-17 02:06:19,375 INFO   Team LAA: 14 batters, 18 pitchers fetched
2026-04-17 02:06:41,845 INFO   Team AZ: 16 batters, 16 pitchers fetched
2026-04-17 02:07:07,292 INFO   Team BAL: 16 batters, 19 pitchers fetched
2026-04-17 02:07:29,087 INFO   Team BOS: 13 batters, 17 pitchers fetched
2026-04-17 02:07:53,060 INFO   Team CHC: 14 batters, 19 pitchers fetched
2026-04-17 02:08:14,590 INFO   Team CIN: 15 batters, 15 pitchers fetched
2026-04-17 02:08:36,599 INFO   Team CLE: 15 batters, 15 pitchers fetched
2026-04-17 02:08:58,783 INFO   Team COL: 15 batters, 15 pitchers fetched
2026-04-17 02:09:19,486 INFO   Team DET: 14 batters, 14 pitchers fetched
2026-04-17 02:09:44,202 INFO   Team HOU: 15 batters, 19 pitchers fetched
2026-04-17 02:10:06,075 INFO   Team KC: 14 batters, 15 pitchers fetched
2026-04-17 02:10:26,614 INFO   Team LAD: 14 batters, 16 pitchers fetched
2026-04-17 02:10:49,470 INFO   Team WSH: 14 batters, 18 pitchers fetched
2026-04-17 02:11:12,839 INFO   Team NYM: 16 batters, 15 pitchers fetched
2026-04-17 02:11:13,339 INFO Fetched 432 batting rows, 480 pitching rows
2026-04-17 02:11:13,382 INFO Saved C:\Users\logiu\Desktop\testing\baseball\data\2026/batting_2026.csv (432 rows)
2026-04-17 02:11:13,386 INFO Saved C:\Users\logiu\Desktop\testing\baseball\data\2026/pitching_2026.csv (480 rows)
2026-04-17 02:11:13,667 INFO Built 902 player records for GPU computation
2026-04-17 02:11:23,260 INFO Using GPU engine on cuda
2026-04-17 02:11:24,146 INFO Computed BRAVS for 902 players
2026-04-17 02:11:24,158 INFO Saved C:\Users\logiu\Desktop\testing\baseball\data\2026/bravs_2026.csv (902 rows)
2026-04-17 02:11:24,732 INFO Saved C:\Users\logiu\Desktop\testing\baseball\data\2026/careers_2026.csv with 2026 updates
2026-04-17 02:11:24,732 INFO === Assembly complete in 680s (902 players) ===
2026-04-18 02:00:05,137 INFO === 2026 CSV Assembly started at 2026-04-18T02:00:05.137401 ===
2026-04-18 02:00:05,137 INFO Fetching 2026 batting stats...
2026-04-18 02:00:25,968 INFO   Team ATH: 14 batters, 15 pitchers fetched
2026-04-18 02:00:45,669 INFO   Team PIT: 14 batters, 14 pitchers fetched
2026-04-18 02:01:06,526 INFO   Team SD: 13 batters, 16 pitchers fetched
2026-04-18 02:01:26,591 INFO   Team SEA: 15 batters, 13 pitchers fetched
2026-04-18 02:01:47,490 INFO   Team SF: 15 batters, 15 pitchers fetched
2026-04-18 02:02:08,380 INFO   Team STL: 13 batters, 16 pitchers fetched
2026-04-18 02:02:29,178 INFO   Team TB: 14 batters, 15 pitchers fetched
2026-04-18 02:02:49,949 INFO   Team TEX: 13 batters, 16 pitchers fetched
2026-04-18 02:03:14,422 INFO   Team TOR: 16 batters, 19 pitchers fetched
2026-04-18 02:03:34,694 INFO   Team MIN: 13 batters, 15 pitchers fetched
2026-04-18 02:03:55,793 INFO   Team PHI: 13 batters, 17 pitchers fetched
2026-04-18 02:04:18,363 INFO   Team ATL: 14 batters, 16 pitchers fetched
2026-04-18 02:04:45,557 INFO   Team CWS: 16 batters, 21 pitchers fetched
2026-04-18 02:05:08,206 INFO   Team MIA: 14 batters, 14 pitchers fetched
2026-04-18 02:05:28,865 INFO   Team NYY: 13 batters, 14 pitchers fetched
2026-04-18 02:05:52,758 INFO   Team MIL: 16 batters, 17 pitchers fetched
2026-04-18 02:06:15,944 INFO   Team LAA: 14 batters, 18 pitchers fetched
2026-04-18 02:06:38,566 INFO   Team AZ: 16 batters, 16 pitchers fetched
2026-04-18 02:07:04,768 INFO   Team BAL: 16 batters, 19 pitchers fetched
2026-04-18 02:07:26,055 INFO   Team BOS: 13 batters, 17 pitchers fetched
2026-04-18 02:07:48,744 INFO   Team CHC: 14 batters, 18 pitchers fetched
2026-04-18 02:08:09,920 INFO   Team CIN: 15 batters, 15 pitchers fetched
2026-04-18 02:08:31,697 INFO   Team CLE: 15 batters, 15 pitchers fetched
2026-04-18 02:08:53,675 INFO   Team COL: 15 batters, 15 pitchers fetched
2026-04-18 02:09:14,957 INFO   Team DET: 15 batters, 14 pitchers fetched
2026-04-18 02:09:40,331 INFO   Team HOU: 15 batters, 20 pitchers fetched
2026-04-18 02:10:02,183 INFO   Team KC: 14 batters, 15 pitchers fetched
2026-04-18 02:10:23,396 INFO   Team LAD: 14 batters, 16 pitchers fetched
2026-04-18 02:10:46,314 INFO   Team WSH: 14 batters, 19 pitchers fetched
2026-04-18 02:11:08,965 INFO   Team NYM: 16 batters, 15 pitchers fetched
2026-04-18 02:11:09,466 INFO Fetched 432 batting rows, 485 pitching rows
2026-04-18 02:11:09,508 INFO Saved C:\Users\logiu\Desktop\testing\baseball\data\2026/batting_2026.csv (432 rows)
2026-04-18 02:11:09,513 INFO Saved C:\Users\logiu\Desktop\testing\baseball\data\2026/pitching_2026.csv (485 rows)
2026-04-18 02:11:09,792 INFO Built 906 player records for GPU computation
2026-04-18 02:11:19,119 INFO Using GPU engine on cuda
2026-04-18 02:11:19,877 INFO Computed BRAVS for 906 players
2026-04-18 02:11:19,888 INFO Saved C:\Users\logiu\Desktop\testing\baseball\data\2026/bravs_2026.csv (906 rows)
2026-04-18 02:11:20,442 INFO Saved C:\Users\logiu\Desktop\testing\baseball\data\2026/careers_2026.csv with 2026 updates
2026-04-18 02:11:20,443 INFO === Assembly complete in 675s (906 players) ===
2026-04-19 02:00:05,928 INFO === 2026 CSV Assembly started at 2026-04-19T02:00:05.928792 ===
2026-04-19 02:00:05,929 INFO Fetching 2026 batting stats...
2026-04-19 02:00:29,108 INFO   Team ATH: 14 batters, 15 pitchers fetched
2026-04-19 02:00:50,907 INFO   Team PIT: 14 batters, 14 pitchers fetched
2026-04-19 02:01:12,621 INFO   Team SD: 13 batters, 16 pitchers fetched
2026-04-19 02:01:33,546 INFO   Team SEA: 15 batters, 13 pitchers fetched
2026-04-19 02:01:55,119 INFO   Team SF: 15 batters, 15 pitchers fetched
2026-04-19 02:02:17,130 INFO   Team STL: 13 batters, 16 pitchers fetched
2026-04-19 02:02:38,937 INFO   Team TB: 14 batters, 15 pitchers fetched
2026-04-19 02:03:00,593 INFO   Team TEX: 13 batters, 16 pitchers fetched
2026-04-19 02:03:26,647 INFO   Team TOR: 16 batters, 19 pitchers fetched
2026-04-19 02:03:47,657 INFO   Team MIN: 13 batters, 15 pitchers fetched
2026-04-19 02:04:09,387 INFO   Team PHI: 14 batters, 16 pitchers fetched
2026-04-19 02:04:31,883 INFO   Team ATL: 14 batters, 16 pitchers fetched
2026-04-19 02:04:59,528 INFO   Team CWS: 16 batters, 21 pitchers fetched
2026-04-19 02:05:20,739 INFO   Team MIA: 14 batters, 14 pitchers fetched
2026-04-19 02:05:41,821 INFO   Team NYY: 13 batters, 14 pitchers fetched
2026-04-19 02:06:07,258 INFO   Team MIL: 16 batters, 17 pitchers fetched
2026-04-19 02:06:31,103 INFO   Team LAA: 14 batters, 18 pitchers fetched
2026-04-19 02:06:54,927 INFO   Team AZ: 17 batters, 16 pitchers fetched
2026-04-19 02:07:21,021 INFO   Team BAL: 16 batters, 19 pitchers fetched
2026-04-19 02:07:43,611 INFO   Team BOS: 13 batters, 17 pitchers fetched
2026-04-19 02:08:08,184 INFO   Team CHC: 14 batters, 18 pitchers fetched
2026-04-19 02:08:30,115 INFO   Team CIN: 15 batters, 15 pitchers fetched
2026-04-19 02:08:52,692 INFO   Team CLE: 15 batters, 15 pitchers fetched
2026-04-19 02:09:15,051 INFO   Team COL: 15 batters, 15 pitchers fetched
2026-04-19 02:09:36,798 INFO   Team DET: 15 batters, 14 pitchers fetched
2026-04-19 02:10:02,967 INFO   Team HOU: 15 batters, 20 pitchers fetched
2026-04-19 02:10:26,269 INFO   Team KC: 14 batters, 16 pitchers fetched
2026-04-19 02:10:47,282 INFO   Team LAD: 14 batters, 16 pitchers fetched
2026-04-19 02:11:11,045 INFO   Team WSH: 14 batters, 19 pitchers fetched
2026-04-19 02:11:34,732 INFO   Team NYM: 15 batters, 15 pitchers fetched
2026-04-19 02:11:35,233 INFO Fetched 433 batting rows, 485 pitching rows
2026-04-19 02:11:35,278 INFO Saved C:\Users\logiu\Desktop\testing\baseball\data\2026/batting_2026.csv (433 rows)
2026-04-19 02:11:35,282 INFO Saved C:\Users\logiu\Desktop\testing\baseball\data\2026/pitching_2026.csv (485 rows)
2026-04-19 02:11:35,558 INFO Built 907 player records for GPU computation
2026-04-19 02:11:47,027 INFO Using GPU engine on cuda
2026-04-19 02:11:47,971 INFO Computed BRAVS for 907 players
2026-04-19 02:11:47,983 INFO Saved C:\Users\logiu\Desktop\testing\baseball\data\2026/bravs_2026.csv (907 rows)
2026-04-19 02:11:48,561 INFO Saved C:\Users\logiu\Desktop\testing\baseball\data\2026/careers_2026.csv with 2026 updates
2026-04-19 02:11:48,561 INFO === Assembly complete in 703s (907 players) ===
