Loading C:\Users\logiu\Desktop\testing\baseball\scripts\..\data\bravs_all_seasons.csv ...
  Loaded 75,265 player-seasons, 1920-2025
==========================================================================================
  GREATEST TEAMS EVER BY TOTAL ROSTER BRAVS WAR-eq
==========================================================================================

  Rank  Team    Year  Total WAR-eq  PlayersBest Player              His WAR-eq
  ----------------------------------------------------------------------------
  1     CLE     1921          76.7       21  Tris Speaker                 10.2
  2     SLA     1922          75.3       20  George Sisler                12.5
  3     CHA     1920          74.6       18  Shoeless Joe Jackson         13.1
  4     NYA     1927          74.3       23  Lou Gehrig                   14.4
  5     NY1     1921          71.0       21  Frankie Frisch               10.3
  6     CLE     1920          70.3       24  Tris Speaker                 13.0
  7     DET     1921          70.2       21  Harry Heilmann               12.2
  8     CIN     1976          70.2       26  Joe Morgan                   10.7
  9     NYA     1921          69.3       24  Babe Ruth                    19.0
  10    PIT     1922          69.2       22  Max Carey                    10.3
  11    NYA     1931          69.0       22  Lou Gehrig                   11.3
  12    PIT     1966          68.5       24  Roberto Clemente              8.4
  13    NYA     1920          68.3       19  Babe Ruth                    16.2
  14    NYA     1937          67.8       23  Joe DiMaggio                 12.9
  15    LAN     2018          67.3       37  Manny Machado                 6.8
  16    CIN     1965          67.2       23  Pete Rose                     9.4
  17    SLA     1920          67.0       20  George Sisler                14.4
  18    CLE     1923          65.9       21  Tris Speaker                 12.6
  19    SLN     1944          65.5       22  Stan Musial                  12.1
  20    NYA     1936          65.4       24  Lou Gehrig                   12.2
  21    SLN     1921          65.3       26  Rogers Hornsby               14.9
  22    PIT     1925          65.1       21  Kiki Cuyler                  13.0
  23    PIT     1921          64.6       20  Wilbur Cooper                 8.3
  24    NYA     1930          64.5       23  Lou Gehrig                   12.3
  25    NY1     1922          64.4       26  Irish Meusel                  8.6

==========================================================================================
  FULL ROSTER BREAKDOWN: TOP 5 TEAM-SEASONS
==========================================================================================

  #1  CLE 1921   |   Total WAR-eq: 76.7   |   Roster: 21 players
      Player                    Pos    WAR-eq   BRAVS    Hit    Pit    Fld    BR
  ------------------------------------------------------------------------------
      --- POSITION PLAYERS ---
      Tris Speaker              CF       10.2    15.7   66.5    0.0    0.0  25.0
      Joe Sewell                SS        9.4    14.5   55.1    0.0    0.0  21.0
      Larry Gardner             3B        8.6    13.2   47.9    0.0    0.0  25.5
      Charlie Jamieson          LF        5.7     8.8   37.9    0.0    0.0  17.9
      Elmer Smith               RF        5.5     8.5   40.6    0.0    0.0  15.8
      Steve O'Neill             C         3.5     5.4   29.6    0.0    0.0   0.7
      Bill Wambsganss           2B        3.0     4.5   22.8    0.0    0.0   8.1
      Smoky Joe Wood            RF        2.0     3.0   24.4    0.0    0.0   9.8
      Doc Johnston              1B        1.9     2.9   19.7    0.0    0.0   9.2
      George Burns              1B        1.2     1.9   20.3    0.0    0.0   7.2
      Riggs Stephenson          2B        1.0     1.5   18.2    0.0    0.0   3.7
      Les Nunamaker             C        -0.1    -0.2    9.8    0.0    0.0   3.3
      Joe Evans                 LF       -0.8    -1.2   10.8    0.0    0.0  -0.2
      Jack Graney               LF       -1.0    -1.5    7.7    0.0    0.0  -0.5
      --- PITCHERS ---
      Stan Coveleski            P         6.9    10.6   -5.7   61.4    0.0   1.6
      George Uhle               P         5.1     7.9    1.8   37.3    0.0   5.7
      Allen Sothoron            P         3.9     6.0    1.1   33.4    0.0   1.3
      Duster Mails              P         3.2     4.9   -2.7   31.0    0.0  -0.1
      Ray Caldwell              P         2.8     4.4    0.5   25.9    0.0  -0.2
      Guy Morton                P         2.4     3.6    0.0   23.4    0.0   0.0
      Jim Bagby                 P         2.3     3.5   -0.8   19.4    0.0   1.7
                                     --------
      TOTAL                              76.7
        Position players: 50.1 WAR-eq  |  Pitchers: 26.6 WAR-eq

  #2  SLA 1922   |   Total WAR-eq: 75.3   |   Roster: 20 players
      Player                    Pos    WAR-eq   BRAVS    Hit    Pit    Fld    BR
  ------------------------------------------------------------------------------
      --- POSITION PLAYERS ---
      George Sisler             1B       12.5    19.2   90.6    0.0    0.0  34.1
      Ken Williams              LF       10.8    16.7   85.7    0.0    0.0  17.7
      Baby Doll Jacobson        CF        8.4    12.9   44.4    0.0    0.0  30.4
      Marty McManus             2B        7.0    10.7   41.1    0.0    0.0  18.6
      Jack Tobin                RF        6.7    10.2   54.2    0.0    0.0  11.1
      Hank Severeid             C         5.2     8.0   28.8    0.0    0.0  10.5
      Wally Gerber              SS        3.6     5.6   11.3    0.0    0.0  13.2
      Chick Shorten             CF        0.3     0.5    8.9    0.0    0.0   9.0
      Pat Collins               C         0.2     0.3   12.6    0.0    0.0  -0.8
      Frank Ellerbe             3B       -0.2    -0.2    2.1    0.0    0.0   4.6
      Eddie Foster              3B       -0.6    -0.9    5.0    0.0    0.0  -0.9
      Herman Bronkie            3B       -2.0    -3.0    2.5    0.0    0.0   0.9
      --- PITCHERS ---
      Urban Shocker             P         7.8    12.0   -0.6   65.7    0.0   1.8
      Elam Vangilder            P         5.6     8.6    8.7   37.1    0.0   3.7
      Ray Kolp                  P         3.1     4.8    2.8   25.3    0.0   1.8
      Hub Pruett                P         2.2     3.4    0.0   20.4    0.0   0.0
      Rasty Wright              P         1.7     2.6   -0.9   18.1    0.0  -0.1
      Dave Danforth             P         1.3     2.1    0.0   15.4    0.0   0.0
      Dixie Davis               P         0.9     1.4   -2.1   11.5    0.0  -0.2
      Bill Bayne                P         0.7     1.0    0.0    8.8    0.0   0.0
                                     --------
      TOTAL                              75.3
        Position players: 51.9 WAR-eq  |  Pitchers: 23.4 WAR-eq

  #3  CHA 1920   |   Total WAR-eq: 74.6   |   Roster: 18 players
      Player                    Pos    WAR-eq   BRAVS    Hit    Pit    Fld    BR
  ------------------------------------------------------------------------------
      --- POSITION PLAYERS ---
      Shoeless Joe Jackson      LF       13.1    20.2   85.5    0.0    0.0  35.0
      Eddie Collins             2B       11.7    18.0   74.1    0.0    0.0  24.6
      Happy Felsch              CF        9.5    14.7   58.2    0.0    0.0  24.2
      Buck Weaver               3B        5.8     8.9   38.2    0.0    0.0   9.9
      Ray Schalk                C         5.0     7.6   21.5    0.0    0.0   8.8
      Swede Risberg             SS        3.4     5.2   11.1    0.0    0.0  16.4
      Shano Collins             1B        3.0     4.6   19.8    0.0    0.0  16.7
      Amos Strunk               CF        1.7     2.6   13.7    0.0    0.0   4.4
      Nemo Leibold              RF       -0.9    -1.4    1.4    0.0    0.0  -0.6
      Eddie Murphy              RF       -1.1    -1.7    7.0    0.0    0.0   0.5
      Fred McMullin             3B       -1.3    -1.9   -1.7    0.0    0.0   7.4
      Ted Jourdan               1B       -1.5    -2.3    3.4    0.0    0.0   3.3
      --- PITCHERS ---
      Eddie Cicotte             P         6.9    10.7   -3.4   60.7    0.0  -0.0
      Red Faber                 P         6.8    10.5   -4.8   61.1    0.0  -0.1
      Lefty Williams            P         5.8     8.8   -0.9   47.1    0.0   1.7
      Dickey Kerr               P         5.0     7.8   -3.7   43.6    0.0   1.9
      Roy Wilkinson             P         1.9     2.9   -1.2   17.4    0.0   1.8
      George Payne              P        -0.1    -0.2    0.0    3.1    0.0   0.0
                                     --------
      TOTAL                              74.6
        Position players: 48.3 WAR-eq  |  Pitchers: 26.3 WAR-eq

  #4  NYA 1927   |   Total WAR-eq: 74.3   |   Roster: 23 players
      Player                    Pos    WAR-eq   BRAVS    Hit    Pit    Fld    BR
  ------------------------------------------------------------------------------
      --- POSITION PLAYERS ---
      Lou Gehrig                1B       14.4    22.2  122.8    0.0    0.0  30.3
      Babe Ruth                 RF       12.8    19.8  120.5    0.0    0.0  12.4
      Earle Combs               CF       11.0    16.9   66.0    0.0    0.0  40.6
      Tony Lazzeri              2B        6.3     9.7   48.4    0.0    0.0  11.1
      Bob Meusel                LF        5.7     8.7   48.0    0.0    0.0  15.0
      Mark Koenig               SS        3.3     5.1   13.8    0.0    0.0  18.4
      Pat Collins               C         2.1     3.3   20.1    0.0    0.0   4.6
      Joe Dugan                 3B        0.7     1.1    9.1    0.0    0.0   2.9
      Johnny Grabowski          C         0.3     0.5    5.6    0.0    0.0   6.9
      Mike Gazella              3B       -0.0    -0.1    8.4    0.0    0.0   7.4
      Ray Morehart              2B       -0.3    -0.5    6.2    0.0    0.0   2.2
      Ben Paschal               RF       -1.1    -1.7    5.1    0.0    0.0   2.6
      Cedric Durst              RF       -1.2    -1.8    0.7    0.0    0.0   3.9
      Benny Bengough            C        -1.4    -2.1    1.2    0.0    0.0   4.1
      --- PITCHERS ---
      Waite Hoyt                P         4.7     7.3   -1.4   45.1    0.0   1.6
      Wilcy Moore               P         4.1     6.3   -4.7   41.6    0.0  -0.2
      Herb Pennock              P         3.6     5.6   -0.8   36.4    0.0  -0.2
      Urban Shocker             P         3.1     4.8    1.8   29.4    0.0  -0.0
      George Pipgras            P         2.9     4.5    0.5   28.0    0.0   1.6
      Dutch Ruether             P         2.4     3.7    2.1   22.7    0.0  -0.2
      Bob Shawkey               P         0.5     0.7    0.0    8.1    0.0   0.0
      Myles Thomas              P         0.3     0.5    0.0    6.9    0.0   0.0
      Joe Giard                 P        -0.3    -0.4    0.0    1.5    0.0   0.0
                                     --------
      TOTAL                              74.3
        Position players: 52.8 WAR-eq  |  Pitchers: 21.5 WAR-eq

  #5  NY1 1921   |   Total WAR-eq: 71.0   |   Roster: 21 players
      Player                    Pos    WAR-eq   BRAVS    Hit    Pit    Fld    BR
  ------------------------------------------------------------------------------
      --- POSITION PLAYERS ---
      Frankie Frisch            3B       10.3    15.8   54.7    0.0    0.0  34.8
      Dave Bancroft             SS        9.3    14.4   49.0    0.0    0.0  26.7
      Ross Youngs               RF        7.8    12.1   48.8    0.0    0.0  26.7
      Irish Meusel              RF        7.7    11.9   54.1    0.0    0.0  20.5
      George Kelly              1B        6.0     9.2   51.9    0.0    0.0  11.5
      George Burns              LF        5.4     8.3   40.6    0.0    0.0  10.7
      Earl Smith                C         3.1     4.7   24.5    0.0    0.0   6.7
      Frank Snyder              C         2.9     4.5   23.5    0.0    0.0   1.8
      Johnny Rawlings           2B        1.5     2.3    8.5    0.0    0.0   1.6
      Eddie 0.0    0.0   1.3
      Casey Stengel             RF       -1.8    -2.7    2.7    0.0    0.0   1.0
      --- PITCHERS ---
      Jesse Barnes              P         4.9     7.5   -2.1   41.7    0.0   1.0
      Art Nehf                  P         3.8     5.9   -1.4   34.2    0.0  -0.3
      Fred Toney                P         3.8     5.8   -0.3   32.3    0.0  -0.1
      Rosy Ryan                 P         3.1     4.8    0.2   29.3    0.0  -0.6
      Phil Douglas              P         2.5     3.9   -1.3   23.5    0.0  -0.1
      Slim Sallee               P         1.4     2.1    0.0   14.0    0.0   0.0
      Rube Benton               P         0.9     1.4    0.0   11.5    0.0   0.0
      Red Causey                P         0.3     0.5    0.0    6.4    0.0   0.0
      Red Shea                  P         0.1     0.2    0.0    5.4    0.0   0.0
                                     --------
      TOTAL                              71.0
        Position players: 50.2 WAR-eq  |  Pitchers: 20.8 WAR-eq

==========================================================================================
  ADDITIONAL TEAM-SEASON STATISTICS
==========================================================================================

  MOST BALANCED TEAMS (closest hitting/pitching WAR-eq split):

  Rank  Team    Year  Hit WAR  Pit WAR   Total    Gap
  ---------------------------------------------------
  1     CHA     1991     15.2     15.2    30.5    0.0
  2     BOS     2019     19.0     19.0    38.0    0.0
  3     BSN     1936     15.0     15.1    30.1    0.0
  4     SLN     1962     19.7     19.8    39.5    0.0
  5     SLN     1980     19.6     19.6    39.3    0.0
  6     LAN     2025     19.4     19.5    38.9    0.1
  7     TOR     2021     25.7     25.7    51.4    0.1
  8     DET     1920     19.2     19.2    38.4    0.1
  9     CHN     2008     24.3     24.4    48.6    0.1
  10    CLE     1951     16.3     16.4    32.8    0.1

  MOST DOMINANT INDIVIDUAL CONTRIBUTIONS (player % of team WAR):

  Rank  Team    YearPlayer                   Player WAR  Team WAR    Pct
  ----------------------------------------------------------------------
  1     NY1     1957  Willie Mays                  13.1      22.7  57.7%
  2     BSN     1945  Tommy Holmes                 11.3      20.4  55.3%
  3     PHI     1947  Harry Walker                 10.4      20.6  50.4%
  4     BSN     1928  Rogers Hornsby               10.3      20.8  49.4%
  5     CHN     1971  Fergie Jenkins               10.8      22.3  48.6%
  6     SLN     1951  Stan Musial                  11.3      23.8  47.7%
  7     SLN     1924  Rogers Hornsby               13.9      31.2  44.4%
  8     NYN     1996  Lance Johnson                 9.5      21.9  43.4%
  9     KCM     1922  Bullet Rogan                 11.6      26.7  43.4%
  10    SLN     1961  Ken Boyer                     9.6      22.2  43.0%

  BEST TEAM PER DECADE:

  Decade   Team    Year   WAR-eqBest Player             
  ------------------------------------------------------
  1920s    CLE     1921     76.7  Tris Speaker          
  1930s    NYA     1931     69.0  Lou Gehrig            
  1940s    SLN     1944     65.5  Stan Musial           
  1950s    BRO     1953     55.9  Duke Snider           
  1960s    PIT     1966     68.5  Roberto Clemente      
  1970s    CIN     1976     70.2  Joe Morgan            
  1980s    NYN     1987     52.1  Darryl Strawberry     
  1990s    CLE     1996     57.7  Jim Thome             
  2000s    BOS     2003     61.0  Nomar Garciaparra     
  2010s    LAN     2018     67.3  Manny Machado         
  2020s    ATL     2023     56.7  Ronald Acuña          

  AVERAGE TEAM WAR-eq BY DECADE:

  Decade       Mean   Median  Std Dev  Teams
  ------------------------------------------
  1920s        25.2     26.9     24.2    306
  1930s        18.1     19.7     24.0    283
  1940s        15.6     17.9     22.0    270
  1950s        24.8     26.2     11.9    160
  1960s        33.0     33.9     14.0    198
  1970s        27.2     27.1     13.8    246
  1980s        26.2     26.4     12.6    260
  1990s        25.9     24.2     12.4    278
  2000s        27.5     29.4     14.5    300
  2010s        29.1     30.5     16.4    300
  2020s        20.3     18.0     18.1    180

