====================================================================================================
  GREATEST PITCHING SEASONS - RAW BRAVS (context-dependent, dynamic RPW)
====================================================================================================
Rank  Pitcher                    Year    ERA     IP    K   BRAVS  ErStd  WAReq            90% CI
----------------------------------------------------------------------------------------------------
   1. Bob Gibson                 1968   1.12  304.7  268    28.1   22.6   17.4  [ 25.2,  31.0]
   2. Christy Mathewson          1908   0.97  390.7  259    26.8   25.2   16.6  [ 24.9,  28.8]
   3. Sandy Koufax               1965   2.04  335.7  382    25.0   21.5   15.5  [ 22.6,  27.4]
   4. Sandy Koufax               1966   1.73  323.0  317    24.5   20.5   15.2  [ 21.9,  27.0]
   5. Walter Johnson             1912   1.68  369.0  303    23.6   22.4   14.6  [ 21.6,  25.5]
   6. Walter Johnson             1913   1.46  346.0  243    23.0   22.0   14.3  [ 21.1,  25.0]
   7. Pete Alexander             1915   1.34  376.3  241    22.8   22.5   14.2  [ 21.0,  24.7]
   8. Juan Marichal              1966   1.76  307.3  222    21.6   17.8   13.4  [ 19.0,  24.1]
   9. Nolan Ryan                 1973   2.26  326.0  383    17.0   15.6   10.5  [ 14.9,  19.1]
  10. Dwight Gooden              1985   1.66  276.7  268    16.5   15.5   10.2  [ 14.6,  18.4]
  11. Clayton Kershaw            2014   1.77  198.3  239    16.5   14.8   10.2  [ 14.4,  18.5]
  12. Jacob deGrom               2018   1.99  217.0  269    15.1   14.3    9.4  [ 13.3,  16.9]
  13. Randy Johnson              2001   2.31  249.7  372    14.3   15.2    8.9  [ 12.8,  15.8]
  14. Pedro Martinez             1999   2.07  213.3  313    13.5   15.0    8.4  [ 12.2,  14.9]
  15. Roger Clemens              1997   2.22  264.0  292    12.8   13.5    8.0  [ 11.3,  14.4]
  16. Justin Verlander           2011   2.04  251.0  250    12.2   11.4    7.5  [ 10.2,  14.1]
  17. Pedro Martinez             2000   1.74  217.0  284    11.3   12.6    7.0  [ 10.0,  12.6]
  18. Greg Maddux                1995   1.63  209.7  181    11.1   11.6    6.9  [  9.6,  12.6]
  19. Gerrit Cole                2019   2.20  212.3  326    10.3   10.6    6.4  [  8.8,  11.8]
  20. Jacob deGrom               2021   1.27   92.0  146     7.6    7.0    4.7  [  5.8,   9.5]

====================================================================================================
  ERA-STANDARDIZED RANKING (fixed RPW=5.9 - removes low-scoring-era inflation)
====================================================================================================
Rank  Pitcher                    Year    ERA     IP    K   ErStd  BRAVS  WAReq    RPW
----------------------------------------------------------------------------------------------------
   1. Christy Mathewson          1908   0.97  390.7  259    25.2   26.8   16.6   5.54
   2. Bob Gibson                 1968   1.12  304.7  268    22.6   28.1   17.4   4.74
   3. Pete Alexander             1915   1.34  376.3  241    22.5   22.8   14.2   5.82
   4. Walter Johnson             1912   1.68  369.0  303    22.4   23.6   14.6   5.62
   5. Walter Johnson             1913   1.46  346.0  243    22.0   23.0   14.3   5.62
   6. Sandy Koufax               1965   2.04  335.7  382    21.5   25.0   15.5   5.08
   7. Sandy Koufax               1966   1.73  323.0  317    20.5   24.5   15.2   4.93
   8. Juan Marichal              1966   1.76  307.3  222    17.8   21.6   13.4   4.86
   9. Nolan Ryan                 1973   2.26  326.0  383    15.6   17.0   10.5   5.41
  10. Dwight Gooden              1985   1.66  276.7  268    15.5   16.5   10.2   5.56
  11. Randy Johnson              2001   2.31  249.7  372    15.2   14.3    8.9   6.27
  12. Pedro Martinez             1999   2.07  213.3  313    15.0   13.5    8.4   6.55
  13. Clayton Kershaw            2014   1.77  198.3  239    14.8   16.5   10.2   5.32
  14. Jacob deGrom               2018   1.99  217.0  269    14.3   15.1    9.4   5.59
  15. Roger Clemens              1997   2.22  264.0  292    13.5   12.8    8.0   6.22
  16. Pedro Martinez             2000   1.74  217.0  284    12.6   11.3    7.0   6.61
  17. Greg Maddux                1995   1.63  209.7  181    11.6   11.1    6.9   6.17
  18. Justin Verlander           2011   2.04  251.0  250    11.4   12.2    7.5   5.52
  19. Gerrit Cole                2019   2.20  212.3  326    10.6   10.3    6.4   6.06
  20. Jacob deGrom               2021   1.27   92.0  146     7.0    7.6    4.7   5.42

====================================================================================================
  TOP 5 (ERA-STANDARDIZED) - Component Breakdown
====================================================================================================
1. Christy Mathewson 1908  (ERA 0.97, 391 IP, 259 K)
   Pitching: +140.4 runs  (FIP: 1.07, post_FIP: 1.15)
   Leverage: +4.3   Durability: +3.7   RPW: 5.54
   Raw BRAVS: 26.8   Era-Std: 25.2   WAR-eq: 16.6

2. Bob Gibson 1968  (ERA 1.12, 305 IP, 268 K)
   Pitching: +128.3 runs  (FIP: 1.41, post_FIP: 1.47)
   Leverage: +4.0   Durability: +0.8   RPW: 4.74
   Raw BRAVS: 28.1   Era-Std: 22.6   WAR-eq: 17.4

3. Pete Alexander 1915  (ERA 1.34, 376 IP, 241 K)
   Pitching: +125.8 runs  (FIP: 1.63, post_FIP: 1.62)
   Leverage: +3.9   Durability: +3.1   RPW: 5.82
   Raw BRAVS: 22.8   Era-Std: 22.5   WAR-eq: 14.2

4. Walter Johnson 1912  (ERA 1.68, 369 IP, 303 K)
   Pitching: +126.8 runs  (FIP: 1.88, post_FIP: 1.96)
   Leverage: +3.9   Durability: +1.5   RPW: 5.62
   Raw BRAVS: 23.6   Era-Std: 22.4   WAR-eq: 14.6

5. Walter Johnson 1913  (ERA 1.46, 346 IP, 243 K)
   Pitching: +124.3 runs  (FIP: 1.59, post_FIP: 1.67)
   Leverage: +3.8   Durability: +1.2   RPW: 5.62
   Raw BRAVS: 23.0   Era-Std: 22.0   WAR-eq: 14.3

