==========================================================================================
  DYNASTY RANKINGS: BEST 5-YEAR STRETCHES IN MLB HISTORY
==========================================================================================

  Rank  Dynasty                       Total  ErStd  WAReq Avg/yr
  ----------------------------------------------------------------------
    1.  Bonds 2000-2004               108.8  107.0   67.4   21.8
    2.  W. Johnson 1912-1916          107.9  102.8   66.9   21.6
    3.  Mays 1962-1966                114.7   98.2   71.1   22.9
    4.  Ruth 1920-1924                 85.9   90.1   53.3   17.2
    5.  Trout 2012-2016                83.8   78.6   52.0   16.8
    6.  Pedro 1997-2002                58.6   63.0   36.3   11.7

  ============================================================
  #1: Bonds 2000-2004
  ============================================================
  5-year total: 108.8 BRAVS / 107.0 ErStd / 67.4 WAR-eq
  Average per season: 21.8 BRAVS

    2000:   14.7 BRAVS  #########
    2001:   26.6 BRAVS  #################
    2002:   25.5 BRAVS  ################
    2003:   18.0 BRAVS  ############
    2004:   24.1 BRAVS  ################

  ============================================================
  #2: W. Johnson 1912-1916
  ============================================================
  5-year total: 107.9 BRAVS / 102.8 ErStd / 66.9 WAR-eq
  Average per season: 21.6 BRAVS

    1912:   23.6 BRAVS  ###############
    1913:   23.1 BRAVS  ###############
    1914:   21.3 BRAVS  ##############
    1915:   19.3 BRAVS  ############
    1916:   20.6 BRAVS  #############

  ============================================================
  #3: Mays 1962-1966
  ============================================================
  5-year total: 114.7 BRAVS / 98.2 ErStd / 71.1 WAR-eq
  Average per season: 22.9 BRAVS

    1962:   23.7 BRAVS  ###############
    1963:   21.3 BRAVS  ##############
    1964:   23.5 BRAVS  ###############
    1965:   26.1 BRAVS  #################
    1966:   20.1 BRAVS  #############

  ==========================================================================================
  ANALYSIS
  ==========================================================================================

  The dynasty ranking reveals which players sustained the highest level
  of production over a 5-year window. This rewards consistency and
  durability — a player who puts up 15 BRAVS every year for 5 years
  ranks higher than one who puts up 25 once and 8 the other four.

  Key insight: The era-standardized column is the fairest comparison
  because it removes the RPW advantage that dead-ball era players get.
  Under era-standardization, the ranking may shift significantly from
  the raw BRAVS ranking.

