

##########################################################################################
  1. 2017 AL MVP RACE: JUDGE vs ALTUVE
##########################################################################################

  2017 AL MVP
  Rank Player                  Pos   WAR-eq  BRAVS   HR   SB
  ------------------------------------------------------------
  1    Charlie Blackmon        CF       9.9   14.3   37   14
  2    Aaron Judge             RF       8.7   12.6   52    9
  3    Joey Votto              1B       8.6   12.5   36    5
  4    Nolan Arenado           3B       8.4   12.2   37    3
  5    Jose Altuve             2B       8.2   11.8   24   32
  6    Giancarlo Stanton       RF       7.9   11.4   59    2
  7    Kris Bryant             3B       7.7   11.2   29    7
  8    Jose Ramirez            3B       7.7   11.1   29   17
  9    Paul Goldschmidt        1B       7.4   10.7   36   18
  10   Mike Trout              CF       7.2   10.4   33   22

  Judge:  8.7 WAR-eq  (hitting: +80.6, BR: -1.6, pos: -5.7)
  Altuve: 8.2 WAR-eq  (hitting: +68.1, BR: -0.0, pos: +2.3)


##########################################################################################
  2. 2016 AL CY YOUNG: PORCELLO vs VERLANDER vs KLUBER vs SALE
##########################################################################################

  2016 AL Cy Young
  Rank Player                  Pos   WAR-eq  BRAVS   HR   SB
  ------------------------------------------------------------
  1    Noah Syndergaard        P        7.6   11.2    3    0
  2    Jose Fernandez          P        7.2   10.7    0    0
  3    Clayton Kershaw         P        7.0   10.3    0    0
  4    Madison Bumgarner       P        6.5    9.5    3    0
  5    Johnny Cueto            P        6.3    9.3    0    0
  6    Max Scherzer            P        6.1    9.0    0    0
  7    Corey Kluber            P        5.6    8.3    0    0
  8    Rick Porcello           P        5.6    8.2    0    0
  9    Chris Sale              P        5.4    7.9    0    0
  10   Justin Verlander        P        5.3    7.8    0    0


##########################################################################################
  3. 2012 AL MVP: CABRERA (TRIPLE CROWN) vs TROUT
##########################################################################################

  2012 AL MVP
  Rank Player                  Pos   WAR-eq  BRAVS   HR   SB
  ------------------------------------------------------------
  1    Mike Trout              CF       9.4   13.7   30   49
  2    Andrew McCutchen        CF       9.3   13.4   31   20
  3    Robinson Cano           2B       8.8   12.8   33    3
  4    Miguel Cabrera          3B       8.8   12.7   44    4
  5    Chase Headley           3B       8.5   12.4   31   17
  6    Buster Posey            C        8.4   12.2   24    1
  7    Adrian Beltre           3B       8.3   12.1   36    1
  8    Ryan Braun              LF       8.0   11.7   41   30
  9    Yadier Molina           C        7.5   10.8   22   12
  10   Adam Jones              CF       7.4   10.7   32   16

  Cabrera: 8.8 WAR-eq  (hit: +72.2, BR: -5.9, fld: +2.7, pos: +2.0)
  Trout:   9.4 WAR-eq  (hit: +65.7, BR: +7.8, fld: +3.4, pos: +2.2)


##########################################################################################
  4. 1941 AL MVP: TED WILLIAMS (.406) vs JOE DiMAGGIO (56-GAME STREAK)
##########################################################################################

  1941 AL MVP
  Rank Player                  Pos   WAR-eq  BRAVS   HR   SB
  ------------------------------------------------------------
  1    Ted Williams            LF      11.7   16.9   37    2
  2    Joe DiMaggio            CF       9.3   13.4   30    4
  3    Cecil Travis            SS       7.3   10.6    7    2
  4    Pete Reiser             CF       6.9   10.0   14    4
  5    Charlie Keller          LF       6.9   10.0   33    6
  6    Jeff Heath              RF       6.8    9.8   24   18
  7    Stan Hack               3B       6.5    9.4    7   10
  8    Dolph Camilli           1B       6.5    9.3   34    3
  9    Roy Cullenbine          LF       6.3    9.2    9    6
  10   Joe Cronin              SS       6.0    8.7   16    1


##########################################################################################
  5. 2001 NL MVP: BONDS (73 HR) vs SOSA vs PUJOLS vs HELTON
##########################################################################################

  2001 NL MVP
  Rank Player                  Pos   WAR-eq  BRAVS   HR   SB
  ------------------------------------------------------------
  1    Barry Bonds             LF      13.5   19.6   73   13
  2    Alex Rodriguez          SS      10.8   15.6   52   18
  3    Todd Helton             1B      10.5   15.3   49    7
  4    Sammy Sosa              RF      10.2   14.8   64    0
  5    Luis Gonzalez           LF      10.1   14.6   57    1
  6    Larry Walker            RF       9.8   14.1   38   14
  7    Jason Giambi            1B       9.3   13.5   38    2
  8    Roberto Alomar          2B       9.3   13.5   20   30
  9    Lance Berkman           LF       9.2   13.3   34    7
  10   Albert Pujols           3B       8.6   12.5   37    1


##########################################################################################
  6. 2011 NL MVP: BRAUN vs KEMP vs VOTTO
##########################################################################################

  2011 NL MVP
  Rank Player                  Pos   WAR-eq  BRAVS   HR   SB
  ------------------------------------------------------------
  1    Jacoby Ellsbury         CF      10.5   15.2   32   39
  2    Matt Kemp               CF       9.6   14.0   39   40
  3    Jose Bautista           RF       9.0   13.0   43    9
  4    Ryan Braun              LF       8.5   12.3   33   33
  5    Curtis Granderson       CF       8.3   12.1   41   25
  6    Miguel Cabrera          1B       8.3   12.0   30    2
  7    Dustin Pedroia          2B       8.2   11.9   21   26
  8    Troy Tulowitzki         SS       8.1   11.7   30    9
  9    Joey Votto              1B       8.0   11.6   29    8
  10   Adrian Gonzalez         1B       7.5   10.9   27    1


##########################################################################################
  7. BEST PITCHING SEASON EVER
##########################################################################################

  Rank Player                   Year    IP  WAR-eq   BRAVS
  ----------------------------------------------------------
  1    Bob Gibson               1968   305    12.1    20.8
  2    Shohei Ohtani            2022   166    11.3    16.4
  3    Sandy Koufax             1965   336    10.9    18.8
  4    Clayton Kershaw          2015   233    10.5    15.4
  5    Clayton Kershaw          2014   198    10.1    14.9
  6    Adam Wainwright          2013   242    10.1    14.9
  7    Steve Carlton            1972   346    10.1    17.4
  8    Dwight Gooden            1985   277    10.0    14.8
  9    Corey Kluber             2014   236    10.0    14.7
  10   Clayton Kershaw          2011   233     9.7    14.3
  11   Sandy Koufax             1966   323     9.6    16.6
  12   Roger Clemens            1988   264     9.6    14.1
  13   Jacob deGrom             2018   217     9.6    14.1
  14   Kevin Brown              1998   257     9.6    14.0
  15   Mike Scott               1986   275     9.6    14.1


##########################################################################################
  8. ALL-TIME CAREER LEADERBOARD (TOP 25)
##########################################################################################

  Top 25 Careers
  Rank Player                          Years  WAR-eq   Peak  HOF
  -----------------------------------------------------------------
  1    Willie Mays              1951-1973   147.4   15.5    Y
  2    Barry Bonds              1986-2007   143.6   19.6     
  3    Babe Ruth                1920-1935   134.8   21.0    Y
  4    Ted Williams             1939-1960   133.5   16.9    Y
  5    Alex Rodriguez           1994-2016   129.2   15.8     
  6    Greg Maddux              1986-2008   128.0   13.0    Y
  7    Stan Musial              1942-1963   125.8   15.7    Y
  8    Hank Aaron               1954-1976   123.0   12.8    Y
  9    Roger Clemens            1984-2007   120.9   14.1     
  10   Mickey Mantle            1951-1968   119.0   17.5    Y
  11   Lou Gehrig               1925-1938   112.0   15.8    Y
  12   Joe Morgan               1965-1984   111.7   17.3    Y
  13   Mike Schmidt             1973-1989   108.4   14.4    Y
  14   Rickey Henderson         1979-2003   107.4   14.3    Y
  15   Mel Ott                  1926-1946   104.5   12.1    Y
  16   Derek Jeter              1995-2014   102.7   13.8    Y
  17   Ken Griffey              1989-2010   101.1   13.7    Y
  18   Chipper Jones            1995-2012   101.0   13.3    Y
  19   Jimmie Foxx              1927-1945    99.4   14.9    Y
  20   Frank Robinson           1956-1976    98.4   13.5    Y
  21   Carl Yastrzemski         1961-1983    98.0   16.9    Y
  22   Gaylord Perry            1962-1983    96.8   13.8    Y
  23   Nolan Ryan               1968-1993    95.1   13.3    Y
  24   Pete Rose                1963-1986    94.0   12.1     
  25   Wade Boggs               1982-1999    93.1   14.2    Y


##########################################################################################
  9. BEST SINGLE SEASON EVER (TOP 25)
##########################################################################################

  Rank Player                   YearPos    WAR-eq   BRAVS
  ---------------------------------------------------------
  1    Babe Ruth                1921 LF      14.5    21.0
  2    Barry Bonds              2001 LF      13.5    19.6
  3    Babe Ruth                1920 RF      13.2    19.2
  4    Babe Ruth                1923 RF      12.9    18.7
  5    Aaron Judge              2024 CF      12.6    18.2
  6    Rogers Hornsby           1922 2B      12.3    17.8
  7    Bob Gibson               1968 P       12.1    20.8
  8    Mickey Mantle            1961 CF      12.1    17.5
  9    Aaron Judge              2022 CF      12.0    17.4
  10   Joe Morgan               1975 2B      11.9    17.3
  11   Mickey Mantle            1956 CF      11.8    17.0
  12   Ted Williams             1941 LF      11.7    16.9
  13   Ted Williams             1946 LF      11.7    16.9
  14   Carl Yastrzemski         1967 LF      11.7    16.9
  15   Larry Walker             1997 RF      11.6    16.8
  16   Babe Ruth                1924 RF      11.4    16.6
  17   Shohei Ohtani            2022 DH      11.3    16.4
  18   Mike Trout               2013 CF      11.3    16.4
  19   Fred Lynn                1979 CF      11.2    16.3
  20   Ted Williams             1947 LF      11.2    16.3
  21   Babe Ruth                1927 RF      11.0    15.9
  22   Sandy Koufax             1965 P       10.9    18.8
  23   Alex Rodriguez           2005 3B      10.9    15.8
  24   Joe Morgan               1976 2B      10.9    15.8
  25   Ted Williams             1942 LF      10.9    15.8


##########################################################################################
  10. HALL OF FAME CLASSIFIER
##########################################################################################

  HOF:     n= 229  mean=  55.7  median=  53.4
  Non-HOF: n= 200  mean=  16.1  median=  11.8
  AUC: 0.8972  Cohen's d: 1.72  p: 4.57e-46
  Optimal threshold: 32.0 WAR-eq (83.9% accuracy)


##########################################################################################
  11. ACTIVE PLAYER HOF CHECK
##########################################################################################

  Rank Player                    WAR-eq   Peak  Yrs     Verdict
  ---------------------------------------------------------------
  1    Clayton Kershaw             91.3   15.4   18        LOCK
  2    Mike Trout                  89.2   16.4   15        LOCK
  3    Justin Verlander            84.7   11.2   18        LOCK
  4    Max Scherzer                78.7   12.1   18        LOCK
  5    Freddie Freeman             77.2   12.0   15        LOCK
  6    Paul Goldschmidt            71.2   12.7   15        LOCK
  7    Andrew McCutchen            69.1   13.4   17        LOCK
  8    Mookie Betts                68.9   15.3   12        LOCK
  9    Nolan Arenado               66.9   12.3   13        LOCK
  10   Jose Altuve                 66.1   11.8   15        LOCK
  11   Chris Sale                  64.4   11.3   14        LOCK
  12   Bryce Harper                62.4   15.2   14        LOCK
  13   Aaron Judge                 60.0   18.2   10      STRONG
  14   Manny Machado               59.2   12.0   14      STRONG
  15   Francisco Lindor            59.0   11.4   11      STRONG
  16   Jose Ramirez                57.2   12.2   12      STRONG
  17   Shohei Ohtani               55.8   16.4    8      STRONG
  18   Gerrit Cole                 53.9   11.0   12      STRONG
  19   Jacob deGrom                51.1   14.1   11      STRONG
  20   Xander Bogaerts             50.4   11.8   13      STRONG
  21   Juan Soto                   49.4   13.3    8      STRONG
  22   Trea Turner                 48.8   11.5   10      STRONG
  23   Christian Yelich            48.1   12.3   13      STRONG
  24   Carlos Santana              45.2   10.3   16      STRONG
  25   Zack Wheeler                43.9   11.7   11      BORDER


##########################################################################################
  12. STANTON HOF ANALYSIS
##########################################################################################

  Career: -0.5 WAR-eq, -0.8 BRAVS
  Peak: 4.7, Seasons: 7, HR: 77
  Verdict: NO


##########################################################################################
  13. STEROID ERA: PED USERS vs CLEAN COMPARABLES
##########################################################################################

  SUSPECTED PED USERS:
    Barry Bonds                143.6 WAR-eq  peak=19.6
    Mark McGwire                66.3 WAR-eq  peak=15.3
    Sammy Sosa                  58.6 WAR-eq  peak=14.8
    Alex Rodriguez             129.2 WAR-eq  peak=15.8
    Roger Clemens              120.9 WAR-eq  peak=14.1

  CLEAN COMPARABLES:
    Ken Griffey                101.1 WAR-eq  peak=13.7
    Frank Thomas                84.7 WAR-eq  peak=11.9
    Mike Trout                  89.2 WAR-eq  peak=16.4
    Albert Pujols               93.0 WAR-eq  peak=14.6
    Greg Maddux                128.0 WAR-eq  peak=13.0
    Pedro Martinez              74.6 WAR-eq  peak=14.0


##########################################################################################
  14. DYNASTY RANKINGS: BEST 5-YEAR WINDOWS
##########################################################################################

  Rank Player                        Window  5yr WAR-eq  Career
  ---------------------------------------------------------------
  1    Babe Ruth               1920-1924        58.2   134.8
  2    Joe Morgan              1973-1977        51.9   111.7
  3    Willie Mays             1961-1965        49.6   147.4
  4    Alex Rodriguez          2001-2005        49.5   129.2
  5    Barry Bonds             2000-2004        48.0   143.6
  6    Ted Williams            1946-1950        47.8   133.5
  7    Mickey Mantle           1954-1958        47.5   119.0
  8    Lou Gehrig              1933-1937        45.1   112.0
  9    Stan Musial             1948-1952        43.9   125.8
  10   Mike Schmidt            1976-1980        42.2   108.4


##########################################################################################
  15. DREAM TEAM: BEST SEASON AT EACH POSITION
##########################################################################################
  C    Joe Mauer                2009    10.2 WAR-eq
  1B   Lou Gehrig               1927    10.9 WAR-eq
  2B   Rogers Hornsby           1922    12.3 WAR-eq
  3B   Alex Rodriguez           2005    10.9 WAR-eq
  SS   Alex Rodriguez           2002    10.8 WAR-eq
  LF   Babe Ruth                1921    14.5 WAR-eq
  CF   Aaron Judge              2024    12.6 WAR-eq
  RF   Babe Ruth                1920    13.2 WAR-eq
  DH   Shohei Ohtani            2022    11.3 WAR-eq
  P    Bob Gibson               1968    12.1 WAR-eq
       TOTAL                           118.8


##########################################################################################
  16. BEST SEASON BY POSITION (TOP 3 EACH)
##########################################################################################

  C:
    Joe Mauer                2009    10.2 WAR-eq    14.7 BRAVS
    Mike Piazza              1997    10.1 WAR-eq    14.6 BRAVS
    Cal Raleigh              2025     9.2 WAR-eq    13.3 BRAVS

  1B:
    Lou Gehrig               1927    10.9 WAR-eq    15.8 BRAVS
    Lou Gehrig               1936    10.7 WAR-eq    15.6 BRAVS
    Mark McGwire             1998    10.6 WAR-eq    15.3 BRAVS

  2B:
    Rogers Hornsby           1922    12.3 WAR-eq    17.8 BRAVS
    Joe Morgan               1975    11.9 WAR-eq    17.3 BRAVS
    Joe Morgan               1976    10.9 WAR-eq    15.8 BRAVS

  3B:
    Alex Rodriguez           2005    10.9 WAR-eq    15.8 BRAVS
    Alex Rodriguez           2007    10.8 WAR-eq    15.7 BRAVS
    Miguel Cabrera           2013    10.3 WAR-eq    14.9 BRAVS

  SS:
    Alex Rodriguez           2002    10.8 WAR-eq    15.7 BRAVS
    Alex Rodriguez           2001    10.8 WAR-eq    15.6 BRAVS
    Bobby Witt               2024    10.7 WAR-eq    15.5 BRAVS

  LF:
    Babe Ruth                1921    14.5 WAR-eq    21.0 BRAVS
    Barry Bonds              2001    13.5 WAR-eq    19.6 BRAVS
    Ted Williams             1941    11.7 WAR-eq    16.9 BRAVS

  CF:
    Aaron Judge              2024    12.6 WAR-eq    18.2 BRAVS
    Mickey Mantle            1961    12.1 WAR-eq    17.5 BRAVS
    Aaron Judge              2022    12.0 WAR-eq    17.4 BRAVS

  RF:
    Babe Ruth                1920    13.2 WAR-eq    19.2 BRAVS
    Babe Ruth                1923    12.9 WAR-eq    18.7 BRAVS
    Larry Walker             1997    11.6 WAR-eq    16.8 BRAVS

  DH:
    Shohei Ohtani            2022    11.3 WAR-eq    16.4 BRAVS
    Shohei Ohtani            2025    10.4 WAR-eq    15.0 BRAVS
    Shohei Ohtani            2024     9.9 WAR-eq    14.4 BRAVS

  P:
    Bob Gibson               1968    12.1 WAR-eq    20.8 BRAVS
    Sandy Koufax             1965    10.9 WAR-eq    18.8 BRAVS
    Clayton Kershaw          2015    10.5 WAR-eq    15.4 BRAVS


##########################################################################################
  17. MOST UNDERVALUED: BIGGEST BASERUNNING CONTRIBUTORS
##########################################################################################

  Player                   Year   SB  BR Runs  WAR-eq
  -----------------------------------------------------
  Vince Coleman            1986  107     14.8     0.7
  Maury Wills              1962  104     13.5     6.9
  Willie Wilson            1979   83     12.6     4.7
  Willie Wilson            1980   79     12.2     6.5
  Rickey Henderson         1988   93     12.0     5.8
  Vince Coleman            1985  110     11.1     1.8
  Vince Coleman            1987  109     10.9     3.9
  Davey Lopes              1975   77     10.9     5.0
  Ichiro Suzuki            2006   45     10.8     5.8
  Max Carey                1922   51     10.6     7.5
  Ron LeFlore              1980   97     10.5     2.5
  Willy Taveras            2008   68     10.5     1.4
  Rickey Henderson         1985   80     10.4     9.9
  Shohei Ohtani            2024   59     10.4     9.9
  Tim Raines               1984   75     10.3     7.8


##########################################################################################
  18. BEST DEFENSIVE SEASONS (FIELDING RUNS)
##########################################################################################

  Player                   YearPos   Fld Runs  WAR-eq
  -----------------------------------------------------
  Ozzie Smith              1982SS        15.3     3.3
  Tony Fernandez           1989SS        14.5     3.7
  Ozzie Smith              1983SS        13.8     3.7
  Troy Tulowitzki          2011SS        13.7     8.1
  Ozzie Smith              1984SS        13.6     3.6
  Buddy Bell               19823B        13.5     5.7
  Nolan Arenado            20153B        13.3     7.1
  Bill Mazeroski           19632B        13.3     1.6
  Ozzie Smith              1981SS        13.1     1.3
  Dave Concepcion          1975SS        13.0     3.5
  Ozzie Smith              1980SS        13.0     2.9
  Luis Aparicio            1960SS        12.9     4.0
  Jay Bell                 1993SS        12.9     7.2
  Troy Tulowitzki          2010SS        12.9     7.6
  Tim Wallach              19853B        12.9     3.8


##########################################################################################
  19. LEVERAGE KINGS: BEST CLOSER SEASONS
##########################################################################################

  Player                   Year    IP Lev Runs  WAR-eq
  -------------------------------------------------------
  Eric Gagne               2003    82     14.9     5.9
  Edwin Diaz               2018    73     11.5     4.8
  Eric Gagne               2002    82     11.5     4.6
  Craig Kimbrel            2011    77     11.1     5.0
  Dennis Eckersley         1990    73     11.0     4.8
  Dennis Eckersley         1992    80     10.8     4.4
  Kenley Jansen            2016    69     10.8     4.6
  Greg Holland             2013    67     10.6     4.8
  Craig Kimbrel            2012    63     10.4     4.8
  Bruce Sutter             1977   107     10.2     5.0
  John Wetteland           1993    85     10.2     4.5
  Mariano Rivera           2001    81     10.1     4.0
  Kenley Jansen            2017    68     10.0     4.5
  Eric Gagne               2004    82      9.9     4.1
  Bruce Sutter             1979   101      9.9     4.3


##########################################################################################
  20. 2025 SEASON LEADERBOARD
##########################################################################################

  HITTERS:
  Rank Player                  Pos   WAR-eq   HR   SB
  -----------------------------------------------------
  1    Shohei Ohtani           DH      10.4   55   20
  2    Aaron Judge             RF       9.7   53   12
  3    Cal Raleigh             C        9.2   60   14
  4    Bobby Witt              SS       7.8   23   38
  5    Geraldo Perdomo         SS       7.8   20   27
  6    Francisco Lindor        SS       6.9   31   31
  7    Juan Soto               RF       6.9   43   38
  8    Kyle Schwarber          DH       6.9   56   10
  9    Matt Olson              1B       6.2   29    1
  10   Maikel Garcia           3B       6.1   16   23

  PITCHERS:
  1    Tarik Skubal            P        7.3       195 IP
  2    Logan Webb              P        7.3       207 IP
  3    Cristopher Sanchez      P        7.3       202 IP
  4    Paul Skenes             P        7.2       188 IP
  5    Garrett Crochet         P        6.5       205 IP
  6    Jesus Luzardo           P        5.7       184 IP
  7    Max Fried               P        5.6       195 IP
  8    Yoshinobu Yamamoto      P        5.2       174 IP
  9    Hunter Brown            P        5.1       185 IP
  10   Kevin Gausman           P        4.7       193 IP


##########################################################################################
  ALL ANALYSES COMPLETE — BRAVS v2.0
  75,265 player-seasons, 14,092 careers, 1920-2025
##########################################################################################
