====================================================================================================
  ALL-TIME CAREER BRAVS LEADERBOARD
  Generated 2026-04-07 20:13:07
====================================================================================================

----------------------------------------------------------------------------------------------------
  Player                  Year   BRAVS   ErStd   WAReq
----------------------------------------------------------------------------------------------------
  Babe Ruth               1921    21.7    22.3    13.4
  Babe Ruth               1923    18.5    19.8    11.4
  Babe Ruth               1927    14.4    16.5     8.9
  Babe Ruth               1930    11.9    14.1     7.3
  Babe Ruth               1926    14.6    16.5     9.0

  Barry Bonds             1993    20.1    19.3    12.5
  Barry Bonds             2001    26.1    25.6    16.2
  Barry Bonds             2002    24.9    23.9    15.4
  Barry Bonds             2004    23.6    23.2    14.6

  Greg Maddux             1994    10.9    11.1     6.7
  Greg Maddux             1995    11.1    11.6     6.9
  Greg Maddux             1997    12.4    12.8     7.7

  Hank Aaron              1959    14.3    13.7     8.9
  Hank Aaron              1963    15.0    13.7     9.3
  Hank Aaron              1971    12.8    12.3     7.9

  Honus Wagner            1908    14.5    14.0     9.0
  Honus Wagner            1905    13.9    13.3     8.6
  Honus Wagner            1911    12.7    12.2     7.9

  Lou Gehrig              1927    14.0    16.0     8.7
  Lou Gehrig              1930    11.2    13.3     6.9
  Lou Gehrig              1934    11.8    13.4     7.3

  Mickey Mantle           1956    17.6    17.7    10.9
  Mickey Mantle           1957    18.4    18.5    11.4
  Mickey Mantle           1961    18.1    17.6    11.2

  Mike Trout              2012    14.6    13.8     9.0
  Mike Trout              2016    16.4    16.0    10.2
  Mike Trout              2018    16.9    16.3    10.4

  Pedro Martinez          1997    12.8    13.0     7.9
  Pedro Martinez          1999    13.5    15.0     8.4
  Pedro Martinez          2000    11.3    12.7     7.0

  Randy Johnson           1995    12.1    12.4     7.5
  Randy Johnson           1999    13.7    15.2     8.5
  Randy Johnson           2001    14.3    15.2     8.9

  Rogers Hornsby          1922    18.9    19.4    11.7
  Rogers Hornsby          1924    18.5    19.6    11.4
  Rogers Hornsby          1925    16.6    18.0    10.3

  Stan Musial             1948    16.8    16.8    10.4
  Stan Musial             1951    13.2    13.7     8.2
  Stan Musial             1946    14.0    13.4     8.7

  Ted Williams            1941    17.5    17.9    10.8
  Ted Williams            1946    18.2    17.8    11.3
  Ted Williams            1957    14.3    14.3     8.9

  Walter Johnson          1912    23.6    22.5    14.6
  Walter Johnson          1913    23.1    22.0    14.3
  Walter Johnson          1919    15.3    14.6     9.5

  Willie Mays             1954    18.1    17.5    11.2
  Willie Mays             1962    22.1    19.5    13.7
  Willie Mays             1965    25.4    21.5    15.7


====================================================================================================
  CAREER BRAVS ESTIMATES (sum of peak seasons modeled)
  Note: This sums only 3-5 representative peak seasons per player.
  Actual career totals would be higher with full season coverage.
====================================================================================================

Rank  Player                 Seasons  CarBRAVS  CarErStd  CarWAReq   Avg/Szn
----------------------------------------------------------------------------------------------------
   1. Barry Bonds                  4      94.7      92.0      58.7      23.0
   2. Babe Ruth                    5      81.0      89.2      50.2      17.8
   3. Walter Johnson               3      62.0      59.1      38.4      19.7
   4. Willie Mays                  3      65.6      58.5      40.7      19.5
   5. Rogers Hornsby               3      54.0      57.0      33.5      19.0
   6. Mickey Mantle                3      54.1      53.8      33.5      17.9
   7. Ted Williams                 3      50.0      49.9      31.0      16.6
   8. Mike Trout                   3      47.8      46.1      29.7      15.4
   9. Stan Musial                  3      43.9      43.9      27.2      14.6
  10. Randy Johnson                3      40.1      42.8      24.9      14.3
  11. Lou Gehrig                   3      36.9      42.7      22.9      14.2
  12. Pedro Martinez               3      37.6      40.7      23.3      13.6
  13. Hank Aaron                   3      42.1      39.7      26.1      13.2
  14. Honus Wagner                 3      41.2      39.5      25.5      13.2
  15. Greg Maddux                  3      34.4      35.6      21.3      11.9

====================================================================================================
  TIER ANALYSIS
====================================================================================================

  TIER 1 — Transcendent (8+ era-std BRAVS per peak season):
    Barry Bonds            (23.0 avg)
    Babe Ruth              (17.8 avg)
    Walter Johnson         (19.7 avg)
    Willie Mays            (19.5 avg)
    Rogers Hornsby         (19.0 avg)
    Mickey Mantle          (17.9 avg)
    Ted Williams           (16.6 avg)
    Mike Trout             (15.4 avg)
    Stan Musial            (14.6 avg)
    Randy Johnson          (14.3 avg)
    Lou Gehrig             (14.2 avg)
    Pedro Martinez         (13.6 avg)
    Hank Aaron             (13.2 avg)
    Honus Wagner           (13.2 avg)
    Greg Maddux            (11.9 avg)

  TIER 2 — Inner Circle (5-8 era-std BRAVS per peak season):

  TIER 3 — Elite (below 5 era-std BRAVS per peak season):

====================================================================================================
  POSITION PLAYER vs PITCHER PEAK VALUE
====================================================================================================

  Best peak season avg (era-standardized) among hitters:
    Barry Bonds            23.0 BRAVS/season
    Willie Mays            19.5 BRAVS/season
    Rogers Hornsby         19.0 BRAVS/season
    Mickey Mantle          17.9 BRAVS/season
    Babe Ruth              17.8 BRAVS/season

  Best peak season avg (era-standardized) among pitchers:
    Walter Johnson         19.7 BRAVS/season
    Randy Johnson          14.3 BRAVS/season
    Pedro Martinez         13.6 BRAVS/season
    Greg Maddux            11.9 BRAVS/season

  Note: Pitchers produce fewer BRAVS per season because they only contribute
  via the pitching component (no hitting, baserunning, or approach quality).
  This is inherent in the framework and reflects real-world value distribution.
