2026-04-09 21:56:08,880 INFO Building team-season training data...
2026-04-09 21:56:13,417 INFO Built 780 team-season training records
2026-04-09 21:56:13,517 INFO Training tensors: X=torch.Size([780, 17]), y=torch.Size([780]), device=cuda
2026-04-09 21:56:15,622 INFO Epoch 50: train_loss=0.4260, val_loss=0.5408, val_rmse=1.037 R/G
2026-04-09 21:56:15,744 INFO Epoch 100: train_loss=0.0816, val_loss=0.1627, val_rmse=0.757 R/G
2026-04-09 21:56:15,864 INFO Epoch 150: train_loss=-0.1957, val_loss=0.8088, val_rmse=0.812 R/G
2026-04-09 21:56:15,985 INFO Epoch 200: train_loss=-0.2966, val_loss=0.2639, val_rmse=0.624 R/G
2026-04-09 21:56:16,104 INFO Epoch 250: train_loss=-0.3866, val_loss=0.4064, val_rmse=0.624 R/G
2026-04-09 21:56:16,226 INFO Epoch 300: train_loss=-0.4435, val_loss=0.5250, val_rmse=0.626 R/G
2026-04-09 21:56:16,350 INFO Epoch 350: train_loss=-0.4854, val_loss=0.8666, val_rmse=0.672 R/G
2026-04-09 21:56:16,472 INFO Epoch 400: train_loss=-0.5277, val_loss=0.9318, val_rmse=0.681 R/G
2026-04-09 21:56:16,596 INFO Epoch 450: train_loss=-0.5179, val_loss=0.8928, val_rmse=0.668 R/G
2026-04-09 21:56:16,715 INFO Epoch 500: train_loss=-0.5527, val_loss=0.8728, val_rmse=0.666 R/G
2026-04-09 21:56:16,868 INFO Selected 9 starters from 16-man roster
2026-04-09 21:56:16,868 INFO Positions: Aaron Judge=RF, Cody Belling=LF, Trent Grisha=CF, Jazz Chishol=2B, Ben Rice=1B, Giancarlo St=DH, Ryan McMahon=3B, Paul Goldsch=DH, Austin Wells=C
2026-04-09 21:56:16,991 INFO Evaluating 50000 candidate batting orders on cuda...
2026-04-09 21:56:17,023 INFO Optimization complete in 0.16s
======================================================================
  BRAVS LINEUP OPTIMIZER — Training & Demo
======================================================================

--- Phase 1: Building training data ---
  Team-season records: 780
  Year range: 2000-2025
  Avg R/G: 4.55

--- Phase 2: Training lineup value model ---
  Features: 17
  Samples: 780

  Model performance:
    RMSE: 0.802 R/G
    Correlation: 0.718
    Mean prediction: 3.90 R/G
    Mean actual: 4.55 R/G
  Model saved to models/lineup_value_model.pt

--- Phase 3: Lineup Optimization Demo ---

  Optimizing lineup for NYY 2025 (16 players)
Traceback (most recent call last):
  File "C:\Users\logiu\Desktop\testing\baseball\scripts\train_lineup_model.py", line 120, in <module>
    main()
    ~~~~^^
  File "C:\Users\logiu\Desktop\testing\baseball\scripts\train_lineup_model.py", line 109, in main
    print(f"\n  \u2500\u2500 Lineup #{i+1} (expected value: {config.expected_runs:.1f}) \u2500\u2500")
    ~~~~~^^^^^^^^^^^^^^^^^^^^^^^^^^^^^^^^^^^^^^^^^^^^^^^^^^^^^^^^^^^^^^^^^^^^^^^^^
  File "C:\Python314\Lib\encodings\cp1252.py", line 19, in encode
    return codecs.charmap_encode(input,self.errors,encoding_table)[0]
           ~~~~~~~~~~~~~~~~~~~~~^^^^^^^^^^^^^^^^^^^^^^^^^^^^^^^^^^
UnicodeEncodeError: 'charmap' codec can't encode characters in position 4-5: character maps to <undefined>
