==============================================================================================
  LIVE 2025 MVP RACE ó WHO'S LEADING RIGHT NOW?
==============================================================================================

  Fetching American League leaders...
  Found 31 candidates. Computing BRAVS...

  ==========================================================================================
  2025 American League MVP RACE (as of today)
  ==========================================================================================

  Rank  Player                  Team                  Pos     G  BRAVS  WAReq      Key Stat
  ------------------------------------------------------------------------------------------
    1.  Aaron Judge             New York Yankees      RF    152   16.4   10.2  .331/53 HR <<
    2.  Cal Raleigh             Seattle Mariners      C     159   14.6    9.1  .247/60 HR
    3.  Tarik Skubal            Detroit Tigers        DH     31   11.5    7.1  2.21 ERA
    4.  Bobby Witt Jr.          Kansas City Royals    SS    157   10.6    6.5  .295/23 HR
    5.  Garrett Crochet         Boston Red Sox        DH     32   10.3    6.4  2.59 ERA
    6.  Josť RamŪrez            Cleveland Guardians   3B    158    9.9    6.1  .283/30 HR
    7.  George Springer         Toronto Blue Jays     RF    140    9.3    5.8  .309/32 HR
    8.  Max Fried               New York Yankees      DH     32    9.1    5.6  2.86 ERA
    9.  Hunter Brown            Houston Astros        DH     31    8.3    5.1  2.43 ERA
   10.  Framber Valdez          Houston Astros        DH     31    7.7    4.8  3.66 ERA
   11.  Julio RodrŪguez         Seattle Mariners      CF    160    7.6    4.7  .267/32 HR
   12.  Kevin Gausman           Toronto Blue Jays     DH     32    7.6    4.7  3.59 ERA
   13.  Bryan Woo               Seattle Mariners      DH     30    7.1    4.4  2.94 ERA
   14.  Byron Buxton            Minnesota Twins       CF    126    7.0    4.3  .264/35 HR
   15.  Junior Caminero         Tampa Bay Rays        3B    154    6.8    4.2  .264/45 HR

  Current BRAVS MVP: Aaron Judge (16.4 BRAVS, 10.2 WAR-eq)

  Fetching National League leaders...
  Found 30 candidates. Computing BRAVS...

  ==========================================================================================
  2025 National League MVP RACE (as of today)
  ==========================================================================================

  Rank  Player                  Team                  Pos     G  BRAVS  WAReq      Key Stat
  ------------------------------------------------------------------------------------------
    1.  Shohei Ohtani           Los Angeles Dodgers   DH    158   14.3    8.9  2.87 ERA <<
    2.  Geraldo Perdomo         Arizona Diamondbacks  SS    161   12.2    7.6  .290/20 HR
    3.  Kyle Schwarber          Philadelphia Phillies LF    162   11.7    7.3  .240/56 HR
    4.  Logan Webb              San Francisco Giants  DH     34   11.7    7.2  3.22 ERA
    5.  Juan Soto               New York Mets         RF    160   11.5    7.1  .263/43 HR
    6.  Cristopher SŠnchez      Philadelphia Phillies DH     32   11.5    7.1  2.50 ERA
    7.  Paul Skenes             Pittsburgh Pirates    DH     32   11.4    7.1  1.97 ERA
    8.  Francisco Lindor        New York Mets         SS    160   10.3    6.4  .267/31 HR
    9.  Jesķs Luzardo           Philadelphia Phillies DH     32    9.2    5.7  3.92 ERA
   10.  Yoshinobu Yamamoto      Los Angeles Dodgers   DH     30    8.4    5.2  2.49 ERA
   11.  Elly De La Cruz         Cincinnati Reds       SS    162    7.9    4.9  .264/22 HR
   12.  Corbin Carroll          Arizona Diamondbacks  RF    143    7.8    4.8  .259/31 HR
   13.  Hunter Goodman          Colorado Rockies      C     144    7.7    4.7  .278/31 HR
   14.  Matt Olson              Atlanta Braves        1B    162    7.6    4.7  .272/29 HR
   15.  Eugenio SuŠrez                                3B    159    7.2    4.5  .228/49 HR

  Current BRAVS MVP: Shohei Ohtani (14.3 BRAVS, 8.9 WAR-eq)

  ==========================================================================================
  COMBINED MLB ó TOP 10 MOST VALUABLE PLAYERS RIGHT NOW
  ==========================================================================================

  Rank  Player                  Team                  Pos    BRAVS  WAReq
  ----------------------------------------------------------------------
    1.  Aaron Judge             New York Yankees      RF      16.4   10.2
    2.  Cal Raleigh             Seattle Mariners      C       14.6    9.1
    3.  Shohei Ohtani           Los Angeles Dodgers   DH      14.3    8.9
    4.  Geraldo Perdomo         Arizona Diamondbacks  SS      12.2    7.6
    5.  Kyle Schwarber          Philadelphia Phillies LF      11.7    7.3
    6.  Logan Webb              San Francisco Giants  DH      11.7    7.2
    7.  Tarik Skubal            Detroit Tigers        DH      11.5    7.1
    8.  Juan Soto               New York Mets         RF      11.5    7.1
    9.  Cristopher SŠnchez      Philadelphia Phillies DH      11.5    7.1
   10.  Paul Skenes             Pittsburgh Pirates    DH      11.4    7.1

