Validation warnings for Willie Mays (1965): 1B + 2B + 3B + HR != H — recomputing singles
Validation warnings for Hank Aaron (1971): 1B + 2B + 3B + HR != H — recomputing singles
Validation warnings for Edgar Martinez (1995): 1B + 2B + 3B + HR != H — recomputing singles
Validation warnings for Ozzie Smith (1987): 1B + 2B + 3B + HR != H — recomputing singles
Validation warnings for Juan Soto (2020): 1B + 2B + 3B + HR != H — recomputing singles
Validation warnings for Larry Walker (1997): 1B + 2B + 3B + HR != H — recomputing singles
Validation warnings for Mike Piazza (1997): 1B + 2B + 3B + HR != H — recomputing singles
Validation warnings for Aaron Judge (2022): 1B + 2B + 3B + HR != H — recomputing singles
Validation warnings for Harold Baines (1985): 1B + 2B + 3B + HR != H — recomputing singles
Validation warnings for Willie Mays (1965): 1B + 2B + 3B + HR != H — recomputing singles
Validation warnings for Hank Aaron (1971): 1B + 2B + 3B + HR != H — recomputing singles
Validation warnings for Edgar Martinez (1995): 1B + 2B + 3B + HR != H — recomputing singles
Validation warnings for Ozzie Smith (1987): 1B + 2B + 3B + HR != H — recomputing singles
Validation warnings for Juan Soto (2020): 1B + 2B + 3B + HR != H — recomputing singles
Validation warnings for Larry Walker (1997): 1B + 2B + 3B + HR != H — recomputing singles
Validation warnings for Mike Piazza (1997): 1B + 2B + 3B + HR != H — recomputing singles
Validation warnings for Aaron Judge (2022): 1B + 2B + 3B + HR != H — recomputing singles
Validation warnings for Harold Baines (1985): 1B + 2B + 3B + HR != H — recomputing singles
Validation warnings for Willie Mays (1965): 1B + 2B + 3B + HR != H — recomputing singles
Validation warnings for Hank Aaron (1971): 1B + 2B + 3B + HR != H — recomputing singles
Validation warnings for Edgar Martinez (1995): 1B + 2B + 3B + HR != H — recomputing singles
Validation warnings for Ozzie Smith (1987): 1B + 2B + 3B + HR != H — recomputing singles
Validation warnings for Juan Soto (2020): 1B + 2B + 3B + HR != H — recomputing singles
Validation warnings for Larry Walker (1997): 1B + 2B + 3B + HR != H — recomputing singles
Validation warnings for Mike Piazza (1997): 1B + 2B + 3B + HR != H — recomputing singles
Validation warnings for Aaron Judge (2022): 1B + 2B + 3B + HR != H — recomputing singles
Validation warnings for Harold Baines (1985): 1B + 2B + 3B + HR != H — recomputing singles
Validation warnings for Willie Mays (1965): 1B + 2B + 3B + HR != H — recomputing singles
Validation warnings for Hank Aaron (1971): 1B + 2B + 3B + HR != H — recomputing singles
Validation warnings for Edgar Martinez (1995): 1B + 2B + 3B + HR != H — recomputing singles
Validation warnings for Ozzie Smith (1987): 1B + 2B + 3B + HR != H — recomputing singles
Validation warnings for Juan Soto (2020): 1B + 2B + 3B + HR != H — recomputing singles
Validation warnings for Larry Walker (1997): 1B + 2B + 3B + HR != H — recomputing singles
Validation warnings for Mike Piazza (1997): 1B + 2B + 3B + HR != H — recomputing singles
Validation warnings for Aaron Judge (2022): 1B + 2B + 3B + HR != H — recomputing singles
Validation warnings for Harold Baines (1985): 1B + 2B + 3B + HR != H — recomputing singles
Validation warnings for Willie Mays (1965): 1B + 2B + 3B + HR != H — recomputing singles
Validation warnings for Hank Aaron (1971): 1B + 2B + 3B + HR != H — recomputing singles
Validation warnings for Edgar Martinez (1995): 1B + 2B + 3B + HR != H — recomputing singles
Validation warnings for Ozzie Smith (1987): 1B + 2B + 3B + HR != H — recomputing singles
Validation warnings for Juan Soto (2020): 1B + 2B + 3B + HR != H — recomputing singles
Validation warnings for Larry Walker (1997): 1B + 2B + 3B + HR != H — recomputing singles
Validation warnings for Mike Piazza (1997): 1B + 2B + 3B + HR != H — recomputing singles
Validation warnings for Aaron Judge (2022): 1B + 2B + 3B + HR != H — recomputing singles
Validation warnings for Harold Baines (1985): 1B + 2B + 3B + HR != H — recomputing singles
Validation warnings for Willie Mays (1965): 1B + 2B + 3B + HR != H — recomputing singles
Validation warnings for Hank Aaron (1971): 1B + 2B + 3B + HR != H — recomputing singles
Validation warnings for Edgar Martinez (1995): 1B + 2B + 3B + HR != H — recomputing singles
Validation warnings for Ozzie Smith (1987): 1B + 2B + 3B + HR != H — recomputing singles
Validation warnings for Juan Soto (2020): 1B + 2B + 3B + HR != H — recomputing singles
Validation warnings for Larry Walker (1997): 1B + 2B + 3B + HR != H — recomputing singles
Validation warnings for Mike Piazza (1997): 1B + 2B + 3B + HR != H — recomputing singles
Validation warnings for Aaron Judge (2022): 1B + 2B + 3B + HR != H — recomputing singles
Validation warnings for Harold Baines (1985): 1B + 2B + 3B + HR != H — recomputing singles
Validation warnings for Willie Mays (1965): 1B + 2B + 3B + HR != H — recomputing singles
Validation warnings for Hank Aaron (1971): 1B + 2B + 3B + HR != H — recomputing singles
Validation warnings for Edgar Martinez (1995): 1B + 2B + 3B + HR != H — recomputing singles
Validation warnings for Ozzie Smith (1987): 1B + 2B + 3B + HR != H — recomputing singles
Validation warnings for Juan Soto (2020): 1B + 2B + 3B + HR != H — recomputing singles
Validation warnings for Larry Walker (1997): 1B + 2B + 3B + HR != H — recomputing singles
Validation warnings for Mike Piazza (1997): 1B + 2B + 3B + HR != H — recomputing singles
Validation warnings for Aaron Judge (2022): 1B + 2B + 3B + HR != H — recomputing singles
Validation warnings for Harold Baines (1985): 1B + 2B + 3B + HR != H — recomputing singles
Validation warnings for Willie Mays (1965): 1B + 2B + 3B + HR != H — recomputing singles
Validation warnings for Hank Aaron (1971): 1B + 2B + 3B + HR != H — recomputing singles
Validation warnings for Edgar Martinez (1995): 1B + 2B + 3B + HR != H — recomputing singles
Validation warnings for Ozzie Smith (1987): 1B + 2B + 3B + HR != H — recomputing singles
Validation warnings for Juan Soto (2020): 1B + 2B + 3B + HR != H — recomputing singles
Validation warnings for Larry Walker (1997): 1B + 2B + 3B + HR != H — recomputing singles
Validation warnings for Mike Piazza (1997): 1B + 2B + 3B + HR != H — recomputing singles
Validation warnings for Aaron Judge (2022): 1B + 2B + 3B + HR != H — recomputing singles
Validation warnings for Harold Baines (1985): 1B + 2B + 3B + HR != H — recomputing singles
Validation warnings for Willie Mays (1965): 1B + 2B + 3B + HR != H — recomputing singles
Validation warnings for Hank Aaron (1971): 1B + 2B + 3B + HR != H — recomputing singles
Validation warnings for Edgar Martinez (1995): 1B + 2B + 3B + HR != H — recomputing singles
Validation warnings for Ozzie Smith (1987): 1B + 2B + 3B + HR != H — recomputing singles
Validation warnings for Juan Soto (2020): 1B + 2B + 3B + HR != H — recomputing singles
Validation warnings for Larry Walker (1997): 1B + 2B + 3B + HR != H — recomputing singles
Validation warnings for Mike Piazza (1997): 1B + 2B + 3B + HR != H — recomputing singles
Validation warnings for Aaron Judge (2022): 1B + 2B + 3B + HR != H — recomputing singles
Validation warnings for Harold Baines (1985): 1B + 2B + 3B + HR != H — recomputing singles
Validation warnings for Willie Mays (1965): 1B + 2B + 3B + HR != H — recomputing singles
Validation warnings for Hank Aaron (1971): 1B + 2B + 3B + HR != H — recomputing singles
Validation warnings for Edgar Martinez (1995): 1B + 2B + 3B + HR != H — recomputing singles
Validation warnings for Ozzie Smith (1987): 1B + 2B + 3B + HR != H — recomputing singles
Validation warnings for Juan Soto (2020): 1B + 2B + 3B + HR != H — recomputing singles
Validation warnings for Larry Walker (1997): 1B + 2B + 3B + HR != H — recomputing singles
Validation warnings for Mike Piazza (1997): 1B + 2B + 3B + HR != H — recomputing singles
Validation warnings for Aaron Judge (2022): 1B + 2B + 3B + HR != H — recomputing singles
Validation warnings for Harold Baines (1985): 1B + 2B + 3B + HR != H — recomputing singles
Single player-season (100 runs): 4.57ms per run
22 notable seasons (10 runs): 83.5ms per batch
Full season (731 players): 3716.7ms total, 5.08ms per player
