=====================================================================================
  RECENT AWARD RACES — LEAGUE-CORRECTED (BRAVS v2.0)
=====================================================================================

  2025 AL MVP
  Rk  Player                    Pos    WAReq   HR   SB    Hit    BR   Fld   Pos
  --------------------------------------------------------------------------------
  1   Aaron Judge               RF       8.9   53   12   87.0  -3.3   0.1  -4.7
  2   Cal Raleigh               C        8.0   60   14   59.7  -3.2   1.4   9.9
  3   Bobby Witt                SS       7.2   23   38   44.2  10.1   1.7   6.8
  4   Byron Buxton              CF       6.0   35   24   37.2  16.7   2.1   2.3
  5   Gunnar Henderson          SS       6.0   17   30   31.8   8.7   5.1   6.7
  6   Jarren Duran              LF       5.8   16   24   33.2  23.5  -1.7  -4.9
  7   Jose Ramirez              3B       5.4   30   44   38.8   5.5  -0.2   2.0
  8   Maikel Garcia             3B       5.4   16   23   38.1   3.0   2.3   2.0
  9   Julio Rodriguez           CF       5.3   32   30   35.9   2.9   4.0   3.0
  10  Zach McKinstry            3B       5.0   12   19   23.3  19.6   1.1   1.8

  2025 NL MVP
  Rk  Player                    Pos    WAReq   HR   SB    Hit    BR   Fld   Pos
  --------------------------------------------------------------------------------
  1   Shohei Ohtani             DH      10.8   55   20   75.1  13.9   0.0  -7.4
  2   Corbin Carroll            RF       8.5   31   32   47.6  33.2   0.7  -4.4
  3   Geraldo Perdomo           SS       8.1   20   27   54.1   6.5   1.1   7.0
  4   Juan Soto                 RF       6.2   43   38   60.8  -0.8  -2.6  -5.0
  5   Trea Turner               SS       6.2   15   36   38.6  11.2   0.6   6.1
  6   Kyle Schwarber            DH       6.0   56   10   64.6   1.8  -0.1 -15.1
  7   Francisco Lindor          SS       5.8   31   31   43.3  -2.5   2.2   7.0
  8   Jung Hoo Lee              CF       5.5    8   10   22.4  22.0   0.4   2.8
  9   Elly De La Cruz           SS       5.2   22   37   29.6   9.8  -2.7   7.0
  10  Hunter Goodman            C        5.0   31    1   38.0   1.5  -4.4   8.9

  2025 AL CY YOUNG
  Rk  Player                        IP  WAReq
  ---------------------------------------------
  1   Tarik Skubal                 195    7.3
  2   Garrett Crochet              205    6.5
  3   Max Fried                    195    5.8
  4   Hunter Brown                 185    5.3
  5   Framber Valdez               192    4.9
  6   Kevin Gausman                193    4.8
  7   Bryan Woo                    187    4.5
  8   Nathan Eovaldi               130    4.1

  2025 NL CY YOUNG
  Rk  Player                        IP  WAReq
  ---------------------------------------------
  1   Logan Webb                   207    7.4
  2   Cristopher Sanchez           202    7.3
  3   Paul Skenes                  188    7.2
  4   Jesus Luzardo                184    5.8
  5   Yoshinobu Yamamoto           174    5.4
  6   Sonny Gray                   181    4.6
  7   Zack Wheeler                 150    4.4
  8   Nick Pivetta                 182    4.3

  2024 AL MVP
  Rk  Player                    Pos    WAReq   HR   SB    Hit    BR   Fld   Pos
  --------------------------------------------------------------------------------
  1   Aaron Judge               CF      11.4   58   10  102.3  -5.7   2.1   2.9
  2   Bobby Witt                SS      10.9   32   31   71.7  18.6  -1.0   6.9
  3   Gunnar Henderson          SS       9.1   37   21   59.6  13.2   0.8   6.9
  4   Juan Soto                 RF       8.9   41    7   80.5   2.4  -0.2  -4.8
  5   Jarren Duran              CF       8.7   21   34   47.1  26.4   0.6   3.0
  6   Jose Ramirez              3B       5.7   39   41   43.9   2.7   0.4   1.9
  7   Vladimir Guerrero         1B       5.4   30    2   63.2  -6.3  -0.4  -9.8
  8   Yordan Alvarez            DH       4.6   35    6   57.3  -1.8   0.0 -13.6
  9   Brent Rooker              DH       4.5   39   11   54.4   1.0   0.0 -13.4
  10  Rafael Devers             3B       4.4   28    3   37.6   4.1  -1.8   1.7

  2024 NL MVP
  Rk  Player                    Pos    WAReq   HR   SB    Hit    BR   Fld   Pos
  --------------------------------------------------------------------------------
  1   Shohei Ohtani             DH       9.9   54   59   84.8  18.0   0.0 -14.7
  2   Elly De La Cruz           SS       7.3   25   67   39.7  18.3  -0.2   6.9
  3   Corbin Carroll            CF       6.9   22   35   27.0  27.7   2.1   2.9
  4   Ketel Marte               2B       6.2   36    7   50.0  -0.0   5.5   2.5
  5   Francisco Lindor          SS       6.2   33   29   47.3   0.7   0.6   6.6
  6   Jackson Merrill           CF       5.9   24   16   35.0  10.8   3.5   2.9
  7   William Contreras         C        5.9   23    9   43.3  -4.1   0.9   9.5
  8   Mookie Betts              SS       4.8   19   16   37.6   6.9  -1.1   5.0
  9   Seiya Suzuki              RF       4.5   21   16   40.1   8.4  -0.1  -4.1
  10  Ezequiel Tovar            SS       4.4   26    6   26.7  -1.4   7.7   6.8

  2024 AL CY YOUNG
  Rk  Player                        IP  WAReq
  ---------------------------------------------
  1   Tarik Skubal                 192    7.0
  2   Cole Ragans                  186    5.6
  3   Logan Gilbert                209    5.6
  4   Seth Lugo                    207    5.6
  5   George Kirby                 191    5.2
  6   Garrett Crochet              146    5.0
  7   Framber Valdez               176    4.7
  8   Tanner Houck                 179    4.6

  2024 NL CY YOUNG
  Rk  Player                        IP  WAReq
  ---------------------------------------------
  1   Chris Sale                   178    7.3
  2   Logan Webb                   205    6.3
  3   Zack Wheeler                 200    5.7
  4   Dylan Cease                  189    5.5
  5   Cristopher Sanchez           182    5.5
  6   Paul Skenes                  133    4.7
  7   Sonny Gray                   166    4.7
  8   Max Fried                    174    4.5

  2023 AL MVP
  Rk  Player                    Pos    WAReq   HR   SB    Hit    BR   Fld   Pos
  --------------------------------------------------------------------------------
  1   Shohei Ohtani             DH      10.0   44   20   66.0  12.0  -0.0  -6.2
  2   Bobby Witt                SS       6.8   30   49   37.6  17.5  -1.0   6.7
  3   Marcus Semien             2B       6.4   29   14   47.1   5.1   1.0   3.0
  4   Corey Seager              SS       5.8   33    2   56.4  -4.9   1.8   5.1
  5   Kyle Tucker               RF       5.8   29   30   48.3   7.2  -0.0  -4.8
  6   Gunnar Henderson          3B       5.3   28   10   34.7  12.8  -0.4   1.8
  7   Adley Rutschman           C        5.3   20    1   40.0  -5.5   0.8   9.4
  8   Alex Bregman              3B       5.1   25    3   43.4  -1.8  -0.3   2.0
  9   Jose Ramirez              3B       4.8   24   28   33.1   7.3  -0.6   1.9
  10  Julio Rodriguez           CF       4.8   32   37   39.7  -1.3   1.9   2.8

  2023 NL MVP
  Rk  Player                    Pos    WAReq   HR   SB    Hit    BR   Fld   Pos
  --------------------------------------------------------------------------------
  1   Ronald Acuńa              RF       9.8   41   73   87.1   7.0  -1.4  -4.8
  2   Mookie Betts              RF       7.8   39   14   75.8  -0.3  -0.4  -4.6
  3   Freddie Freeman           1B       7.4   29   23   74.0   0.5   1.0  -9.8
  4   Corbin Carroll            LF       7.3   25   54   48.0  22.6   0.2  -4.7
  5   Matt Olson                1B       7.3   54    1   75.5  -0.3  -0.2  -9.9
  6   Ketel Marte               2B       6.4   25    8   43.4  10.7   1.3   2.7
  7   Brandon Nimmo             CF       6.3   24    3   45.1   7.1   2.4   2.8
  8   Juan Soto                 LF       5.9   35   12   63.2  -6.0  -1.9  -4.9
  9   TJ Friedl                 CF       5.8   18   27   33.6  16.4   2.7   2.5
  10  Francisco Lindor          SS       5.6   31   31   38.3   2.8   1.3   6.8

  2022 AL MVP: JUDGE 62 HR vs OHTANI TWO-WAY
  Rk  Player                    Pos    WAReq   HR   SB    Hit    BR   Fld   Pos
  --------------------------------------------------------------------------------
  1   Shohei Ohtani             DH      11.5   34   11   45.4   6.1   0.2  -7.5
  2   Aaron Judge               CF      10.6   62   16   92.7  -5.3   1.0   3.0
  3   Jose Ramirez              3B       6.1   29   20   41.5   6.9  -0.0   2.0
  4   Mike Trout                CF       5.8   40    1   51.8   0.6   1.5   2.3
  5   Jose Altuve               2B       5.5   28   18   57.1  -3.8  -6.7   2.7
  6   Xander Bogaerts           SS       5.4   15    8   43.6  -6.5   2.8   6.6
  7   Andres Gimenez            2B       5.4   17   20   37.8   3.4   3.4   2.8
  8   Yordan Alvarez            DH       5.3   37    1   63.0  -2.0  -0.1 -12.8
  9   Julio Rodriguez           CF       5.1   28   25   38.6   3.1   3.7   2.5
  10  George Springer           CF       4.8   25   14   34.7   5.5   1.1   2.5

  2022 NL MVP
  Rk  Player                    Pos    WAReq   HR   SB    Hit    BR   Fld   Pos
  --------------------------------------------------------------------------------
  1   Paul Goldschmidt          1B       7.3   35    7   73.4  -3.1   3.2  -9.6
  2   Freddie Freeman           1B       6.4   21   13   62.5   1.0  -0.3 -10.1
  3   Brandon Nimmo             CF       6.3   16    3   41.7   8.8   0.6   2.9
  4   J. T. Realmuto            C        6.3   22   21   34.5   9.3   2.0   8.8
  5   Austin Riley              3B       6.1   38    2   55.1  -2.4  -2.5   2.0
  6   Francisco Lindor          SS       5.8   26   16   36.8   4.2  -0.1   7.1
  7   Trea Turner               SS       5.7   21   27   41.5   6.0  -6.9   7.1
  8   Nolan Arenado             3B       5.6   30    5   50.5  -5.9   2.2   1.9
  9   Manny Machado             3B       5.5   32    9   50.9  -3.2  -1.7   1.9
  10  Juan Soto                 RF       5.5   27    6   51.3  -1.5  -0.1  -4.8

  2021 AL MVP: OHTANI UNANIMOUS
  Rk  Player                    Pos    WAReq   HR   SB    Hit    BR   Fld   Pos
  --------------------------------------------------------------------------------
  1   Shohei Ohtani             DH      10.1   46   26   55.9  12.4  -0.0  -7.5
  2   Cedric Mullins            CF       8.3   30   30   53.1   9.3   4.4   3.0
  3   Vladimir Guerrero         1B       7.6   48    4   80.3  -7.1   0.4 -10.2
  4   Marcus Semien             2B       6.9   45   15   55.9   0.8  -2.3   3.1
  5   Jose Ramirez              3B       6.6   36   27   47.9   6.7  -1.1   1.9
  6   Bo Bichette               SS       6.0   29   25   45.5   0.0  -2.0   7.1
  7   Salvador Perez            C        6.0   48    1   45.5  -7.3   0.5  10.2
  8   Rafael Devers             3B       5.8   38    5   51.8  -6.2   1.6   2.0
  9   Xander Bogaerts           SS       5.7   23    5   45.6  -4.1   1.9   6.4
  10  Carlos Correa             SS       5.7   26    0   46.4  -5.7   1.5   6.6

  2021 NL MVP: HARPER vs SOTO vs TATIS
  Rk  Player                    Pos    WAReq   HR   SB    Hit    BR   Fld   Pos
  --------------------------------------------------------------------------------
  1   Bryan Reynolds            CF       8.7   24    5   55.7  10.9   3.2   3.0
  2   Trea Turner               SS       7.2   28   32   58.5   0.8  -3.0   6.6
  3   Bryce Harper              RF       7.0   35   13   70.9  -2.8  -1.4  -4.5
  4   Juan Soto                 RF       6.9   29    9   69.8  -7.2   0.3  -4.8
  5   Austin Riley              3B       6.4   33    0   56.5  -4.5   0.6   2.0
  6   Ozzie Albies              2B       6.0   30   20   34.8  12.5   0.7   3.0
  7   Brandon Crawford          SS       6.0   24   11   44.0   2.2   1.6   6.1
  8   Fernando Tatis            SS       6.0   42   25   54.6  -0.7  -3.7   5.8
  9   Freddie Freeman           1B       5.6   31    8   55.3  -1.8   3.0 -10.1
  10  Jonathan India            2B       5.6   21   12   45.4  -1.5   1.7   2.9

  2019 AL MVP: TROUT vs BREGMAN
  Rk  Player                    Pos    WAReq   HR   SB    Hit    BR   Fld   Pos
  --------------------------------------------------------------------------------
  1   Alex Bregman              3B       8.8   41    5   79.2  -0.2   0.6   1.9
  2   Marcus Semien             SS       8.2   33   10   60.0   5.9   2.0   6.8
  3   Mike Trout                CF       8.1   45   11   72.5   2.1   2.4   2.4
  4   Mookie Betts              RF       6.7   29   16   59.3   5.5   1.6  -4.5
  5   Whit Merrifield           2B       6.7   16   20   39.6  13.3   4.9   2.9
  6   Xander Bogaerts           SS       6.6   33    4   64.9  -5.9  -3.9   6.5
  7   Rafael Devers             3B       6.5   32    8   57.4   0.7   0.6   1.9
  8   Yoan Moncada              3B       6.0   25   10   47.0   8.1   3.6   1.6
  9   Jorge Polanco             SS       5.9   22    4   45.3   7.0  -3.4   6.4
  10  Hunter Dozier             3B       5.8   26    2   40.8  14.0   0.2   1.7

  2019 NL MVP: BELLINGER vs YELICH
  Rk  Player                    Pos    WAReq   HR   SB    Hit    BR   Fld   Pos
  --------------------------------------------------------------------------------
  1   Ketel Marte               CF       8.6   32   10   65.4  13.9   0.6   2.6
  2   Trevor Story              SS       7.9   35   23   56.9   7.3   5.8   6.0
  3   Anthony Rendon            3B       7.5   34    5   69.2   0.1  -0.4   1.7
  4   Christian Yelich          RF       7.3   44   30   71.6   5.8  -0.8  -3.9
  5   Cody Bellinger            RF       7.1   47   15   68.3   1.1   0.4  -4.6
  6   Ozzie Albies              2B       7.0   24   15   45.0  13.5   2.3   2.9
  7   Nolan Arenado             3B       6.9   41    3   60.0  -3.3   5.4   1.8
  8   Juan Soto                 LF       6.8   34   12   62.8   6.0  -0.8  -4.5
  9   Ronald Acuńa              CF       6.4   41   37   54.5   1.6   1.1   2.8
  10  Eduardo Escobar           3B       6.1   35    5   39.2  14.8  -0.2   1.9

  2018 AL MVP: BETTS vs TROUT
  Rk  Player                    Pos    WAReq   HR   SB    Hit    BR   Fld   Pos
  --------------------------------------------------------------------------------
  1   Mookie Betts              RF       9.5   32   30   81.2   9.4   1.0  -4.2
  2   Mike Trout                CF       9.5   39   24   73.1   8.5   1.7   2.6
  3   Jose Ramirez              3B       7.9   39   34   60.2   9.1  -3.4   1.9
  4   Alex Bregman              3B       7.3   31   10   67.3  -5.2  -1.3   1.9
  5   Francisco Lindor          SS       7.0   38   25   53.9   0.1  -0.4   6.9
  6   J. D. Martinez            DH       6.3   43    6   74.5  -4.2   0.3 -14.0
  7   Matt Chapman              3B       6.2   24    1   46.2   2.9   5.5   1.8
  8   Whit Merrifield           2B       6.0   12   45   42.1   3.0   3.7   2.9
  9   Mitch Haniger             RF       5.6   26    8   49.1   3.8   0.4  -4.9
  10  Xander Bogaerts           SS       5.4   23    8   43.9  -0.3   0.8   5.9

  2018 NL MVP: YELICH vs BAEZ
  Rk  Player                    Pos    WAReq   HR   SB    Hit    BR   Fld   Pos
  --------------------------------------------------------------------------------
  1   Christian Yelich          LF       8.7   36   22   75.1   9.2  -0.8  -4.6
  2   Trevor Story              SS       8.3   37   27   55.9   7.7   3.1   6.8
  3   Javier Baez               2B       7.3   34   21   44.7  12.0   4.4   3.0
  4   Charlie Blackmon          CF       7.1   29   12   51.2   8.7  -0.2   2.9
  5   Manny Machado             SS       6.8   37   14   52.3  -4.1   2.9   7.0
  6   Nolan Arenado             3B       6.8   38    2   58.9  -4.3   2.4   1.9
  7   Paul Goldschmidt          1B       6.7   33    7   59.9   5.2   3.2  -9.8
  8   Trea Turner               SS       6.2   19   43   33.2  10.9   1.8   7.0
  9   Brandon Nimmo             RF       5.8   17    9   45.8  11.0   0.7  -4.3
  10  Scooter Gennett           2B       5.8   23    4   43.4  -1.3   5.9   2.9

  2017 AL MVP: JUDGE vs ALTUVE
  Rk  Player                    Pos    WAReq   HR   SB    Hit    BR   Fld   Pos
  --------------------------------------------------------------------------------
  1   Aaron Judge               RF       8.1   52    9   80.1  -1.0  -0.5  -4.7
  2   Jose Ramirez              3B       7.7   29   17   61.3   6.0   0.8   1.8
  3   Jose Altuve               2B       7.5   24   32   67.7   2.0  -3.9   2.8
  4   Mike Trout                CF       6.7   33   22   58.8   4.1   2.2   2.1
  5   Brian Dozier              2B       6.2   34   16   48.2   1.8   3.3   2.8
  6   Francisco Lindor          SS       6.1   33   15   44.6   3.1  -0.8   6.8
  7   Elvis Andrus              SS       5.9   20   25   39.0  -0.9   8.2   6.7
  8   Lorenzo Cain              CF       5.7   15   26   37.4   4.3   6.0   2.8
  9   Jose Abreu                1B       5.3   33    3   54.2   2.6   1.0  -9.5
  10  Nick Castellanos          3B       5.2   26    4   36.3  11.8  -3.6   1.9

  2017 NL MVP: STANTON vs VOTTO
  Rk  Player                    Pos    WAReq   HR   SB    Hit    BR   Fld   Pos
  --------------------------------------------------------------------------------
  1   Charlie Blackmon          CF      11.5   37   14   78.3  22.2   1.5   2.9
  2   Nolan Arenado             3B       8.0   37    3   63.0   3.9   3.2   1.9
  3   Joey Votto                1B       7.6   36    5   79.5  -4.7   1.6  -9.8
  4   Kris Bryant               3B       7.5   29    7   64.3   2.6  -0.6   1.8
  5   Giancarlo Stanton         RF       6.7   59    2   71.3  -7.0   1.2  -4.8
  6   Zack Cozart               SS       6.3   24    3   46.7  11.2  -0.3   5.2
  7   Paul Goldschmidt          1B       6.1   36   18   62.0   0.2   2.6  -9.4
  8   Anthony Rendon            3B       6.0   25    7   55.4  -1.6  -0.7   1.8
  9   Marcell Ozuna             LF       5.6   37    1   60.6  -5.7   0.5  -4.8
  10  Daniel Murphy             2B       5.3   23    2   47.8  -1.3  -0.1   2.6

  2012 AL MVP: CABRERA TRIPLE CROWN vs TROUT
  Rk  Player                    Pos    WAReq   HR   SB    Hit    BR   Fld   Pos
  --------------------------------------------------------------------------------
  1   Mike Trout                CF      10.0   30   49   66.1  18.5   2.5   2.6
  2   Miguel Cabrera            3B       7.5   44    4   72.7 -12.3   1.1   2.0
  3   Austin Jackson            CF       7.4   16   12   47.1  13.4   3.5   2.6
  4   Robinson Cano             2B       7.0   33    3   62.7  -8.7   2.4   3.0
  5   Adrian Beltre             3B       6.7   36    1   55.5  -0.8   0.7   2.0
  6   Joe Mauer                 C        6.3   10    8   48.4  -2.5  -2.7   9.3
  7   Adam Jones                CF       6.2   32   16   47.3  -2.1   4.3   3.1
  8   Josh Hamilton             CF       5.9   43    7   51.7  -1.6  -0.4   2.8
  9   Elvis Andrus              SS       5.5    3   21   27.2  10.0   1.8   7.0
  10  Curtis Granderson         CF       5.5   43   10   36.9   4.9   2.0   3.0

  2012 NL MVP: POSEY vs McCUTCHEN
  Rk  Player                    Pos    WAReq   HR   SB    Hit    BR   Fld   Pos
  --------------------------------------------------------------------------------
  1   Andrew McCutchen          CF       8.7   31   20   63.9   5.2   2.8   3.0
  2   Angel Pagan               CF       7.6    8   29   29.7  28.3   3.7   2.9
  3   Buster Posey              C        7.5   24    1   60.8  -7.0   0.6   9.3
  4   Ryan Braun                LF       7.5   41   30   68.9   1.9  -1.2  -4.9
  5   Aaron Hill                2B       7.4   26   14   51.0   4.8   4.7   2.9
  6   Chase Headley             3B       7.3   31   17   56.3  -0.0   3.1   2.0
  7   Dexter Fowler             CF       7.2   13   12   41.4  19.1   0.5   2.7
  8   Jose Reyes                SS       7.1   11   40   32.0  20.8  -1.2   7.1
  9   Michael Bourn             CF       6.4    9   42   28.8  19.3   3.6   2.9
  10  Starlin Castro            SS       6.2   14   25   25.5  15.2   4.1   7.1

=====================================================================================
  BIGGEST MVP SNUBS (BRAVS #1 != actual winner)
=====================================================================================
  2017 AL: BRAVS says Aaron Judge (8.1) > winner Jose Altuve (7.5)  gap=+0.6
  2018 NL: BRAVS agrees with voters: Christian Yelich (8.7)
  2019 AL: BRAVS says Alex Bregman (8.8) > winner Mike Trout (8.1)  gap=+0.7
  2019 NL: BRAVS says Ketel Marte (8.6) > winner Cody Bellinger (7.1)  gap=+1.5
  2021 AL: BRAVS agrees with voters: Shohei Ohtani (10.1)
  2021 NL: BRAVS says Bryan Reynolds (8.7) > winner Bryce Harper (7.0)  gap=+1.6
  2022 AL: BRAVS says Shohei Ohtani (11.5) > winner Aaron Judge (10.6)  gap=+0.9
  2023 AL: BRAVS agrees with voters: Shohei Ohtani (10.0)
  2023 NL: BRAVS agrees with voters: Ronald Acuńa (9.8)
  2024 AL: BRAVS agrees with voters: Aaron Judge (11.4)
  2024 NL: BRAVS agrees with voters: Shohei Ohtani (9.9)
  2025 AL: BRAVS agrees with voters: Aaron Judge (8.9)
  2025 NL: BRAVS agrees with voters: Shohei Ohtani (10.8)
