=====================================================================================
  FRESH ANALYSES: RECENT SEASONS AND RACES (BRAVS v2.0)
=====================================================================================

  2024 AL MVP RACE
  Rk  Player                    Pos   WAReq  BRAVS   HR   SB    Hit    BR   Fld   Pos
  --------------------------------------------------------------------------------
  1   Aaron Judge               CF     11.4   17.5   58   10  102.3  -5.7   2.1   2.9
  2   Bobby Witt                SS     10.9   16.7   32   31   71.7  18.6  -1.0   6.9
  3   Shohei Ohtani             DH      9.9   15.2   54   59   84.8  18.0   0.0 -14.7
  4   Gunnar Henderson          SS      9.1   14.0   37   21   59.6  13.2   0.8   6.9
  5   Juan Soto                 RF      8.9   13.6   41    7   80.5   2.4  -0.2  -4.8
  6   Jarren Duran              CF      8.7   13.4   21   34   47.1  26.4   0.6   3.0
  7   Elly De La Cruz           SS      7.3   11.2   25   67   39.7  18.3  -0.2   6.9
  8   Corbin Carroll            CF      6.9   10.6   22   35   27.0  27.7   2.1   2.9
  9   Ketel Marte               2B      6.2    9.5   36    7   50.0  -0.0   5.5   2.5
  10  Francisco Lindor          SS      6.2    9.5   33   29   47.3   0.7   0.6   6.6
  11  Jackson Merrill           CF      5.9    9.1   24   16   35.0  10.8   3.5   2.9
  12  William Contreras         C       5.9    9.0   23    9   43.3  -4.1   0.9   9.5

  2024 NL MVP RACE
  Rk  Player                    Pos   WAReq  BRAVS   HR   SB    Hit    BR   Fld   Pos
  --------------------------------------------------------------------------------
  1   Aaron Judge               CF     11.4   17.5   58   10  102.3  -5.7   2.1   2.9
  2   Bobby Witt                SS     10.9   16.7   32   31   71.7  18.6  -1.0   6.9
  3   Shohei Ohtani             DH      9.9   15.2   54   59   84.8  18.0   0.0 -14.7
  4   Gunnar Henderson          SS      9.1   14.0   37   21   59.6  13.2   0.8   6.9
  5   Juan Soto                 RF      8.9   13.6   41    7   80.5   2.4  -0.2  -4.8
  6   Jarren Duran              CF      8.7   13.4   21   34   47.1  26.4   0.6   3.0
  7   Elly De La Cruz           SS      7.3   11.2   25   67   39.7  18.3  -0.2   6.9
  8   Corbin Carroll            CF      6.9   10.6   22   35   27.0  27.7   2.1   2.9
  9   Ketel Marte               2B      6.2    9.5   36    7   50.0  -0.0   5.5   2.5
  10  Francisco Lindor          SS      6.2    9.5   33   29   47.3   0.7   0.6   6.6
  11  Jackson Merrill           CF      5.9    9.1   24   16   35.0  10.8   3.5   2.9
  12  William Contreras         C       5.9    9.0   23    9   43.3  -4.1   0.9   9.5

  2024 AL CY YOUNG
  Rk  Player                        IP WAReq  BRAVS  PitRns   Lev
  -----------------------------------------------------------------
  1   Chris Sale                   178   7.3   11.3    64.3   2.0
  2   Tarik Skubal                 192   7.0   10.7    61.0   1.9
  3   Logan Webb                   205   6.3    9.7    55.0   1.7
  4   Zack Wheeler                 200   5.7    8.8    49.8   1.5
  5   Cole Ragans                  186   5.6    8.7    49.0   1.5
  6   Logan Gilbert                209   5.6    8.7    48.7   1.5
  7   Seth Lugo                    207   5.6    8.6    48.7   1.5
  8   Dylan Cease                  189   5.5    8.5    47.7   1.5
  9   Cristopher Sanchez           182   5.5    8.4    47.7   1.5
  10  George Kirby                 191   5.2    7.9    44.7   1.4

  2024 NL CY YOUNG
  Rk  Player                        IP WAReq  BRAVS  PitRns   Lev
  -----------------------------------------------------------------
  1   Chris Sale                   178   7.3   11.3    64.3   2.0
  2   Tarik Skubal                 192   7.0   10.7    61.0   1.9
  3   Logan Webb                   205   6.3    9.7    55.0   1.7
  4   Zack Wheeler                 200   5.7    8.8    49.8   1.5
  5   Cole Ragans                  186   5.6    8.7    49.0   1.5
  6   Logan Gilbert                209   5.6    8.7    48.7   1.5
  7   Seth Lugo                    207   5.6    8.6    48.7   1.5
  8   Dylan Cease                  189   5.5    8.5    47.7   1.5
  9   Cristopher Sanchez           182   5.5    8.4    47.7   1.5
  10  George Kirby                 191   5.2    7.9    44.7   1.4

  2023 AL MVP RACE
  Rk  Player                    Pos   WAReq  BRAVS   HR   SB    Hit    BR   Fld   Pos
  --------------------------------------------------------------------------------
  1   Shohei Ohtani             DH     10.0   15.4   44   20   66.0  12.0  -0.0  -6.2
  2   Ronald Acuńa              RF      9.8   15.0   41   73   87.1   7.0  -1.4  -4.8
  3   Mookie Betts              RF      7.8   12.0   39   14   75.8  -0.3  -0.4  -4.6
  4   Freddie Freeman           1B      7.4   11.3   29   23   74.0   0.5   1.0  -9.8
  5   Corbin Carroll            LF      7.3   11.3   25   54   48.0  22.6   0.2  -4.7
  6   Matt Olson                1B      7.3   11.3   54    1   75.5  -0.3  -0.2  -9.9
  7   Bobby Witt                SS      6.8   10.5   30   49   37.6  17.5  -1.0   6.7
  8   Marcus Semien             2B      6.4    9.9   29   14   47.1   5.1   1.0   3.0
  9   Ketel Marte               2B      6.4    9.9   25    8   43.4  10.7   1.3   2.7
  10  Brandon Nimmo             CF      6.3    9.7   24    3   45.1   7.1   2.4   2.8
  11  Juan Soto                 LF      5.9    9.0   35   12   63.2  -6.0  -1.9  -4.9
  12  TJ Friedl                 CF      5.8    9.0   18   27   33.6  16.4   2.7   2.5

  2023 NL MVP RACE
  Rk  Player                    Pos   WAReq  BRAVS   HR   SB    Hit    BR   Fld   Pos
  --------------------------------------------------------------------------------
  1   Shohei Ohtani             DH     10.0   15.4   44   20   66.0  12.0  -0.0  -6.2
  2   Ronald Acuńa              RF      9.8   15.0   41   73   87.1   7.0  -1.4  -4.8
  3   Mookie Betts              RF      7.8   12.0   39   14   75.8  -0.3  -0.4  -4.6
  4   Freddie Freeman           1B      7.4   11.3   29   23   74.0   0.5   1.0  -9.8
  5   Corbin Carroll            LF      7.3   11.3   25   54   48.0  22.6   0.2  -4.7
  6   Matt Olson                1B      7.3   11.3   54    1   75.5  -0.3  -0.2  -9.9
  7   Bobby Witt                SS      6.8   10.5   30   49   37.6  17.5  -1.0   6.7
  8   Marcus Semien             2B      6.4    9.9   29   14   47.1   5.1   1.0   3.0
  9   Ketel Marte               2B      6.4    9.9   25    8   43.4  10.7   1.3   2.7
  10  Brandon Nimmo             CF      6.3    9.7   24    3   45.1   7.1   2.4   2.8
  11  Juan Soto                 LF      5.9    9.0   35   12   63.2  -6.0  -1.9  -4.9
  12  TJ Friedl                 CF      5.8    9.0   18   27   33.6  16.4   2.7   2.5

  2023 AL CY YOUNG
  Rk  Player                        IP WAReq  BRAVS  PitRns   Lev
  -----------------------------------------------------------------
  1   Shohei Ohtani                132  10.0   15.4    21.3   0.7
  2   Logan Webb                   216   6.2    9.5    54.5   1.7
  3   Spencer Strider              187   6.0    9.3    53.2   1.6
  4   Sonny Gray                   184   6.0    9.2    53.0   1.6
  5   Gerrit Cole                  209   6.0    9.2    52.6   1.6
  6   Zac Gallen                   210   5.8    8.9    50.6   1.6
  7   Kevin Gausman                185   5.7    8.8    50.4   1.6
  8   Zack Wheeler                 192   5.5    8.5    48.6   1.5
  9   Zach Eflin                   178   5.4    8.3    47.7   1.5
  10  Justin Steele                173   5.2    8.0    46.3   1.4

  2023 NL CY YOUNG
  Rk  Player                        IP WAReq  BRAVS  PitRns   Lev
  -----------------------------------------------------------------
  1   Shohei Ohtani                132  10.0   15.4    21.3   0.7
  2   Logan Webb                   216   6.2    9.5    54.5   1.7
  3   Spencer Strider              187   6.0    9.3    53.2   1.6
  4   Sonny Gray                   184   6.0    9.2    53.0   1.6
  5   Gerrit Cole                  209   6.0    9.2    52.6   1.6
  6   Zac Gallen                   210   5.8    8.9    50.6   1.6
  7   Kevin Gausman                185   5.7    8.8    50.4   1.6
  8   Zack Wheeler                 192   5.5    8.5    48.6   1.5
  9   Zach Eflin                   178   5.4    8.3    47.7   1.5
  10  Justin Steele                173   5.2    8.0    46.3   1.4

  2022 AL MVP: JUDGE (62 HR) vs OHTANI (TWO-WAY)
  Rk  Player                    Pos   WAReq  BRAVS   HR   SB    Hit    BR   Fld   Pos
  --------------------------------------------------------------------------------
  1   Shohei Ohtani             DH     11.5   17.7   34   11   45.4   6.1   0.2  -7.5
  2   Aaron Judge               CF     10.6   16.3   62   16   92.7  -5.3   1.0   3.0
  3   Paul Goldschmidt          1B      7.3   11.3   35    7   73.4  -3.1   3.2  -9.6
  4   Freddie Freeman           1B      6.4    9.8   21   13   62.5   1.0  -0.3 -10.1
  5   Brandon Nimmo             CF      6.3    9.7   16    3   41.7   8.8   0.6   2.9
  6   J. T. Realmuto            C       6.3    9.6   22   21   34.5   9.3   2.0   8.8
  7   Austin Riley              3B      6.1    9.4   38    2   55.1  -2.4  -2.5   2.0
  8   Jose Ramirez              3B      6.1    9.3   29   20   41.5   6.9  -0.0   2.0
  9   Francisco Lindor          SS      5.8    8.9   26   16   36.8   4.2  -0.1   7.1
  10  Mike Trout                CF      5.8    8.9   40    1   51.8   0.6   1.5   2.3
  11  Trea Turner               SS      5.7    8.8   21   27   41.5   6.0  -6.9   7.1
  12  Nolan Arenado             3B      5.6    8.7   30    5   50.5  -5.9   2.2   1.9

  2021 AL MVP: OHTANI UNANIMOUS
  Rk  Player                    Pos   WAReq  BRAVS   HR   SB    Hit    BR   Fld   Pos
  --------------------------------------------------------------------------------
  1   Shohei Ohtani             DH     10.1   15.5   46   26   55.9  12.4  -0.0  -7.5
  2   Bryan Reynolds            CF      8.7   13.3   24    5   55.7  10.9   3.2   3.0
  3   Cedric Mullins            CF      8.3   12.7   30   30   53.1   9.3   4.4   3.0
  4   Vladimir Guerrero         1B      7.6   11.7   48    4   80.3  -7.1   0.4 -10.2
  5   Trea Turner               SS      7.2   11.1   28   32   58.5   0.8  -3.0   6.6
  6   Bryce Harper              RF      7.0   10.8   35   13   70.9  -2.8  -1.4  -4.5
  7   Juan Soto                 RF      6.9   10.7   29    9   69.8  -7.2   0.3  -4.8
  8   Marcus Semien             2B      6.9   10.6   45   15   55.9   0.8  -2.3   3.1
  9   Jose Ramirez              3B      6.6   10.1   36   27   47.9   6.7  -1.1   1.9
  10  Austin Riley              3B      6.4    9.9   33    0   56.5  -4.5   0.6   2.0
  11  Ozzie Albies              2B      6.0    9.3   30   20   34.8  12.5   0.7   3.0
  12  Brandon Crawford          SS      6.0    9.3   24   11   44.0   2.2   1.6   6.1

  2021 NL MVP: HARPER vs SOTO vs TATIS
  Rk  Player                    Pos   WAReq  BRAVS   HR   SB    Hit    BR   Fld   Pos
  --------------------------------------------------------------------------------
  1   Shohei Ohtani             DH     10.1   15.5   46   26   55.9  12.4  -0.0  -7.5
  2   Bryan Reynolds            CF      8.7   13.3   24    5   55.7  10.9   3.2   3.0
  3   Cedric Mullins            CF      8.3   12.7   30   30   53.1   9.3   4.4   3.0
  4   Vladimir Guerrero         1B      7.6   11.7   48    4   80.3  -7.1   0.4 -10.2
  5   Trea Turner               SS      7.2   11.1   28   32   58.5   0.8  -3.0   6.6
  6   Bryce Harper              RF      7.0   10.8   35   13   70.9  -2.8  -1.4  -4.5
  7   Juan Soto                 RF      6.9   10.7   29    9   69.8  -7.2   0.3  -4.8
  8   Marcus Semien             2B      6.9   10.6   45   15   55.9   0.8  -2.3   3.1
  9   Jose Ramirez              3B      6.6   10.1   36   27   47.9   6.7  -1.1   1.9
  10  Austin Riley              3B      6.4    9.9   33    0   56.5  -4.5   0.6   2.0
  11  Ozzie Albies              2B      6.0    9.3   30   20   34.8  12.5   0.7   3.0
  12  Brandon Crawford          SS      6.0    9.3   24   11   44.0   2.2   1.6   6.1

  2020 AL MVP (60-GAME SEASON)
  Rk  Player                    Pos   WAReq  BRAVS   HR   SB    Hit    BR   Fld   Pos
  --------------------------------------------------------------------------------

  2020 NL MVP (60-GAME SEASON)
  Rk  Player                    Pos   WAReq  BRAVS   HR   SB    Hit    BR   Fld   Pos
  --------------------------------------------------------------------------------

  2019 AL MVP: TROUT vs BREGMAN
  Rk  Player                    Pos   WAReq  BRAVS   HR   SB    Hit    BR   Fld   Pos
  --------------------------------------------------------------------------------
  1   Alex Bregman              3B      8.8   13.6   41    5   79.2  -0.2   0.6   1.9
  2   Ketel Marte               CF      8.6   13.2   32   10   65.4  13.9   0.6   2.6
  3   Marcus Semien             SS      8.2   12.6   33   10   60.0   5.9   2.0   6.8
  4   Mike Trout                CF      8.1   12.5   45   11   72.5   2.1   2.4   2.4
  5   Trevor Story              SS      7.9   12.1   35   23   56.9   7.3   5.8   6.0
  6   Anthony Rendon            3B      7.5   11.5   34    5   69.2   0.1  -0.4   1.7
  7   Christian Yelich          RF      7.3   11.2   44   30   71.6   5.8  -0.8  -3.9
  8   Cody Bellinger            RF      7.1   10.9   47   15   68.3   1.1   0.4  -4.6
  9   Ozzie Albies              2B      7.0   10.7   24   15   45.0  13.5   2.3   2.9
  10  Nolan Arenado             3B      6.9   10.6   41    3   60.0  -3.3   5.4   1.8
  11  Juan Soto                 LF      6.8   10.4   34   12   62.8   6.0  -0.8  -4.5
  12  Mookie Betts              RF      6.7   10.2   29   16   59.3   5.5   1.6  -4.5

  2019 NL MVP: BELLINGER vs YELICH
  Rk  Player                    Pos   WAReq  BRAVS   HR   SB    Hit    BR   Fld   Pos
  --------------------------------------------------------------------------------
  1   Alex Bregman              3B      8.8   13.6   41    5   79.2  -0.2   0.6   1.9
  2   Ketel Marte               CF      8.6   13.2   32   10   65.4  13.9   0.6   2.6
  3   Marcus Semien             SS      8.2   12.6   33   10   60.0   5.9   2.0   6.8
  4   Mike Trout                CF      8.1   12.5   45   11   72.5   2.1   2.4   2.4
  5   Trevor Story              SS      7.9   12.1   35   23   56.9   7.3   5.8   6.0
  6   Anthony Rendon            3B      7.5   11.5   34    5   69.2   0.1  -0.4   1.7
  7   Christian Yelich          RF      7.3   11.2   44   30   71.6   5.8  -0.8  -3.9
  8   Cody Bellinger            RF      7.1   10.9   47   15   68.3   1.1   0.4  -4.6
  9   Ozzie Albies              2B      7.0   10.7   24   15   45.0  13.5   2.3   2.9
  10  Nolan Arenado             3B      6.9   10.6   41    3   60.0  -3.3   5.4   1.8
  11  Juan Soto                 LF      6.8   10.4   34   12   62.8   6.0  -0.8  -4.5
  12  Mookie Betts              RF      6.7   10.2   29   16   59.3   5.5   1.6  -4.5

  2018 AL MVP: BETTS vs TROUT
  Rk  Player                    Pos   WAReq  BRAVS   HR   SB    Hit    BR   Fld   Pos
  --------------------------------------------------------------------------------
  1   Mookie Betts              RF      9.5   14.6   32   30   81.2   9.4   1.0  -4.2
  2   Mike Trout                CF      9.5   14.6   39   24   73.1   8.5   1.7   2.6
  3   Christian Yelich          LF      8.7   13.4   36   22   75.1   9.2  -0.8  -4.6
  4   Trevor Story              SS      8.3   12.7   37   27   55.9   7.7   3.1   6.8
  5   Jose Ramirez              3B      7.9   12.2   39   34   60.2   9.1  -3.4   1.9
  6   Alex Bregman              3B      7.3   11.2   31   10   67.3  -5.2  -1.3   1.9
  7   Javier Baez               2B      7.3   11.2   34   21   44.7  12.0   4.4   3.0
  8   Charlie Blackmon          CF      7.1   11.0   29   12   51.2   8.7  -0.2   2.9
  9   Francisco Lindor          SS      7.0   10.8   38   25   53.9   0.1  -0.4   6.9
  10  Manny Machado             SS      6.8   10.5   37   14   52.3  -4.1   2.9   7.0
  11  Nolan Arenado             3B      6.8   10.4   38    2   58.9  -4.3   2.4   1.9
  12  Paul Goldschmidt          1B      6.7   10.3   33    7   59.9   5.2   3.2  -9.8

  2018 NL MVP: YELICH vs BAEZ
  Rk  Player                    Pos   WAReq  BRAVS   HR   SB    Hit    BR   Fld   Pos
  --------------------------------------------------------------------------------
  1   Mookie Betts              RF      9.5   14.6   32   30   81.2   9.4   1.0  -4.2
  2   Mike Trout                CF      9.5   14.6   39   24   73.1   8.5   1.7   2.6
  3   Christian Yelich          LF      8.7   13.4   36   22   75.1   9.2  -0.8  -4.6
  4   Trevor Story              SS      8.3   12.7   37   27   55.9   7.7   3.1   6.8
  5   Jose Ramirez              3B      7.9   12.2   39   34   60.2   9.1  -3.4   1.9
  6   Alex Bregman              3B      7.3   11.2   31   10   67.3  -5.2  -1.3   1.9
  7   Javier Baez               2B      7.3   11.2   34   21   44.7  12.0   4.4   3.0
  8   Charlie Blackmon          CF      7.1   11.0   29   12   51.2   8.7  -0.2   2.9
  9   Francisco Lindor          SS      7.0   10.8   38   25   53.9   0.1  -0.4   6.9
  10  Manny Machado             SS      6.8   10.5   37   14   52.3  -4.1   2.9   7.0
  11  Nolan Arenado             3B      6.8   10.4   38    2   58.9  -4.3   2.4   1.9
  12  Paul Goldschmidt          1B      6.7   10.3   33    7   59.9   5.2   3.2  -9.8

  2025 AL MVP RACE (FULL SEASON)
  Rk  Player                    Pos   WAReq  BRAVS   HR   SB    Hit    BR   Fld   Pos
  --------------------------------------------------------------------------------
  1   Shohei Ohtani             DH     10.8   16.6   55   20   75.1  13.9   0.0  -7.4
  2   Aaron Judge               RF      8.9   13.7   53   12   87.0  -3.3   0.1  -4.7
  3   Corbin Carroll            RF      8.5   13.1   31   32   47.6  33.2   0.7  -4.4
  4   Geraldo Perdomo           SS      8.1   12.4   20   27   54.1   6.5   1.1   7.0
  5   Cal Raleigh               C       8.0   12.3   60   14   59.7  -3.2   1.4   9.9
  6   Bobby Witt                SS      7.2   11.1   23   38   44.2  10.1   1.7   6.8
  7   Juan Soto                 RF      6.2    9.6   43   38   60.8  -0.8  -2.6  -5.0
  8   Trea Turner               SS      6.2    9.5   15   36   38.6  11.2   0.6   6.1
  9   Byron Buxton              CF      6.0    9.3   35   24   37.2  16.7   2.1   2.3
  10  Gunnar Henderson          SS      6.0    9.2   17   30   31.8   8.7   5.1   6.7
  11  Kyle Schwarber            DH      6.0    9.2   56   10   64.6   1.8  -0.1 -15.1
  12  Francisco Lindor          SS      5.8    9.0   31   31   43.3  -2.5   2.2   7.0

  2025 NL MVP RACE (FULL SEASON)
  Rk  Player                    Pos   WAReq  BRAVS   HR   SB    Hit    BR   Fld   Pos
  --------------------------------------------------------------------------------
  1   Shohei Ohtani             DH     10.8   16.6   55   20   75.1  13.9   0.0  -7.4
  2   Aaron Judge               RF      8.9   13.7   53   12   87.0  -3.3   0.1  -4.7
  3   Corbin Carroll            RF      8.5   13.1   31   32   47.6  33.2   0.7  -4.4
  4   Geraldo Perdomo           SS      8.1   12.4   20   27   54.1   6.5   1.1   7.0
  5   Cal Raleigh               C       8.0   12.3   60   14   59.7  -3.2   1.4   9.9
  6   Bobby Witt                SS      7.2   11.1   23   38   44.2  10.1   1.7   6.8
  7   Juan Soto                 RF      6.2    9.6   43   38   60.8  -0.8  -2.6  -5.0
  8   Trea Turner               SS      6.2    9.5   15   36   38.6  11.2   0.6   6.1
  9   Byron Buxton              CF      6.0    9.3   35   24   37.2  16.7   2.1   2.3
  10  Gunnar Henderson          SS      6.0    9.2   17   30   31.8   8.7   5.1   6.7
  11  Kyle Schwarber            DH      6.0    9.2   56   10   64.6   1.8  -0.1 -15.1
  12  Francisco Lindor          SS      5.8    9.0   31   31   43.3  -2.5   2.2   7.0

  2025 AL CY YOUNG
  Rk  Player                        IP WAReq  BRAVS  PitRns   Lev
  -----------------------------------------------------------------
  1   Logan Webb                   207   7.4   11.3    63.1   2.0
  2   Cristopher Sanchez           202   7.3   11.2    62.7   1.9
  3   Tarik Skubal                 195   7.3   11.2    62.8   1.9
  4   Paul Skenes                  188   7.2   11.1    62.1   1.9
  5   Garrett Crochet              205   6.5   10.0    56.2   1.7
  6   Jesus Luzardo                184   5.8    8.9    50.0   1.5
  7   Max Fried                    195   5.8    8.8    49.5   1.5
  8   Yoshinobu Yamamoto           174   5.4    8.2    46.4   1.4
  9   Hunter Brown                 185   5.3    8.1    45.5   1.4
  10  Framber Valdez               192   4.9    7.5    42.2   1.3

  2025 NL CY YOUNG
  Rk  Player                        IP WAReq  BRAVS  PitRns   Lev
  -----------------------------------------------------------------
  1   Logan Webb                   207   7.4   11.3    63.1   2.0
  2   Cristopher Sanchez           202   7.3   11.2    62.7   1.9
  3   Tarik Skubal                 195   7.3   11.2    62.8   1.9
  4   Paul Skenes                  188   7.2   11.1    62.1   1.9
  5   Garrett Crochet              205   6.5   10.0    56.2   1.7
  6   Jesus Luzardo                184   5.8    8.9    50.0   1.5
  7   Max Fried                    195   5.8    8.8    49.5   1.5
  8   Yoshinobu Yamamoto           174   5.4    8.2    46.4   1.4
  9   Hunter Brown                 185   5.3    8.1    45.5   1.4
  10  Framber Valdez               192   4.9    7.5    42.2   1.3

=====================================================================================
  BEST SEASONS OF THE 2020s (2020-2025)
=====================================================================================
  Rk  Player                     YearPos   WAReq   HR   SB
  ----------------------------------------------------------
  1   Shohei Ohtani              2022 DH    11.5   34   11
  2   Aaron Judge                2024 CF    11.4   58   10
  3   Bobby Witt                 2024 SS    10.9   32   31
  4   Shohei Ohtani              2025 DH    10.8   55   20
  5   Aaron Judge                2022 CF    10.6   62   16
  6   Shohei Ohtani              2021 DH    10.1   46   26
  7   Shohei Ohtani              2023 DH    10.0   44   20
  8   Shohei Ohtani              2024 DH     9.9   54   59
  9   Ronald Acuńa               2023 RF     9.8   41   73
  10  Gunnar Henderson           2024 SS     9.1   37   21
  11  Aaron Judge                2025 RF     8.9   53   12
  12  Juan Soto                  2024 RF     8.9   41    7
  13  Jarren Duran               2024 CF     8.7   21   34
  14  Bryan Reynolds             2021 CF     8.7   24    5
  15  Corbin Carroll             2025 RF     8.5   31   32
  16  Cedric Mullins             2021 CF     8.3   30   30
  17  Geraldo Perdomo            2025 SS     8.1   20   27
  18  Cal Raleigh                2025 C      8.0   60   14
  19  Mookie Betts               2023 RF     7.8   39   14
  20  Vladimir Guerrero          2021 1B     7.6   48    4

  BEST PITCHING SEASONS 2020s:
  1   Shohei Ohtani              2022   166IP   11.5 WAReq
  2   Shohei Ohtani              2021   130IP   10.1 WAReq
  3   Shohei Ohtani              2023   132IP   10.0 WAReq
  4   Corbin Burnes              2021   167IP    8.2 WAReq
  5   Zack Wheeler               2021   213IP    7.7 WAReq
  6   Aaron Nola                 2022   205IP    7.6 WAReq
  7   Logan Webb                 2025   207IP    7.4 WAReq
  8   Carlos Rodon               2022   178IP    7.3 WAReq
  9   Chris Sale                 2024   178IP    7.3 WAReq
  10  Cristopher Sanchez         2025   202IP    7.3 WAReq
  11  Tarik Skubal               2025   195IP    7.3 WAReq
  12  Sandy Alcantara            2022   229IP    7.2 WAReq
  13  Paul Skenes                2025   188IP    7.2 WAReq
  14  Tarik Skubal               2024   192IP    7.0 WAReq
  15  Kevin Gausman              2022   175IP    6.9 WAReq

=====================================================================================
  BIGGEST MVP SNUBS 2018-2025 (highest WAR-eq who didnt win)
=====================================================================================
  2018 NL: Mookie Betts (9.5) > actual winner Christian Yelich (8.7)  gap: +0.8
  2019 AL: Alex Bregman (8.8) > actual winner Mike Trout (8.1)  gap: +0.7
  2019 NL: Alex Bregman (8.8) > actual winner Cody Bellinger (7.1)  gap: +1.8
  2021 NL: Shohei Ohtani (10.1) > actual winner Bryce Harper (7.0)  gap: +3.0
  2022 AL: Shohei Ohtani (11.5) > actual winner Aaron Judge (10.6)  gap: +0.9
  2024 NL: Aaron Judge (11.4) > actual winner Shohei Ohtani (9.9)  gap: +1.5
  2025 AL: Shohei Ohtani (10.8) > actual winner Aaron Judge (8.9)  gap: +1.8

=====================================================================================
  DONE
=====================================================================================
