==========================================================================================
  STEROID ERA ANALYSIS: DOES BRAVS HANDLE JUICED SEASONS DIFFERENTLY?
==========================================================================================

  SUSPECTED PED USERS (PEAK SEASONS)
  Player                          BRAVS  ErStd  WAReq  Hitting    AQI
  ----------------------------------------------------------------------
  Bonds 2001 (73 HR)               26.6   26.1   16.5   +152.4   -0.0
  Bonds 2004 (232 BB)              24.1   23.7   14.9   +138.6   +2.3
  McGwire 1998 (70 HR)             18.3   18.6   11.3   +114.8   -0.5
  Sosa 1998 (66 HR)                11.9   12.4    7.4    +76.1   -1.9
  A-Rod 2002 (57 HR, SS)           14.7   15.3    9.1    +74.7   -1.0
  Clemens 1997 (CYA)               12.8   13.6    8.0    +76.8   +0.0

  CLEAN COMPARABLES (PEAK SEASONS)
  Player                          BRAVS  ErStd  WAReq  Hitting    AQI
  ----------------------------------------------------------------------
  Griffey 1997 (56 HR)             15.8   15.9    9.8    +84.3   -1.1
  Thomas 1994 (.487 OBP)           13.3   13.8    8.3    +81.6   -0.0
  Trout 2012 (rookie)              14.6   13.8    9.0    +72.5   -1.3
  Pujols 2006 (MVP)                12.9   13.3    8.0    +86.2   +0.0
  Maddux 1995 (CYA)                11.1   11.6    6.9    +67.4   +0.0
  Pedro 2000 (1.74 ERA)            11.3   12.7    7.0    +73.0   +0.0

==========================================================================================
  ANALYSIS
==========================================================================================

  Average BRAVS (steroid peak):  18.1
  Average BRAVS (clean peak):    13.2
  Difference:                    +4.9

  KEY OBSERVATIONS:

  1. BRAVS DOESN'T KNOW WHO USED STEROIDS. It values what happened on
     the field. Bonds 2001/2004 and A-Rod 2002 score extremely high
     because they genuinely produced extraordinary results.

  2. THE RUN ENVIRONMENT MATTERS. The late 1990s had league-average
     RPG of 4.8-5.1 (the highest since the 1930s). This means each
     run was worth FEWER wins via the dynamic RPW. Steroid-era home
     run records are partially deflated by the high-scoring context.

  3. A-ROD 2002 AT SS IS REMARKABLE. 57 HR from a shortstop gets the
     +7.5 positional adjustment — the combination of elite power and
     a premium position is almost unprecedented.

  4. McGWIRE'S 1B PENALTY HURTS. Despite 70 HR, his -12.5 positional
     adjustment and 155 K dampen his BRAVS relative to his raw stats.
     Playing 1B means your bat has to be historically great just to
     break even on positional value.

  5. CLEAN PLAYERS COMPETE. Griffey (56 HR as CF), Thomas (.487 OBP),
     Trout (49 SB as rookie), Pedro (1.74 ERA) — elite clean seasons
     produce comparable BRAVS to steroid peaks. The gap exists but
     it's not as large as the home run totals suggest, because BRAVS
     captures the full picture (defense, baserunning, position, walks)
     rather than just counting stats.

  BRAVS'S POSITION: The metric is agnostic about PEDs. It measures
  on-field production. The steroid debate is a moral and rules question,
  not a measurement question. BRAVS answers "how much value did this
  player create?" not "should this player be in the Hall of Fame?"

