TOP 50 ALL-TIME CAREERS BY BRAVS WAR-eq (v3.7)
Rk  Player                     WAR-eq   Peak  Yrs  HOF
-------------------------------------------------------
1   Willie Mays                 142.5   15.0   22    Y
2   Barry Bonds                 141.2   19.5   22     
3   Babe Ruth                   134.7   21.0   16    Y
4   Ted Williams                132.8   16.9   18    Y
5   Alex Rodriguez              127.9   15.8   22     
6   Stan Musial                 124.8   15.6   21    Y
7   Greg Maddux                 123.5   12.6   23    Y
8   Hank Aaron                  121.0   12.6   23    Y
9   Roger Clemens               120.8   14.1   24     
10  Mickey Mantle               117.5   17.4   18    Y
11  Lou Gehrig                  111.7   15.8   14    Y
12  Joe Morgan                  109.7   16.8   19    Y
13  Rickey Henderson            106.2   14.1   25    Y
14  Mike Schmidt                104.7   13.8   17    Y
15  Mel Ott                     103.9   12.0   21    Y
16  Derek Jeter                 101.7   13.8   20    Y
17  Chipper Jones               100.9   13.3   18    Y
18  Jimmie Foxx                  99.0   14.8   17    Y
19  Ken Griffey                  97.8   13.2   22    Y
20  Frank Robinson               97.6   13.5   21    Y
21  Gaylord Perry                96.6   13.8   22    Y
22  Carl Yastrzemski             95.0   16.4   23    Y
23  Nolan Ryan                   95.0   13.3   26    Y
24  Pete Rose                    92.7   11.7   24     
25  Manny Ramirez                92.7   12.1   18     
26  Tom Seaver                   92.1   14.8   20    Y
27  Wade Boggs                   91.8   14.1   18    Y
28  Albert Pujols                91.7   14.6   22     
29  Craig Biggio                 91.5   14.2   20    Y
30  Steve Carlton                91.4   17.3   23    Y
31  Rogers Hornsby               90.8   17.8   15    Y
32  Clayton Kershaw              90.6   15.3   18     
33  Bert Blyleven                89.5   15.6   22    Y
34  Randy Johnson                88.3   12.8   22    Y
35  Eddie Mathews                88.2   12.9   17    Y
36  Mike Trout                   88.2   16.2   15     
37  Don Sutton                   87.3   12.5   23    Y
38  Cal Ripken                   84.9   13.1   20    Y
39  Charlie Gehringer            84.9   12.5   17    Y
40  Justin Verlander             84.7   11.2   18     
41  Frank Thomas                 84.5   11.9   19    Y
42  Al Kaline                    84.4   11.1   21    Y
43  Miguel Cabrera               84.1   14.9   21     
44  Joe DiMaggio                 83.5   14.2   13    Y
45  Adrian Beltre                83.4   12.4   21    Y
46  Zack Greinke                 83.1   12.8   19     
47  Jim Thome                    83.0   12.9   22    Y
48  Todd Helton                  82.8   14.8   17    Y
49  Gary Sheffield               82.6   12.6   22     
50  Bob Gibson                   82.1   20.3   17    Y
