====================================================================================
  TRADE ANALYZER: FAMOUS TRADES EVALUATED BY BRAVS
====================================================================================

  ================================================================================
  The Curse of the Bambino
  January 3, 1920: Red Sox sell Babe Ruth to Yankees
  ================================================================================

  New York Yankees received:
    Babe Ruth                    age 25  peak  22.0  actual post-trade:  180.0 BRAVS

  Boston Red Sox received:
    $100,000 cash + loan         age  0  peak   0.0  actual post-trade:    0.0 BRAVS

  New York Yankees total:  180.0 BRAVS post-trade
  Boston Red Sox total:    0.0 BRAVS post-trade
  Winner: New York Yankees by 180.0 BRAVS

  ================================================================================
  Bagwell for Andersen
  August 31, 1990: Red Sox trade Jeff Bagwell to Astros for Larry Andersen
  ================================================================================

  Houston Astros received:
    Jeff Bagwell                 age 22  peak   0.0  actual post-trade:   80.0 BRAVS

  Boston Red Sox received:
    Larry Andersen               age 37  peak   3.0  actual post-trade:    0.5 BRAVS

  Houston Astros total:   80.0 BRAVS post-trade
  Boston Red Sox total:    0.5 BRAVS post-trade
  Winner: Houston Astros by 79.5 BRAVS

  ================================================================================
  Sosa for Baines and a Bag of Balls
  July 29, 1989: Rangers trade Sammy Sosa to White Sox for Harold Baines
  ================================================================================

  Chicago White Sox received:
    Sammy Sosa                   age 20  peak   0.0  actual post-trade:   55.0 BRAVS

  Texas Rangers received:
    Harold Baines                age 30  peak   5.0  actual post-trade:   12.0 BRAVS
    Fred Manrique                age 28  peak   1.0  actual post-trade:    1.0 BRAVS

  Chicago White Sox total:   55.0 BRAVS post-trade
  Texas Rangers total:   13.0 BRAVS post-trade
  Winner: Chicago White Sox by 42.0 BRAVS

  ================================================================================
  Pedro for DeShields
  November 19, 1993: Dodgers trade Pedro Martinez to Expos for Delino DeShields
  ================================================================================

  Montreal Expos received:
    Pedro Martinez               age 22  peak   0.0  actual post-trade:   95.0 BRAVS

  Los Angeles Dodgers received:
    Delino DeShields             age 25  peak   5.0  actual post-trade:    8.0 BRAVS

  Montreal Expos total:   95.0 BRAVS post-trade
  Los Angeles Dodgers total:    8.0 BRAVS post-trade
  Winner: Montreal Expos by 87.0 BRAVS

  ================================================================================
  Ryan Express Goes West
  December 10, 1971: Mets trade Nolan Ryan to Angels for Jim Fregosi
  ================================================================================

  California Angels received:
    Nolan Ryan                   age 25  peak   5.0  actual post-trade:   65.0 BRAVS

  New York Mets received:
    Jim Fregosi                  age 30  peak   3.0  actual post-trade:    2.0 BRAVS

  California Angels total:   65.0 BRAVS post-trade
  New York Mets total:    2.0 BRAVS post-trade
  Winner: California Angels by 63.0 BRAVS

  ================================================================================
  Mookie Betts to LA
  February 10, 2020: Red Sox trade Mookie Betts to Dodgers
  ================================================================================

  Los Angeles Dodgers received:
    Mookie Betts                 age 27  peak  13.0  actual post-trade:   55.0 BRAVS
    David Price                  age 34  peak   5.0  actual post-trade:    5.0 BRAVS

  Boston Red Sox received:
    Alex Verdugo                 age 24  peak   4.0  actual post-trade:   10.0 BRAVS
    Jeter Downs                  age 21  peak   0.0  actual post-trade:    0.5 BRAVS
    Connor Wong                  age 24  peak   0.0  actual post-trade:    3.0 BRAVS

  Los Angeles Dodgers total:   60.0 BRAVS post-trade
  Boston Red Sox total:   13.5 BRAVS post-trade
  Winner: Los Angeles Dodgers by 46.5 BRAVS


  ================================================================================
  LESSONS FROM BRAVS TRADE ANALYSIS
  ================================================================================

  1. YOUNG STAR TALENT IS ALMOST ALWAYS WORTH MORE THAN OLD VETS
     Ruth, Bagwell, Sosa, Pedro, Ryan — every time a team trades
     a young player with star potential for a veteran, it loses.
     The aging curve makes young players exponentially more valuable
     because they have more peak years ahead.

  2. PITCHERS ARE ESPECIALLY DANGEROUS TO TRADE YOUNG
     Pedro at 22 had 95+ BRAVS ahead of him. Ryan at 25 had 65+.
     Young arms with elite stuff are the most undervalued asset
     in baseball because their upside extends over a decade+.

  3. CASH HAS ZERO BRAVS
     The Ruth trade is the ultimate lesson. $100,000 produced exactly
     0.0 BRAVS. Ruth produced ~180. Financial considerations should
     never outweigh talent considerations for contending teams.

  4. THE BETTS TRADE WAS LOPSIDED EVEN BY MODERN STANDARDS
     60+ BRAVS for ~13.5 BRAVS. The Dodgers won a World Series.
     The Red Sox got a replacement-level outfielder and two minors.

